{"name":"TUG_logs","hostname":"ishika-Latitude-7480","pid":241653,"level":30,"msg":"Database successfully connected.","time":"2023-06-07T06:43:54.667Z","src":{"file":"/home/ishika/Documents/thereugo-app/src/database/dbconnection.ts","line":46},"v":0}
{"name":"TUG_logs","hostname":"ishika-Latitude-7480","pid":241653,"level":30,"msg":"Coupons Migration run successfully","time":"2023-06-07T06:43:54.869Z","src":{"file":"/home/ishika/Documents/thereugo-app/src/migrations/20230607054122-coupons.js","line":107},"v":0}
{"name":"TUG_logs","hostname":"ishika-Latitude-7480","pid":241653,"level":30,"msg":"All migrations performed successfully.","time":"2023-06-07T06:43:54.887Z","src":{"file":"/home/ishika/Documents/thereugo-app/src/database/dbconnection.ts","line":50},"v":0}
{"name":"TUG_logs","hostname":"ishika-Latitude-7480","pid":241653,"level":30,"msg":"Data seed successfull. ","time":"2023-06-07T06:43:54.895Z","src":{"file":"/home/ishika/Documents/thereugo-app/src/database/dbconnection.ts","line":53},"v":0}
{"name":"TUG_logs","hostname":"ishika-Latitude-7480","pid":242570,"level":30,"msg":"Database successfully connected.","time":"2023-06-07T06:45:41.175Z","src":{"file":"/home/ishika/Documents/thereugo-app/src/database/dbconnection.ts","line":46},"v":0}
{"name":"TUG_logs","hostname":"ishika-Latitude-7480","pid":242570,"level":30,"msg":"End user Migration run successfully","time":"2023-06-07T06:45:41.400Z","src":{"file":"/home/ishika/Documents/thereugo-app/src/migrations/20230606045113-endUsers.js","line":107},"v":0}
{"name":"TUG_logs","hostname":"ishika-Latitude-7480","pid":242570,"level":30,"msg":"Tenant Migration run successfully","time":"2023-06-07T06:45:41.539Z","src":{"file":"/home/ishika/Documents/thereugo-app/src/migrations/20230606054740-tenants.js","line":119},"v":0}
{"name":"TUG_logs","hostname":"ishika-Latitude-7480","pid":242570,"level":30,"msg":"Tenant users Migration run successfully","time":"2023-06-07T06:45:41.695Z","src":{"file":"/home/ishika/Documents/thereugo-app/src/migrations/20230606055902-tenantUsers.js","line":112},"v":0}
{"name":"TUG_logs","hostname":"ishika-Latitude-7480","pid":242570,"level":30,"msg":"Tenant-enduser Migration run successfully","time":"2023-06-07T06:45:41.874Z","src":{"file":"/home/ishika/Documents/thereugo-app/src/migrations/20230606061204-tenantEndUsers.js","line":71},"v":0}
{"name":"TUG_logs","hostname":"ishika-Latitude-7480","pid":242570,"level":30,"msg":"Coupons Migration run successfully","time":"2023-06-07T06:45:42.003Z","src":{"file":"/home/ishika/Documents/thereugo-app/src/migrations/20230607054122-coupons.js","line":107},"v":0}
{"name":"TUG_logs","hostname":"ishika-Latitude-7480","pid":242570,"level":30,"msg":"All migrations performed successfully.","time":"2023-06-07T06:45:42.024Z","src":{"file":"/home/ishika/Documents/thereugo-app/src/database/dbconnection.ts","line":50},"v":0}
{"name":"TUG_logs","hostname":"ishika-Latitude-7480","pid":242570,"level":30,"msg":"tugo tenant seeder run successfully","time":"2023-06-07T06:45:42.156Z","src":{"file":"/home/ishika/Documents/thereugo-app/src/seeders/20230606070252-tugo-tenant.js","line":25},"v":0}
{"name":"TUG_logs","hostname":"ishika-Latitude-7480","pid":242570,"level":30,"msg":"super admin seeder run successfully","time":"2023-06-07T06:45:42.945Z","src":{"file":"/home/ishika/Documents/thereugo-app/src/seeders/20230606074606-superAdmin.js","line":30},"v":0}
{"name":"TUG_logs","hostname":"ishika-Latitude-7480","pid":242570,"level":30,"msg":"demo user seeder run successfully","time":"2023-06-07T06:45:43.068Z","src":{"file":"/home/ishika/Documents/thereugo-app/src/seeders/20230606080127-demo-user.js","line":39},"v":0}
{"name":"TUG_logs","hostname":"ishika-Latitude-7480","pid":242570,"level":30,"msg":"Data seed successfull. ","time":"2023-06-07T06:45:43.077Z","src":{"file":"/home/ishika/Documents/thereugo-app/src/database/dbconnection.ts","line":53},"v":0}
{"name":"TUG_logs","hostname":"ishika-Latitude-7480","pid":242833,"level":30,"msg":"Database successfully connected.","time":"2023-06-07T06:46:12.643Z","src":{"file":"/home/ishika/Documents/thereugo-app/src/database/dbconnection.ts","line":46},"v":0}
{"name":"TUG_logs","hostname":"ishika-Latitude-7480","pid":242833,"level":30,"msg":"End user Migration run successfully","time":"2023-06-07T06:46:12.983Z","src":{"file":"/home/ishika/Documents/thereugo-app/src/migrations/20230606045113-endUsers.js","line":107},"v":0}
{"name":"TUG_logs","hostname":"ishika-Latitude-7480","pid":242833,"level":30,"msg":"Tenant Migration run successfully","time":"2023-06-07T06:46:13.213Z","src":{"file":"/home/ishika/Documents/thereugo-app/src/migrations/20230606054740-tenants.js","line":119},"v":0}
{"name":"TUG_logs","hostname":"ishika-Latitude-7480","pid":242833,"level":30,"msg":"Tenant users Migration run successfully","time":"2023-06-07T06:46:13.368Z","src":{"file":"/home/ishika/Documents/thereugo-app/src/migrations/20230606055902-tenantUsers.js","line":112},"v":0}
{"name":"TUG_logs","hostname":"ishika-Latitude-7480","pid":242833,"level":30,"msg":"Tenant-enduser Migration run successfully","time":"2023-06-07T06:46:13.531Z","src":{"file":"/home/ishika/Documents/thereugo-app/src/migrations/20230606061204-tenantEndUsers.js","line":71},"v":0}
{"name":"TUG_logs","hostname":"ishika-Latitude-7480","pid":242833,"level":30,"msg":"Coupons Migration run successfully","time":"2023-06-07T06:46:13.688Z","src":{"file":"/home/ishika/Documents/thereugo-app/src/migrations/20230607054122-coupons.js","line":107},"v":0}
{"name":"TUG_logs","hostname":"ishika-Latitude-7480","pid":242833,"level":30,"msg":"All migrations performed successfully.","time":"2023-06-07T06:46:13.702Z","src":{"file":"/home/ishika/Documents/thereugo-app/src/database/dbconnection.ts","line":50},"v":0}
{"name":"TUG_logs","hostname":"ishika-Latitude-7480","pid":242833,"level":30,"msg":"tugo tenant seeder run successfully","time":"2023-06-07T06:46:13.841Z","src":{"file":"/home/ishika/Documents/thereugo-app/src/seeders/20230606070252-tugo-tenant.js","line":25},"v":0}
{"name":"TUG_logs","hostname":"ishika-Latitude-7480","pid":242833,"level":30,"msg":"super admin seeder run successfully","time":"2023-06-07T06:46:14.444Z","src":{"file":"/home/ishika/Documents/thereugo-app/src/seeders/20230606074606-superAdmin.js","line":30},"v":0}
{"name":"TUG_logs","hostname":"ishika-Latitude-7480","pid":242833,"level":30,"msg":"demo user seeder run successfully","time":"2023-06-07T06:46:14.562Z","src":{"file":"/home/ishika/Documents/thereugo-app/src/seeders/20230606080127-demo-user.js","line":39},"v":0}
{"name":"TUG_logs","hostname":"ishika-Latitude-7480","pid":242833,"level":30,"msg":"Data seed successfull. ","time":"2023-06-07T06:46:14.570Z","src":{"file":"/home/ishika/Documents/thereugo-app/src/database/dbconnection.ts","line":53},"v":0}
{"name":"TUG_logs","hostname":"ishika-Latitude-7480","pid":248551,"level":30,"msg":"Database successfully connected.","time":"2023-06-07T12:30:20.983Z","src":{"file":"/home/ishika/Documents/thereugo-app/src/database/dbconnection.ts","line":46},"v":0}
{"name":"TUG_logs","hostname":"ishika-Latitude-7480","pid":248551,"level":30,"msg":"End user Migration run successfully","time":"2023-06-07T12:30:21.220Z","src":{"file":"/home/ishika/Documents/thereugo-app/src/migrations/20230606045113-endUsers.js","line":107},"v":0}
{"name":"TUG_logs","hostname":"ishika-Latitude-7480","pid":248551,"level":30,"msg":"Tenant Migration run successfully","time":"2023-06-07T12:30:21.367Z","src":{"file":"/home/ishika/Documents/thereugo-app/src/migrations/20230606054740-tenants.js","line":119},"v":0}
{"name":"TUG_logs","hostname":"ishika-Latitude-7480","pid":248551,"level":30,"msg":"Tenant users Migration run successfully","time":"2023-06-07T12:30:21.497Z","src":{"file":"/home/ishika/Documents/thereugo-app/src/migrations/20230606055902-tenantUsers.js","line":112},"v":0}
{"name":"TUG_logs","hostname":"ishika-Latitude-7480","pid":248551,"level":30,"msg":"Tenant-enduser Migration run successfully","time":"2023-06-07T12:30:21.637Z","src":{"file":"/home/ishika/Documents/thereugo-app/src/migrations/20230606061204-tenantEndUsers.js","line":71},"v":0}
{"name":"TUG_logs","hostname":"ishika-Latitude-7480","pid":248551,"level":30,"msg":"All migrations performed successfully.","time":"2023-06-07T12:30:21.646Z","src":{"file":"/home/ishika/Documents/thereugo-app/src/database/dbconnection.ts","line":50},"v":0}
{"name":"TUG_logs","hostname":"ishika-Latitude-7480","pid":248551,"level":30,"msg":"tugo tenant seeder run successfully","time":"2023-06-07T12:30:21.765Z","src":{"file":"/home/ishika/Documents/thereugo-app/src/seeders/20230606070252-tugo-tenant.js","line":25},"v":0}
{"name":"TUG_logs","hostname":"ishika-Latitude-7480","pid":248551,"level":30,"msg":"super admin seeder run successfully","time":"2023-06-07T12:30:22.348Z","src":{"file":"/home/ishika/Documents/thereugo-app/src/seeders/20230606074606-superAdmin.js","line":30},"v":0}
{"name":"TUG_logs","hostname":"ishika-Latitude-7480","pid":248551,"level":30,"msg":"demo user seeder run successfully","time":"2023-06-07T12:30:22.456Z","src":{"file":"/home/ishika/Documents/thereugo-app/src/seeders/20230606080127-demo-user.js","line":39},"v":0}
{"name":"TUG_logs","hostname":"ishika-Latitude-7480","pid":248551,"level":30,"msg":"Data seed successfull. ","time":"2023-06-07T12:30:22.464Z","src":{"file":"/home/ishika/Documents/thereugo-app/src/database/dbconnection.ts","line":53},"v":0}
{"name":"TUG_logs","hostname":"ishika-Latitude-7480","pid":249267,"level":30,"msg":"Database successfully connected.","time":"2023-06-07T12:32:32.202Z","src":{"file":"/home/ishika/Documents/thereugo-app/src/database/dbconnection.ts","line":46},"v":0}
{"name":"TUG_logs","hostname":"ishika-Latitude-7480","pid":249267,"level":30,"msg":"All migrations performed successfully.","time":"2023-06-07T12:32:32.232Z","src":{"file":"/home/ishika/Documents/thereugo-app/src/database/dbconnection.ts","line":50},"v":0}
{"name":"TUG_logs","hostname":"ishika-Latitude-7480","pid":249267,"level":30,"msg":"Data seed successfull. ","time":"2023-06-07T12:32:32.243Z","src":{"file":"/home/ishika/Documents/thereugo-app/src/database/dbconnection.ts","line":53},"v":0}
{"name":"TUG_logs","hostname":"ishika-Latitude-7480","pid":249405,"level":30,"msg":"Database successfully connected.","time":"2023-06-07T12:32:51.136Z","src":{"file":"/home/ishika/Documents/thereugo-app/src/database/dbconnection.ts","line":46},"v":0}
{"name":"TUG_logs","hostname":"ishika-Latitude-7480","pid":249405,"level":30,"msg":"All migrations performed successfully.","time":"2023-06-07T12:32:51.168Z","src":{"file":"/home/ishika/Documents/thereugo-app/src/database/dbconnection.ts","line":50},"v":0}
{"name":"TUG_logs","hostname":"ishika-Latitude-7480","pid":249405,"level":30,"msg":"Data seed successfull. ","time":"2023-06-07T12:32:51.180Z","src":{"file":"/home/ishika/Documents/thereugo-app/src/database/dbconnection.ts","line":53},"v":0}
{"name":"TUG_logs","hostname":"ishika-Latitude-7480","pid":249546,"level":30,"msg":"Database successfully connected.","time":"2023-06-07T12:33:00.463Z","src":{"file":"/home/ishika/Documents/thereugo-app/src/database/dbconnection.ts","line":46},"v":0}
{"name":"TUG_logs","hostname":"ishika-Latitude-7480","pid":249546,"level":30,"msg":"All migrations performed successfully.","time":"2023-06-07T12:33:00.504Z","src":{"file":"/home/ishika/Documents/thereugo-app/src/database/dbconnection.ts","line":50},"v":0}
{"name":"TUG_logs","hostname":"ishika-Latitude-7480","pid":249546,"level":30,"msg":"Data seed successfull. ","time":"2023-06-07T12:33:00.516Z","src":{"file":"/home/ishika/Documents/thereugo-app/src/database/dbconnection.ts","line":53},"v":0}
{"name":"TUG_logs","hostname":"ishika-Latitude-7480","pid":254175,"level":30,"msg":"Database successfully connected.","time":"2023-06-07T19:00:24.990Z","src":{"file":"/home/ishika/Documents/thereugo-app/src/database/dbconnection.ts","line":46},"v":0}
{"name":"TUG_logs","hostname":"ishika-Latitude-7480","pid":254175,"level":30,"msg":"All migrations performed successfully.","time":"2023-06-07T19:00:25.020Z","src":{"file":"/home/ishika/Documents/thereugo-app/src/database/dbconnection.ts","line":50},"v":0}
{"name":"TUG_logs","hostname":"ishika-Latitude-7480","pid":254175,"level":30,"msg":"Data seed successfull. ","time":"2023-06-07T19:00:25.031Z","src":{"file":"/home/ishika/Documents/thereugo-app/src/database/dbconnection.ts","line":53},"v":0}
{"name":"TUG_logs","hostname":"ishika-Latitude-7480","pid":254455,"level":30,"msg":"Database successfully connected.","time":"2023-06-07T19:02:31.746Z","src":{"file":"/home/ishika/Documents/thereugo-app/src/database/dbconnection.ts","line":46},"v":0}
{"name":"TUG_logs","hostname":"ishika-Latitude-7480","pid":254455,"level":30,"msg":"All migrations performed successfully.","time":"2023-06-07T19:02:31.777Z","src":{"file":"/home/ishika/Documents/thereugo-app/src/database/dbconnection.ts","line":50},"v":0}
{"name":"TUG_logs","hostname":"ishika-Latitude-7480","pid":254455,"level":30,"msg":"Data seed successfull. ","time":"2023-06-07T19:02:31.787Z","src":{"file":"/home/ishika/Documents/thereugo-app/src/database/dbconnection.ts","line":53},"v":0}
{"name":"TUG_logs","hostname":"ishika-Latitude-7480","pid":254637,"level":30,"msg":"Database successfully connected.","time":"2023-06-07T19:03:30.705Z","src":{"file":"/home/ishika/Documents/thereugo-app/src/database/dbconnection.ts","line":46},"v":0}
{"name":"TUG_logs","hostname":"ishika-Latitude-7480","pid":254637,"level":30,"msg":"All migrations performed successfully.","time":"2023-06-07T19:03:30.739Z","src":{"file":"/home/ishika/Documents/thereugo-app/src/database/dbconnection.ts","line":50},"v":0}
{"name":"TUG_logs","hostname":"ishika-Latitude-7480","pid":254637,"level":30,"msg":"Data seed successfull. ","time":"2023-06-07T19:03:30.752Z","src":{"file":"/home/ishika/Documents/thereugo-app/src/database/dbconnection.ts","line":53},"v":0}
{"name":"TUG_logs","hostname":"ishika-Latitude-7480","pid":255009,"level":30,"msg":"Database successfully connected.","time":"2023-06-07T19:03:49.938Z","src":{"file":"/home/ishika/Documents/thereugo-app/src/database/dbconnection.ts","line":46},"v":0}
{"name":"TUG_logs","hostname":"ishika-Latitude-7480","pid":255009,"level":30,"msg":"All migrations performed successfully.","time":"2023-06-07T19:03:49.977Z","src":{"file":"/home/ishika/Documents/thereugo-app/src/database/dbconnection.ts","line":50},"v":0}
{"name":"TUG_logs","hostname":"ishika-Latitude-7480","pid":255009,"level":30,"msg":"Data seed successfull. ","time":"2023-06-07T19:03:49.990Z","src":{"file":"/home/ishika/Documents/thereugo-app/src/database/dbconnection.ts","line":53},"v":0}
{"name":"TUG_logs","hostname":"ishika-Latitude-7480","pid":255216,"level":30,"msg":"Database successfully connected.","time":"2023-06-07T19:04:04.981Z","src":{"file":"/home/ishika/Documents/thereugo-app/src/database/dbconnection.ts","line":46},"v":0}
{"name":"TUG_logs","hostname":"ishika-Latitude-7480","pid":255216,"level":30,"msg":"All migrations performed successfully.","time":"2023-06-07T19:04:05.021Z","src":{"file":"/home/ishika/Documents/thereugo-app/src/database/dbconnection.ts","line":50},"v":0}
{"name":"TUG_logs","hostname":"ishika-Latitude-7480","pid":255216,"level":30,"msg":"Data seed successfull. ","time":"2023-06-07T19:04:05.035Z","src":{"file":"/home/ishika/Documents/thereugo-app/src/database/dbconnection.ts","line":53},"v":0}
{"name":"TUG_logs","hostname":"ishika-Latitude-7480","pid":255445,"level":30,"msg":"Database successfully connected.","time":"2023-06-07T19:04:20.463Z","src":{"file":"/home/ishika/Documents/thereugo-app/src/database/dbconnection.ts","line":46},"v":0}
{"name":"TUG_logs","hostname":"ishika-Latitude-7480","pid":255445,"level":30,"msg":"All migrations performed successfully.","time":"2023-06-07T19:04:20.494Z","src":{"file":"/home/ishika/Documents/thereugo-app/src/database/dbconnection.ts","line":50},"v":0}
{"name":"TUG_logs","hostname":"ishika-Latitude-7480","pid":255445,"level":30,"msg":"Data seed successfull. ","time":"2023-06-07T19:04:20.504Z","src":{"file":"/home/ishika/Documents/thereugo-app/src/database/dbconnection.ts","line":53},"v":0}
{"name":"TUG_logs","hostname":"ishika-Latitude-7480","pid":255814,"level":30,"msg":"Database successfully connected.","time":"2023-06-07T19:05:02.320Z","src":{"file":"/home/ishika/Documents/thereugo-app/src/database/dbconnection.ts","line":46},"v":0}
{"name":"TUG_logs","hostname":"ishika-Latitude-7480","pid":255814,"level":30,"msg":"All migrations performed successfully.","time":"2023-06-07T19:05:02.354Z","src":{"file":"/home/ishika/Documents/thereugo-app/src/database/dbconnection.ts","line":50},"v":0}
{"name":"TUG_logs","hostname":"ishika-Latitude-7480","pid":255814,"level":30,"msg":"Data seed successfull. ","time":"2023-06-07T19:05:02.364Z","src":{"file":"/home/ishika/Documents/thereugo-app/src/database/dbconnection.ts","line":53},"v":0}
{"name":"TUG_logs","hostname":"ishika-Latitude-7480","pid":255946,"level":30,"msg":"Database successfully connected.","time":"2023-06-07T19:05:11.620Z","src":{"file":"/home/ishika/Documents/thereugo-app/src/database/dbconnection.ts","line":46},"v":0}
{"name":"TUG_logs","hostname":"ishika-Latitude-7480","pid":255946,"level":30,"msg":"All migrations performed successfully.","time":"2023-06-07T19:05:11.654Z","src":{"file":"/home/ishika/Documents/thereugo-app/src/database/dbconnection.ts","line":50},"v":0}
{"name":"TUG_logs","hostname":"ishika-Latitude-7480","pid":255946,"level":30,"msg":"Data seed successfull. ","time":"2023-06-07T19:05:11.663Z","src":{"file":"/home/ishika/Documents/thereugo-app/src/database/dbconnection.ts","line":53},"v":0}
{"name":"TUG_logs","hostname":"ishika-Latitude-7480","pid":256715,"level":30,"msg":"Database successfully connected.","time":"2023-06-07T19:06:52.557Z","src":{"file":"/home/ishika/Documents/thereugo-app/src/database/dbconnection.ts","line":46},"v":0}
{"name":"TUG_logs","hostname":"ishika-Latitude-7480","pid":256715,"level":30,"msg":"All migrations performed successfully.","time":"2023-06-07T19:06:52.588Z","src":{"file":"/home/ishika/Documents/thereugo-app/src/database/dbconnection.ts","line":50},"v":0}
{"name":"TUG_logs","hostname":"ishika-Latitude-7480","pid":256715,"level":30,"msg":"Data seed successfull. ","time":"2023-06-07T19:06:52.597Z","src":{"file":"/home/ishika/Documents/thereugo-app/src/database/dbconnection.ts","line":53},"v":0}
{"name":"TUG_logs","hostname":"ishika-Latitude-7480","pid":257274,"level":30,"msg":"Database successfully connected.","time":"2023-06-07T19:08:45.826Z","src":{"file":"/home/ishika/Documents/thereugo-app/src/database/dbconnection.ts","line":46},"v":0}
{"name":"TUG_logs","hostname":"ishika-Latitude-7480","pid":257274,"level":30,"msg":"All migrations performed successfully.","time":"2023-06-07T19:08:45.854Z","src":{"file":"/home/ishika/Documents/thereugo-app/src/database/dbconnection.ts","line":50},"v":0}
{"name":"TUG_logs","hostname":"ishika-Latitude-7480","pid":257274,"level":30,"msg":"Data seed successfull. ","time":"2023-06-07T19:08:45.865Z","src":{"file":"/home/ishika/Documents/thereugo-app/src/database/dbconnection.ts","line":53},"v":0}
{"name":"TUG_logs","hostname":"ishika-Latitude-7480","pid":257693,"level":30,"msg":"Database successfully connected.","time":"2023-06-07T19:10:49.273Z","src":{"file":"/home/ishika/Documents/thereugo-app/src/database/dbconnection.ts","line":46},"v":0}
{"name":"TUG_logs","hostname":"ishika-Latitude-7480","pid":257693,"level":30,"msg":"All migrations performed successfully.","time":"2023-06-07T19:10:49.308Z","src":{"file":"/home/ishika/Documents/thereugo-app/src/database/dbconnection.ts","line":50},"v":0}
{"name":"TUG_logs","hostname":"ishika-Latitude-7480","pid":257693,"level":30,"msg":"Data seed successfull. ","time":"2023-06-07T19:10:49.322Z","src":{"file":"/home/ishika/Documents/thereugo-app/src/database/dbconnection.ts","line":53},"v":0}
