{"name":"TUG_logs","hostname":"ishika-Latitude-7480","pid":265748,"level":30,"msg":"Database successfully connected.","time":"2023-06-08T06:58:03.143Z","src":{"file":"/home/ishika/Documents/thereugo-app/src/database/dbconnection.ts","line":46},"v":0}
{"name":"TUG_logs","hostname":"ishika-Latitude-7480","pid":265748,"level":30,"msg":"All migrations performed successfully.","time":"2023-06-08T06:58:03.176Z","src":{"file":"/home/ishika/Documents/thereugo-app/src/database/dbconnection.ts","line":50},"v":0}
{"name":"TUG_logs","hostname":"ishika-Latitude-7480","pid":265748,"level":30,"msg":"Data seed successfull. ","time":"2023-06-08T06:58:03.187Z","src":{"file":"/home/ishika/Documents/thereugo-app/src/database/dbconnection.ts","line":53},"v":0}
{"name":"TUG_logs","hostname":"ishika-Latitude-7480","pid":266300,"level":30,"msg":"Database successfully connected.","time":"2023-06-08T07:15:41.969Z","src":{"file":"/home/ishika/Documents/thereugo-app/src/database/dbconnection.ts","line":46},"v":0}
{"name":"TUG_logs","hostname":"ishika-Latitude-7480","pid":266300,"level":30,"msg":"All migrations performed successfully.","time":"2023-06-08T07:15:42.006Z","src":{"file":"/home/ishika/Documents/thereugo-app/src/database/dbconnection.ts","line":50},"v":0}
{"name":"TUG_logs","hostname":"ishika-Latitude-7480","pid":266300,"level":30,"msg":"Data seed successfull. ","time":"2023-06-08T07:15:42.017Z","src":{"file":"/home/ishika/Documents/thereugo-app/src/database/dbconnection.ts","line":53},"v":0}
{"name":"TUG_logs","hostname":"ishika-Latitude-7480","pid":266706,"level":30,"msg":"Database successfully connected.","time":"2023-06-08T07:20:37.936Z","src":{"file":"/home/ishika/Documents/thereugo-app/src/database/dbconnection.ts","line":46},"v":0}
{"name":"TUG_logs","hostname":"ishika-Latitude-7480","pid":266706,"level":30,"msg":"All migrations performed successfully.","time":"2023-06-08T07:20:37.970Z","src":{"file":"/home/ishika/Documents/thereugo-app/src/database/dbconnection.ts","line":50},"v":0}
{"name":"TUG_logs","hostname":"ishika-Latitude-7480","pid":266706,"level":30,"msg":"Data seed successfull. ","time":"2023-06-08T07:20:37.983Z","src":{"file":"/home/ishika/Documents/thereugo-app/src/database/dbconnection.ts","line":53},"v":0}
{"name":"TUG_logs","hostname":"ishika-Latitude-7480","pid":267022,"level":30,"msg":"Database successfully connected.","time":"2023-06-08T07:23:13.194Z","src":{"file":"/home/ishika/Documents/thereugo-app/src/database/dbconnection.ts","line":46},"v":0}
{"name":"TUG_logs","hostname":"ishika-Latitude-7480","pid":267022,"level":30,"msg":"All migrations performed successfully.","time":"2023-06-08T07:23:13.226Z","src":{"file":"/home/ishika/Documents/thereugo-app/src/database/dbconnection.ts","line":50},"v":0}
{"name":"TUG_logs","hostname":"ishika-Latitude-7480","pid":267022,"level":30,"msg":"Data seed successfull. ","time":"2023-06-08T07:23:13.235Z","src":{"file":"/home/ishika/Documents/thereugo-app/src/database/dbconnection.ts","line":53},"v":0}
{"name":"TUG_logs","hostname":"ishika-Latitude-7480","pid":267151,"level":30,"msg":"Database successfully connected.","time":"2023-06-08T07:23:39.993Z","src":{"file":"/home/ishika/Documents/thereugo-app/src/database/dbconnection.ts","line":46},"v":0}
{"name":"TUG_logs","hostname":"ishika-Latitude-7480","pid":267151,"level":30,"msg":"All migrations performed successfully.","time":"2023-06-08T07:23:40.024Z","src":{"file":"/home/ishika/Documents/thereugo-app/src/database/dbconnection.ts","line":50},"v":0}
{"name":"TUG_logs","hostname":"ishika-Latitude-7480","pid":267151,"level":30,"msg":"Data seed successfull. ","time":"2023-06-08T07:23:40.033Z","src":{"file":"/home/ishika/Documents/thereugo-app/src/database/dbconnection.ts","line":53},"v":0}
{"name":"TUG_logs","hostname":"ishika-Latitude-7480","pid":268079,"level":30,"msg":"Database successfully connected.","time":"2023-06-08T07:25:13.129Z","src":{"file":"/home/ishika/Documents/thereugo-app/src/database/dbconnection.ts","line":46},"v":0}
{"name":"TUG_logs","hostname":"ishika-Latitude-7480","pid":268079,"level":30,"msg":"All migrations performed successfully.","time":"2023-06-08T07:25:13.163Z","src":{"file":"/home/ishika/Documents/thereugo-app/src/database/dbconnection.ts","line":50},"v":0}
{"name":"TUG_logs","hostname":"ishika-Latitude-7480","pid":268079,"level":30,"msg":"Data seed successfull. ","time":"2023-06-08T07:25:13.176Z","src":{"file":"/home/ishika/Documents/thereugo-app/src/database/dbconnection.ts","line":53},"v":0}
{"name":"TUG_logs","hostname":"ishika-Latitude-7480","pid":268259,"level":30,"msg":"Database successfully connected.","time":"2023-06-08T07:26:08.139Z","src":{"file":"/home/ishika/Documents/thereugo-app/src/database/dbconnection.ts","line":46},"v":0}
{"name":"TUG_logs","hostname":"ishika-Latitude-7480","pid":268259,"level":30,"msg":"All migrations performed successfully.","time":"2023-06-08T07:26:08.171Z","src":{"file":"/home/ishika/Documents/thereugo-app/src/database/dbconnection.ts","line":50},"v":0}
{"name":"TUG_logs","hostname":"ishika-Latitude-7480","pid":268259,"level":30,"msg":"Data seed successfull. ","time":"2023-06-08T07:26:08.180Z","src":{"file":"/home/ishika/Documents/thereugo-app/src/database/dbconnection.ts","line":53},"v":0}
{"name":"TUG_logs","hostname":"ishika-Latitude-7480","pid":270140,"level":30,"msg":"Database successfully connected.","time":"2023-06-08T07:29:32.549Z","src":{"file":"/home/ishika/Documents/thereugo-app/src/database/dbconnection.ts","line":46},"v":0}
{"name":"TUG_logs","hostname":"ishika-Latitude-7480","pid":270140,"level":30,"msg":"All migrations performed successfully.","time":"2023-06-08T07:29:32.580Z","src":{"file":"/home/ishika/Documents/thereugo-app/src/database/dbconnection.ts","line":50},"v":0}
{"name":"TUG_logs","hostname":"ishika-Latitude-7480","pid":270140,"level":30,"msg":"Data seed successfull. ","time":"2023-06-08T07:29:32.589Z","src":{"file":"/home/ishika/Documents/thereugo-app/src/database/dbconnection.ts","line":53},"v":0}
{"name":"TUG_logs","hostname":"ishika-Latitude-7480","pid":270278,"level":30,"msg":"Database successfully connected.","time":"2023-06-08T07:29:58.373Z","src":{"file":"/home/ishika/Documents/thereugo-app/src/database/dbconnection.ts","line":46},"v":0}
{"name":"TUG_logs","hostname":"ishika-Latitude-7480","pid":270278,"level":30,"msg":"All migrations performed successfully.","time":"2023-06-08T07:29:58.413Z","src":{"file":"/home/ishika/Documents/thereugo-app/src/database/dbconnection.ts","line":50},"v":0}
{"name":"TUG_logs","hostname":"ishika-Latitude-7480","pid":270278,"level":30,"msg":"Data seed successfull. ","time":"2023-06-08T07:29:58.424Z","src":{"file":"/home/ishika/Documents/thereugo-app/src/database/dbconnection.ts","line":53},"v":0}
{"name":"TUG_logs","hostname":"ishika-Latitude-7480","pid":270350,"level":30,"msg":"Database successfully connected.","time":"2023-06-08T07:30:04.271Z","src":{"file":"/home/ishika/Documents/thereugo-app/src/database/dbconnection.ts","line":46},"v":0}
{"name":"TUG_logs","hostname":"ishika-Latitude-7480","pid":270350,"level":30,"msg":"All migrations performed successfully.","time":"2023-06-08T07:30:04.297Z","src":{"file":"/home/ishika/Documents/thereugo-app/src/database/dbconnection.ts","line":50},"v":0}
{"name":"TUG_logs","hostname":"ishika-Latitude-7480","pid":270350,"level":30,"msg":"Data seed successfull. ","time":"2023-06-08T07:30:04.308Z","src":{"file":"/home/ishika/Documents/thereugo-app/src/database/dbconnection.ts","line":53},"v":0}
{"name":"TUG_logs","hostname":"ishika-Latitude-7480","pid":270652,"level":30,"msg":"Database successfully connected.","time":"2023-06-08T07:31:08.321Z","src":{"file":"/home/ishika/Documents/thereugo-app/src/database/dbconnection.ts","line":46},"v":0}
{"name":"TUG_logs","hostname":"ishika-Latitude-7480","pid":270652,"level":30,"msg":"All migrations performed successfully.","time":"2023-06-08T07:31:08.356Z","src":{"file":"/home/ishika/Documents/thereugo-app/src/database/dbconnection.ts","line":50},"v":0}
{"name":"TUG_logs","hostname":"ishika-Latitude-7480","pid":270652,"level":30,"msg":"Data seed successfull. ","time":"2023-06-08T07:31:08.370Z","src":{"file":"/home/ishika/Documents/thereugo-app/src/database/dbconnection.ts","line":53},"v":0}
{"name":"TUG_logs","hostname":"ishika-Latitude-7480","pid":270992,"level":30,"msg":"Database successfully connected.","time":"2023-06-08T07:31:55.543Z","src":{"file":"/home/ishika/Documents/thereugo-app/src/database/dbconnection.ts","line":46},"v":0}
{"name":"TUG_logs","hostname":"ishika-Latitude-7480","pid":270992,"level":30,"msg":"All migrations performed successfully.","time":"2023-06-08T07:31:55.577Z","src":{"file":"/home/ishika/Documents/thereugo-app/src/database/dbconnection.ts","line":50},"v":0}
{"name":"TUG_logs","hostname":"ishika-Latitude-7480","pid":270992,"level":30,"msg":"Data seed successfull. ","time":"2023-06-08T07:31:55.589Z","src":{"file":"/home/ishika/Documents/thereugo-app/src/database/dbconnection.ts","line":53},"v":0}
{"name":"TUG_logs","hostname":"ishika-Latitude-7480","pid":271249,"level":30,"msg":"Database successfully connected.","time":"2023-06-08T07:33:07.554Z","src":{"file":"/home/ishika/Documents/thereugo-app/src/database/dbconnection.ts","line":46},"v":0}
{"name":"TUG_logs","hostname":"ishika-Latitude-7480","pid":271249,"level":30,"msg":"All migrations performed successfully.","time":"2023-06-08T07:33:07.586Z","src":{"file":"/home/ishika/Documents/thereugo-app/src/database/dbconnection.ts","line":50},"v":0}
{"name":"TUG_logs","hostname":"ishika-Latitude-7480","pid":271249,"level":30,"msg":"Data seed successfull. ","time":"2023-06-08T07:33:07.598Z","src":{"file":"/home/ishika/Documents/thereugo-app/src/database/dbconnection.ts","line":53},"v":0}
{"name":"TUG_logs","hostname":"ishika-Latitude-7480","pid":271574,"level":30,"msg":"Database successfully connected.","time":"2023-06-08T07:35:32.531Z","src":{"file":"/home/ishika/Documents/thereugo-app/src/database/dbconnection.ts","line":46},"v":0}
{"name":"TUG_logs","hostname":"ishika-Latitude-7480","pid":271574,"level":30,"msg":"All migrations performed successfully.","time":"2023-06-08T07:35:32.561Z","src":{"file":"/home/ishika/Documents/thereugo-app/src/database/dbconnection.ts","line":50},"v":0}
{"name":"TUG_logs","hostname":"ishika-Latitude-7480","pid":271574,"level":30,"msg":"Data seed successfull. ","time":"2023-06-08T07:35:32.570Z","src":{"file":"/home/ishika/Documents/thereugo-app/src/database/dbconnection.ts","line":53},"v":0}
{"name":"TUG_logs","hostname":"ishika-Latitude-7480","pid":271842,"level":30,"msg":"Database successfully connected.","time":"2023-06-08T07:37:48.143Z","src":{"file":"/home/ishika/Documents/thereugo-app/src/database/dbconnection.ts","line":46},"v":0}
{"name":"TUG_logs","hostname":"ishika-Latitude-7480","pid":271842,"level":30,"msg":"All migrations performed successfully.","time":"2023-06-08T07:37:48.176Z","src":{"file":"/home/ishika/Documents/thereugo-app/src/database/dbconnection.ts","line":50},"v":0}
{"name":"TUG_logs","hostname":"ishika-Latitude-7480","pid":271842,"level":30,"msg":"Data seed successfull. ","time":"2023-06-08T07:37:48.188Z","src":{"file":"/home/ishika/Documents/thereugo-app/src/database/dbconnection.ts","line":53},"v":0}
{"name":"TUG_logs","hostname":"ishika-Latitude-7480","pid":272184,"level":30,"msg":"Database successfully connected.","time":"2023-06-08T07:39:01.472Z","src":{"file":"/home/ishika/Documents/thereugo-app/src/database/dbconnection.ts","line":46},"v":0}
{"name":"TUG_logs","hostname":"ishika-Latitude-7480","pid":272184,"level":30,"msg":"All migrations performed successfully.","time":"2023-06-08T07:39:01.503Z","src":{"file":"/home/ishika/Documents/thereugo-app/src/database/dbconnection.ts","line":50},"v":0}
{"name":"TUG_logs","hostname":"ishika-Latitude-7480","pid":272184,"level":30,"msg":"Data seed successfull. ","time":"2023-06-08T07:39:01.512Z","src":{"file":"/home/ishika/Documents/thereugo-app/src/database/dbconnection.ts","line":53},"v":0}
{"name":"TUG_logs","hostname":"ishika-Latitude-7480","pid":272440,"level":30,"msg":"Database successfully connected.","time":"2023-06-08T07:39:31.309Z","src":{"file":"/home/ishika/Documents/thereugo-app/src/database/dbconnection.ts","line":46},"v":0}
{"name":"TUG_logs","hostname":"ishika-Latitude-7480","pid":272440,"level":30,"msg":"All migrations performed successfully.","time":"2023-06-08T07:39:31.343Z","src":{"file":"/home/ishika/Documents/thereugo-app/src/database/dbconnection.ts","line":50},"v":0}
{"name":"TUG_logs","hostname":"ishika-Latitude-7480","pid":272440,"level":30,"msg":"Data seed successfull. ","time":"2023-06-08T07:39:31.353Z","src":{"file":"/home/ishika/Documents/thereugo-app/src/database/dbconnection.ts","line":53},"v":0}
{"name":"TUG_logs","hostname":"ishika-Latitude-7480","pid":272955,"level":30,"msg":"Database successfully connected.","time":"2023-06-08T07:44:54.951Z","src":{"file":"/home/ishika/Documents/thereugo-app/src/database/dbconnection.ts","line":46},"v":0}
{"name":"TUG_logs","hostname":"ishika-Latitude-7480","pid":272955,"level":30,"msg":"All migrations performed successfully.","time":"2023-06-08T07:44:54.979Z","src":{"file":"/home/ishika/Documents/thereugo-app/src/database/dbconnection.ts","line":50},"v":0}
{"name":"TUG_logs","hostname":"ishika-Latitude-7480","pid":272955,"level":30,"msg":"Data seed successfull. ","time":"2023-06-08T07:44:54.993Z","src":{"file":"/home/ishika/Documents/thereugo-app/src/database/dbconnection.ts","line":53},"v":0}
{"name":"TUG_logs","hostname":"ishika-Latitude-7480","pid":273192,"level":30,"msg":"Database successfully connected.","time":"2023-06-08T07:46:09.906Z","src":{"file":"/home/ishika/Documents/thereugo-app/src/database/dbconnection.ts","line":46},"v":0}
{"name":"TUG_logs","hostname":"ishika-Latitude-7480","pid":273192,"level":30,"msg":"All migrations performed successfully.","time":"2023-06-08T07:46:09.937Z","src":{"file":"/home/ishika/Documents/thereugo-app/src/database/dbconnection.ts","line":50},"v":0}
{"name":"TUG_logs","hostname":"ishika-Latitude-7480","pid":273192,"level":30,"msg":"Data seed successfull. ","time":"2023-06-08T07:46:09.947Z","src":{"file":"/home/ishika/Documents/thereugo-app/src/database/dbconnection.ts","line":53},"v":0}
{"name":"TUG_logs","hostname":"ishika-Latitude-7480","pid":273444,"level":30,"msg":"Database successfully connected.","time":"2023-06-08T07:47:06.099Z","src":{"file":"/home/ishika/Documents/thereugo-app/src/database/dbconnection.ts","line":46},"v":0}
{"name":"TUG_logs","hostname":"ishika-Latitude-7480","pid":273444,"level":30,"msg":"All migrations performed successfully.","time":"2023-06-08T07:47:06.129Z","src":{"file":"/home/ishika/Documents/thereugo-app/src/database/dbconnection.ts","line":50},"v":0}
{"name":"TUG_logs","hostname":"ishika-Latitude-7480","pid":273444,"level":30,"msg":"Data seed successfull. ","time":"2023-06-08T07:47:06.137Z","src":{"file":"/home/ishika/Documents/thereugo-app/src/database/dbconnection.ts","line":53},"v":0}
{"name":"TUG_logs","hostname":"ishika-Latitude-7480","pid":273856,"level":30,"msg":"Database successfully connected.","time":"2023-06-08T07:48:17.479Z","src":{"file":"/home/ishika/Documents/thereugo-app/src/database/dbconnection.ts","line":46},"v":0}
{"name":"TUG_logs","hostname":"ishika-Latitude-7480","pid":273856,"level":30,"msg":"All migrations performed successfully.","time":"2023-06-08T07:48:17.513Z","src":{"file":"/home/ishika/Documents/thereugo-app/src/database/dbconnection.ts","line":50},"v":0}
{"name":"TUG_logs","hostname":"ishika-Latitude-7480","pid":273856,"level":30,"msg":"Data seed successfull. ","time":"2023-06-08T07:48:17.525Z","src":{"file":"/home/ishika/Documents/thereugo-app/src/database/dbconnection.ts","line":53},"v":0}
{"name":"TUG_logs","hostname":"ishika-Latitude-7480","pid":274011,"level":30,"msg":"Database successfully connected.","time":"2023-06-08T07:48:57.435Z","src":{"file":"/home/ishika/Documents/thereugo-app/src/database/dbconnection.ts","line":46},"v":0}
{"name":"TUG_logs","hostname":"ishika-Latitude-7480","pid":274011,"level":30,"msg":"All migrations performed successfully.","time":"2023-06-08T07:48:57.465Z","src":{"file":"/home/ishika/Documents/thereugo-app/src/database/dbconnection.ts","line":50},"v":0}
{"name":"TUG_logs","hostname":"ishika-Latitude-7480","pid":274011,"level":30,"msg":"Data seed successfull. ","time":"2023-06-08T07:48:57.480Z","src":{"file":"/home/ishika/Documents/thereugo-app/src/database/dbconnection.ts","line":53},"v":0}
{"name":"TUG_logs","hostname":"ishika-Latitude-7480","pid":274550,"level":30,"msg":"Database successfully connected.","time":"2023-06-08T07:50:36.136Z","src":{"file":"/home/ishika/Documents/thereugo-app/src/database/dbconnection.ts","line":46},"v":0}
{"name":"TUG_logs","hostname":"ishika-Latitude-7480","pid":274550,"level":30,"msg":"All migrations performed successfully.","time":"2023-06-08T07:50:36.167Z","src":{"file":"/home/ishika/Documents/thereugo-app/src/database/dbconnection.ts","line":50},"v":0}
{"name":"TUG_logs","hostname":"ishika-Latitude-7480","pid":274550,"level":30,"msg":"Data seed successfull. ","time":"2023-06-08T07:50:36.179Z","src":{"file":"/home/ishika/Documents/thereugo-app/src/database/dbconnection.ts","line":53},"v":0}
{"name":"TUG_logs","hostname":"ishika-Latitude-7480","pid":274778,"level":30,"msg":"Database successfully connected.","time":"2023-06-08T07:52:02.225Z","src":{"file":"/home/ishika/Documents/thereugo-app/src/database/dbconnection.ts","line":46},"v":0}
{"name":"TUG_logs","hostname":"ishika-Latitude-7480","pid":274778,"level":30,"msg":"End user Migration run successfully","time":"2023-06-08T07:52:02.421Z","src":{"file":"/home/ishika/Documents/thereugo-app/src/migrations/20230606045113-endUsers.js","line":107},"v":0}
{"name":"TUG_logs","hostname":"ishika-Latitude-7480","pid":274778,"level":30,"msg":"Tenant Migration run successfully","time":"2023-06-08T07:52:02.557Z","src":{"file":"/home/ishika/Documents/thereugo-app/src/migrations/20230606054740-tenants.js","line":120},"v":0}
{"name":"TUG_logs","hostname":"ishika-Latitude-7480","pid":274778,"level":30,"msg":"Tenant users Migration run successfully","time":"2023-06-08T07:52:02.674Z","src":{"file":"/home/ishika/Documents/thereugo-app/src/migrations/20230606055902-tenantUsers.js","line":112},"v":0}
{"name":"TUG_logs","hostname":"ishika-Latitude-7480","pid":274778,"level":30,"msg":"Tenant-enduser Migration run successfully","time":"2023-06-08T07:52:02.783Z","src":{"file":"/home/ishika/Documents/thereugo-app/src/migrations/20230606061204-tenantEndUsers.js","line":71},"v":0}
{"name":"TUG_logs","hostname":"ishika-Latitude-7480","pid":274778,"level":30,"msg":"All migrations performed successfully.","time":"2023-06-08T07:52:02.792Z","src":{"file":"/home/ishika/Documents/thereugo-app/src/database/dbconnection.ts","line":50},"v":0}
{"name":"TUG_logs","hostname":"ishika-Latitude-7480","pid":274778,"level":30,"msg":"tugo tenant seeder run successfully","time":"2023-06-08T07:52:02.899Z","src":{"file":"/home/ishika/Documents/thereugo-app/src/seeders/20230606070252-tugo-tenant.js","line":25},"v":0}
{"name":"TUG_logs","hostname":"ishika-Latitude-7480","pid":274778,"level":30,"msg":"super admin seeder run successfully","time":"2023-06-08T07:52:03.567Z","src":{"file":"/home/ishika/Documents/thereugo-app/src/seeders/20230606074606-superAdmin.js","line":30},"v":0}
{"name":"TUG_logs","hostname":"ishika-Latitude-7480","pid":274778,"level":30,"msg":"demo user seeder run successfully","time":"2023-06-08T07:52:03.752Z","src":{"file":"/home/ishika/Documents/thereugo-app/src/seeders/20230606080127-demo-user.js","line":39},"v":0}
{"name":"TUG_logs","hostname":"ishika-Latitude-7480","pid":274778,"level":30,"msg":"Data seed successfull. ","time":"2023-06-08T07:52:03.762Z","src":{"file":"/home/ishika/Documents/thereugo-app/src/database/dbconnection.ts","line":53},"v":0}
{"name":"TUG_logs","hostname":"ishika-Latitude-7480","pid":275177,"level":30,"msg":"Database successfully connected.","time":"2023-06-08T07:54:07.455Z","src":{"file":"/home/ishika/Documents/thereugo-app/src/database/dbconnection.ts","line":46},"v":0}
{"name":"TUG_logs","hostname":"ishika-Latitude-7480","pid":275177,"level":30,"msg":"All migrations performed successfully.","time":"2023-06-08T07:54:07.490Z","src":{"file":"/home/ishika/Documents/thereugo-app/src/database/dbconnection.ts","line":50},"v":0}
{"name":"TUG_logs","hostname":"ishika-Latitude-7480","pid":275177,"level":30,"msg":"Data seed successfull. ","time":"2023-06-08T07:54:07.500Z","src":{"file":"/home/ishika/Documents/thereugo-app/src/database/dbconnection.ts","line":53},"v":0}
{"name":"TUG_logs","hostname":"ishika-Latitude-7480","pid":275354,"level":30,"msg":"Database successfully connected.","time":"2023-06-08T07:54:41.187Z","src":{"file":"/home/ishika/Documents/thereugo-app/src/database/dbconnection.ts","line":46},"v":0}
{"name":"TUG_logs","hostname":"ishika-Latitude-7480","pid":275354,"level":30,"msg":"End user Migration run successfully","time":"2023-06-08T07:54:41.551Z","src":{"file":"/home/ishika/Documents/thereugo-app/src/migrations/20230606045113-endUsers.js","line":107},"v":0}
{"name":"TUG_logs","hostname":"ishika-Latitude-7480","pid":275354,"level":30,"msg":"Tenant Migration run successfully","time":"2023-06-08T07:54:41.748Z","src":{"file":"/home/ishika/Documents/thereugo-app/src/migrations/20230606054740-tenants.js","line":120},"v":0}
{"name":"TUG_logs","hostname":"ishika-Latitude-7480","pid":275354,"level":30,"msg":"Tenant users Migration run successfully","time":"2023-06-08T07:54:41.868Z","src":{"file":"/home/ishika/Documents/thereugo-app/src/migrations/20230606055902-tenantUsers.js","line":112},"v":0}
{"name":"TUG_logs","hostname":"ishika-Latitude-7480","pid":275354,"level":30,"msg":"Tenant-enduser Migration run successfully","time":"2023-06-08T07:54:41.976Z","src":{"file":"/home/ishika/Documents/thereugo-app/src/migrations/20230606061204-tenantEndUsers.js","line":71},"v":0}
{"name":"TUG_logs","hostname":"ishika-Latitude-7480","pid":275354,"level":30,"msg":"All migrations performed successfully.","time":"2023-06-08T07:54:41.987Z","src":{"file":"/home/ishika/Documents/thereugo-app/src/database/dbconnection.ts","line":50},"v":0}
{"name":"TUG_logs","hostname":"ishika-Latitude-7480","pid":275354,"level":30,"msg":"tugo tenant seeder run successfully","time":"2023-06-08T07:54:42.088Z","src":{"file":"/home/ishika/Documents/thereugo-app/src/seeders/20230606070252-tugo-tenant.js","line":25},"v":0}
{"name":"TUG_logs","hostname":"ishika-Latitude-7480","pid":275354,"level":30,"msg":"super admin seeder run successfully","time":"2023-06-08T07:54:42.660Z","src":{"file":"/home/ishika/Documents/thereugo-app/src/seeders/20230606074606-superAdmin.js","line":30},"v":0}
{"name":"TUG_logs","hostname":"ishika-Latitude-7480","pid":275354,"level":30,"msg":"demo user seeder run successfully","time":"2023-06-08T07:54:42.812Z","src":{"file":"/home/ishika/Documents/thereugo-app/src/seeders/20230606080127-demo-user.js","line":39},"v":0}
{"name":"TUG_logs","hostname":"ishika-Latitude-7480","pid":275354,"level":30,"msg":"Data seed successfull. ","time":"2023-06-08T07:54:42.823Z","src":{"file":"/home/ishika/Documents/thereugo-app/src/database/dbconnection.ts","line":53},"v":0}
