{"name":"TUG_logs","hostname":"ishika-Latitude-7480","pid":408216,"level":30,"msg":"Database successfully connected.","time":"2023-06-12T05:03:03.226Z","src":{"file":"/home/ishika/Documents/thereugo-app/src/database/dbconnection.ts","line":46},"v":0}
{"name":"TUG_logs","hostname":"ishika-Latitude-7480","pid":408216,"level":30,"msg":"All migrations performed successfully.","time":"2023-06-12T05:03:03.260Z","src":{"file":"/home/ishika/Documents/thereugo-app/src/database/dbconnection.ts","line":50},"v":0}
{"name":"TUG_logs","hostname":"ishika-Latitude-7480","pid":408216,"level":30,"msg":"Data seed successfull. ","time":"2023-06-12T05:03:03.271Z","src":{"file":"/home/ishika/Documents/thereugo-app/src/database/dbconnection.ts","line":53},"v":0}
{"name":"TUG_logs","hostname":"ishika-Latitude-7480","pid":408596,"level":30,"msg":"Database successfully connected.","time":"2023-06-12T05:05:07.553Z","src":{"file":"/home/ishika/Documents/thereugo-app/src/database/dbconnection.ts","line":46},"v":0}
{"name":"TUG_logs","hostname":"ishika-Latitude-7480","pid":408596,"level":30,"msg":"All migrations performed successfully.","time":"2023-06-12T05:05:07.592Z","src":{"file":"/home/ishika/Documents/thereugo-app/src/database/dbconnection.ts","line":50},"v":0}
{"name":"TUG_logs","hostname":"ishika-Latitude-7480","pid":408596,"level":30,"msg":"Data seed successfull. ","time":"2023-06-12T05:05:07.610Z","src":{"file":"/home/ishika/Documents/thereugo-app/src/database/dbconnection.ts","line":53},"v":0}
{"name":"TUG_logs","hostname":"ishika-Latitude-7480","pid":409066,"level":30,"msg":"Database successfully connected.","time":"2023-06-12T05:05:53.594Z","src":{"file":"/home/ishika/Documents/thereugo-app/src/database/dbconnection.ts","line":46},"v":0}
{"name":"TUG_logs","hostname":"ishika-Latitude-7480","pid":409066,"level":30,"msg":"All migrations performed successfully.","time":"2023-06-12T05:05:53.631Z","src":{"file":"/home/ishika/Documents/thereugo-app/src/database/dbconnection.ts","line":50},"v":0}
{"name":"TUG_logs","hostname":"ishika-Latitude-7480","pid":409066,"level":30,"msg":"Data seed successfull. ","time":"2023-06-12T05:05:53.644Z","src":{"file":"/home/ishika/Documents/thereugo-app/src/database/dbconnection.ts","line":53},"v":0}
{"name":"TUG_logs","hostname":"ishika-Latitude-7480","pid":409157,"level":30,"msg":"Database successfully connected.","time":"2023-06-12T05:05:59.574Z","src":{"file":"/home/ishika/Documents/thereugo-app/src/database/dbconnection.ts","line":46},"v":0}
{"name":"TUG_logs","hostname":"ishika-Latitude-7480","pid":409157,"level":30,"msg":"All migrations performed successfully.","time":"2023-06-12T05:05:59.610Z","src":{"file":"/home/ishika/Documents/thereugo-app/src/database/dbconnection.ts","line":50},"v":0}
{"name":"TUG_logs","hostname":"ishika-Latitude-7480","pid":409157,"level":30,"msg":"Data seed successfull. ","time":"2023-06-12T05:05:59.624Z","src":{"file":"/home/ishika/Documents/thereugo-app/src/database/dbconnection.ts","line":53},"v":0}
{"name":"TUG_logs","hostname":"ishika-Latitude-7480","pid":409875,"level":30,"msg":"Database successfully connected.","time":"2023-06-12T05:06:44.941Z","src":{"file":"/home/ishika/Documents/thereugo-app/src/database/dbconnection.ts","line":46},"v":0}
{"name":"TUG_logs","hostname":"ishika-Latitude-7480","pid":409875,"level":30,"msg":"All migrations performed successfully.","time":"2023-06-12T05:06:44.980Z","src":{"file":"/home/ishika/Documents/thereugo-app/src/database/dbconnection.ts","line":50},"v":0}
{"name":"TUG_logs","hostname":"ishika-Latitude-7480","pid":409875,"level":30,"msg":"Data seed successfull. ","time":"2023-06-12T05:06:44.993Z","src":{"file":"/home/ishika/Documents/thereugo-app/src/database/dbconnection.ts","line":53},"v":0}
{"name":"TUG_logs","hostname":"ishika-Latitude-7480","pid":410123,"level":30,"msg":"Database successfully connected.","time":"2023-06-12T05:07:11.733Z","src":{"file":"/home/ishika/Documents/thereugo-app/src/database/dbconnection.ts","line":46},"v":0}
{"name":"TUG_logs","hostname":"ishika-Latitude-7480","pid":410123,"level":30,"msg":"All migrations performed successfully.","time":"2023-06-12T05:07:11.768Z","src":{"file":"/home/ishika/Documents/thereugo-app/src/database/dbconnection.ts","line":50},"v":0}
{"name":"TUG_logs","hostname":"ishika-Latitude-7480","pid":410123,"level":30,"msg":"Data seed successfull. ","time":"2023-06-12T05:07:11.779Z","src":{"file":"/home/ishika/Documents/thereugo-app/src/database/dbconnection.ts","line":53},"v":0}
{"name":"TUG_logs","hostname":"ishika-Latitude-7480","pid":410186,"level":30,"msg":"Database successfully connected.","time":"2023-06-12T05:07:17.695Z","src":{"file":"/home/ishika/Documents/thereugo-app/src/database/dbconnection.ts","line":46},"v":0}
{"name":"TUG_logs","hostname":"ishika-Latitude-7480","pid":410186,"level":30,"msg":"All migrations performed successfully.","time":"2023-06-12T05:07:17.733Z","src":{"file":"/home/ishika/Documents/thereugo-app/src/database/dbconnection.ts","line":50},"v":0}
{"name":"TUG_logs","hostname":"ishika-Latitude-7480","pid":410186,"level":30,"msg":"Data seed successfull. ","time":"2023-06-12T05:07:17.745Z","src":{"file":"/home/ishika/Documents/thereugo-app/src/database/dbconnection.ts","line":53},"v":0}
{"name":"TUG_logs","hostname":"ishika-Latitude-7480","pid":410312,"level":30,"msg":"Database successfully connected.","time":"2023-06-12T05:07:36.810Z","src":{"file":"/home/ishika/Documents/thereugo-app/src/database/dbconnection.ts","line":46},"v":0}
{"name":"TUG_logs","hostname":"ishika-Latitude-7480","pid":410312,"level":30,"msg":"All migrations performed successfully.","time":"2023-06-12T05:07:36.841Z","src":{"file":"/home/ishika/Documents/thereugo-app/src/database/dbconnection.ts","line":50},"v":0}
{"name":"TUG_logs","hostname":"ishika-Latitude-7480","pid":410312,"level":30,"msg":"Data seed successfull. ","time":"2023-06-12T05:07:36.856Z","src":{"file":"/home/ishika/Documents/thereugo-app/src/database/dbconnection.ts","line":53},"v":0}
{"name":"TUG_logs","hostname":"ishika-Latitude-7480","pid":410531,"level":30,"msg":"Database successfully connected.","time":"2023-06-12T05:07:52.088Z","src":{"file":"/home/ishika/Documents/thereugo-app/src/database/dbconnection.ts","line":46},"v":0}
{"name":"TUG_logs","hostname":"ishika-Latitude-7480","pid":410531,"level":30,"msg":"All migrations performed successfully.","time":"2023-06-12T05:07:52.125Z","src":{"file":"/home/ishika/Documents/thereugo-app/src/database/dbconnection.ts","line":50},"v":0}
{"name":"TUG_logs","hostname":"ishika-Latitude-7480","pid":410531,"level":30,"msg":"Data seed successfull. ","time":"2023-06-12T05:07:52.140Z","src":{"file":"/home/ishika/Documents/thereugo-app/src/database/dbconnection.ts","line":53},"v":0}
{"name":"TUG_logs","hostname":"ishika-Latitude-7480","pid":410632,"level":30,"msg":"Database successfully connected.","time":"2023-06-12T05:08:02.552Z","src":{"file":"/home/ishika/Documents/thereugo-app/src/database/dbconnection.ts","line":46},"v":0}
{"name":"TUG_logs","hostname":"ishika-Latitude-7480","pid":410632,"level":30,"msg":"All migrations performed successfully.","time":"2023-06-12T05:08:02.588Z","src":{"file":"/home/ishika/Documents/thereugo-app/src/database/dbconnection.ts","line":50},"v":0}
{"name":"TUG_logs","hostname":"ishika-Latitude-7480","pid":410632,"level":30,"msg":"Data seed successfull. ","time":"2023-06-12T05:08:02.605Z","src":{"file":"/home/ishika/Documents/thereugo-app/src/database/dbconnection.ts","line":53},"v":0}
{"name":"TUG_logs","hostname":"ishika-Latitude-7480","pid":410881,"level":30,"msg":"Database successfully connected.","time":"2023-06-12T05:08:26.061Z","src":{"file":"/home/ishika/Documents/thereugo-app/src/database/dbconnection.ts","line":46},"v":0}
{"name":"TUG_logs","hostname":"ishika-Latitude-7480","pid":410881,"level":30,"msg":"All migrations performed successfully.","time":"2023-06-12T05:08:26.095Z","src":{"file":"/home/ishika/Documents/thereugo-app/src/database/dbconnection.ts","line":50},"v":0}
{"name":"TUG_logs","hostname":"ishika-Latitude-7480","pid":410881,"level":30,"msg":"Data seed successfull. ","time":"2023-06-12T05:08:26.106Z","src":{"file":"/home/ishika/Documents/thereugo-app/src/database/dbconnection.ts","line":53},"v":0}
{"name":"TUG_logs","hostname":"ishika-Latitude-7480","pid":410948,"level":30,"msg":"Database successfully connected.","time":"2023-06-12T05:08:33.873Z","src":{"file":"/home/ishika/Documents/thereugo-app/src/database/dbconnection.ts","line":46},"v":0}
{"name":"TUG_logs","hostname":"ishika-Latitude-7480","pid":410948,"level":30,"msg":"All migrations performed successfully.","time":"2023-06-12T05:08:33.910Z","src":{"file":"/home/ishika/Documents/thereugo-app/src/database/dbconnection.ts","line":50},"v":0}
{"name":"TUG_logs","hostname":"ishika-Latitude-7480","pid":410948,"level":30,"msg":"Data seed successfull. ","time":"2023-06-12T05:08:33.925Z","src":{"file":"/home/ishika/Documents/thereugo-app/src/database/dbconnection.ts","line":53},"v":0}
{"name":"TUG_logs","hostname":"ishika-Latitude-7480","pid":411045,"level":30,"msg":"Database successfully connected.","time":"2023-06-12T05:08:42.152Z","src":{"file":"/home/ishika/Documents/thereugo-app/src/database/dbconnection.ts","line":46},"v":0}
{"name":"TUG_logs","hostname":"ishika-Latitude-7480","pid":411045,"level":30,"msg":"All migrations performed successfully.","time":"2023-06-12T05:08:42.192Z","src":{"file":"/home/ishika/Documents/thereugo-app/src/database/dbconnection.ts","line":50},"v":0}
{"name":"TUG_logs","hostname":"ishika-Latitude-7480","pid":411045,"level":30,"msg":"Data seed successfull. ","time":"2023-06-12T05:08:42.203Z","src":{"file":"/home/ishika/Documents/thereugo-app/src/database/dbconnection.ts","line":53},"v":0}
{"name":"TUG_logs","hostname":"ishika-Latitude-7480","pid":411267,"level":30,"msg":"Database successfully connected.","time":"2023-06-12T05:08:55.830Z","src":{"file":"/home/ishika/Documents/thereugo-app/src/database/dbconnection.ts","line":46},"v":0}
{"name":"TUG_logs","hostname":"ishika-Latitude-7480","pid":411267,"level":30,"msg":"All migrations performed successfully.","time":"2023-06-12T05:08:55.871Z","src":{"file":"/home/ishika/Documents/thereugo-app/src/database/dbconnection.ts","line":50},"v":0}
{"name":"TUG_logs","hostname":"ishika-Latitude-7480","pid":411267,"level":30,"msg":"Data seed successfull. ","time":"2023-06-12T05:08:55.888Z","src":{"file":"/home/ishika/Documents/thereugo-app/src/database/dbconnection.ts","line":53},"v":0}
{"name":"TUG_logs","hostname":"ishika-Latitude-7480","pid":411358,"level":30,"msg":"Database successfully connected.","time":"2023-06-12T05:09:03.511Z","src":{"file":"/home/ishika/Documents/thereugo-app/src/database/dbconnection.ts","line":46},"v":0}
{"name":"TUG_logs","hostname":"ishika-Latitude-7480","pid":411358,"level":30,"msg":"All migrations performed successfully.","time":"2023-06-12T05:09:03.547Z","src":{"file":"/home/ishika/Documents/thereugo-app/src/database/dbconnection.ts","line":50},"v":0}
{"name":"TUG_logs","hostname":"ishika-Latitude-7480","pid":411358,"level":30,"msg":"Data seed successfull. ","time":"2023-06-12T05:09:03.561Z","src":{"file":"/home/ishika/Documents/thereugo-app/src/database/dbconnection.ts","line":53},"v":0}
{"name":"TUG_logs","hostname":"ishika-Latitude-7480","pid":411520,"level":30,"msg":"Database successfully connected.","time":"2023-06-12T05:09:28.503Z","src":{"file":"/home/ishika/Documents/thereugo-app/src/database/dbconnection.ts","line":46},"v":0}
{"name":"TUG_logs","hostname":"ishika-Latitude-7480","pid":411520,"level":30,"msg":"End user Migration run successfully","time":"2023-06-12T05:09:28.719Z","src":{"file":"/home/ishika/Documents/thereugo-app/src/migrations/20230606045113-endUsers.js","line":106},"v":0}
{"name":"TUG_logs","hostname":"ishika-Latitude-7480","pid":411520,"level":30,"msg":"Tenant Migration run successfully","time":"2023-06-12T05:09:28.857Z","src":{"file":"/home/ishika/Documents/thereugo-app/src/migrations/20230606054740-tenants.js","line":120},"v":0}
{"name":"TUG_logs","hostname":"ishika-Latitude-7480","pid":411520,"level":30,"msg":"Tenant users Migration run successfully","time":"2023-06-12T05:09:28.992Z","src":{"file":"/home/ishika/Documents/thereugo-app/src/migrations/20230606055902-tenantUsers.js","line":112},"v":0}
{"name":"TUG_logs","hostname":"ishika-Latitude-7480","pid":411520,"level":30,"msg":"Tenant-enduser Migration run successfully","time":"2023-06-12T05:09:29.129Z","src":{"file":"/home/ishika/Documents/thereugo-app/src/migrations/20230606061204-tenantEndUsers.js","line":71},"v":0}
{"name":"TUG_logs","hostname":"ishika-Latitude-7480","pid":411520,"level":30,"msg":"All migrations performed successfully.","time":"2023-06-12T05:09:29.138Z","src":{"file":"/home/ishika/Documents/thereugo-app/src/database/dbconnection.ts","line":50},"v":0}
{"name":"TUG_logs","hostname":"ishika-Latitude-7480","pid":411520,"level":30,"msg":"tugo tenant seeder run successfully","time":"2023-06-12T05:09:29.258Z","src":{"file":"/home/ishika/Documents/thereugo-app/src/seeders/20230606070252-tugo-tenant.js","line":25},"v":0}
{"name":"TUG_logs","hostname":"ishika-Latitude-7480","pid":411520,"level":30,"msg":"super admin seeder run successfully","time":"2023-06-12T05:09:29.787Z","src":{"file":"/home/ishika/Documents/thereugo-app/src/seeders/20230606074606-superAdmin.js","line":30},"v":0}
{"name":"TUG_logs","hostname":"ishika-Latitude-7480","pid":411520,"level":30,"msg":"demo user seeder run successfully","time":"2023-06-12T05:09:29.917Z","src":{"file":"/home/ishika/Documents/thereugo-app/src/seeders/20230606080127-demo-user.js","line":37},"v":0}
{"name":"TUG_logs","hostname":"ishika-Latitude-7480","pid":411520,"level":30,"msg":"Data seed successfull. ","time":"2023-06-12T05:09:29.925Z","src":{"file":"/home/ishika/Documents/thereugo-app/src/database/dbconnection.ts","line":53},"v":0}
{"name":"TUG_logs","hostname":"ishika-Latitude-7480","pid":411920,"level":30,"msg":"Database successfully connected.","time":"2023-06-12T05:12:33.019Z","src":{"file":"/home/ishika/Documents/thereugo-app/src/database/dbconnection.ts","line":46},"v":0}
{"name":"TUG_logs","hostname":"ishika-Latitude-7480","pid":411920,"level":30,"msg":"All migrations performed successfully.","time":"2023-06-12T05:12:33.052Z","src":{"file":"/home/ishika/Documents/thereugo-app/src/database/dbconnection.ts","line":50},"v":0}
{"name":"TUG_logs","hostname":"ishika-Latitude-7480","pid":411920,"level":30,"msg":"Data seed successfull. ","time":"2023-06-12T05:12:33.064Z","src":{"file":"/home/ishika/Documents/thereugo-app/src/database/dbconnection.ts","line":53},"v":0}
{"name":"TUG_logs","hostname":"ishika-Latitude-7480","pid":412520,"level":30,"msg":"Database successfully connected.","time":"2023-06-12T05:13:10.501Z","src":{"file":"/home/ishika/Documents/thereugo-app/src/database/dbconnection.ts","line":46},"v":0}
{"name":"TUG_logs","hostname":"ishika-Latitude-7480","pid":412520,"level":30,"msg":"All migrations performed successfully.","time":"2023-06-12T05:13:10.540Z","src":{"file":"/home/ishika/Documents/thereugo-app/src/database/dbconnection.ts","line":50},"v":0}
{"name":"TUG_logs","hostname":"ishika-Latitude-7480","pid":412520,"level":30,"msg":"Data seed successfull. ","time":"2023-06-12T05:13:10.553Z","src":{"file":"/home/ishika/Documents/thereugo-app/src/database/dbconnection.ts","line":53},"v":0}
{"name":"TUG_logs","hostname":"ishika-Latitude-7480","pid":412720,"level":30,"msg":"Database successfully connected.","time":"2023-06-12T05:13:27.366Z","src":{"file":"/home/ishika/Documents/thereugo-app/src/database/dbconnection.ts","line":46},"v":0}
{"name":"TUG_logs","hostname":"ishika-Latitude-7480","pid":412720,"level":30,"msg":"All migrations performed successfully.","time":"2023-06-12T05:13:27.401Z","src":{"file":"/home/ishika/Documents/thereugo-app/src/database/dbconnection.ts","line":50},"v":0}
{"name":"TUG_logs","hostname":"ishika-Latitude-7480","pid":412720,"level":30,"msg":"Data seed successfull. ","time":"2023-06-12T05:13:27.411Z","src":{"file":"/home/ishika/Documents/thereugo-app/src/database/dbconnection.ts","line":53},"v":0}
{"name":"TUG_logs","hostname":"ishika-Latitude-7480","pid":413005,"level":30,"msg":"Database successfully connected.","time":"2023-06-12T05:14:17.067Z","src":{"file":"/home/ishika/Documents/thereugo-app/src/database/dbconnection.ts","line":46},"v":0}
{"name":"TUG_logs","hostname":"ishika-Latitude-7480","pid":413005,"level":30,"msg":"All migrations performed successfully.","time":"2023-06-12T05:14:17.102Z","src":{"file":"/home/ishika/Documents/thereugo-app/src/database/dbconnection.ts","line":50},"v":0}
{"name":"TUG_logs","hostname":"ishika-Latitude-7480","pid":413005,"level":30,"msg":"Data seed successfull. ","time":"2023-06-12T05:14:17.112Z","src":{"file":"/home/ishika/Documents/thereugo-app/src/database/dbconnection.ts","line":53},"v":0}
{"name":"TUG_logs","hostname":"ishika-Latitude-7480","pid":413346,"level":30,"msg":"Database successfully connected.","time":"2023-06-12T05:15:00.471Z","src":{"file":"/home/ishika/Documents/thereugo-app/src/database/dbconnection.ts","line":46},"v":0}
{"name":"TUG_logs","hostname":"ishika-Latitude-7480","pid":413346,"level":30,"msg":"All migrations performed successfully.","time":"2023-06-12T05:15:00.503Z","src":{"file":"/home/ishika/Documents/thereugo-app/src/database/dbconnection.ts","line":50},"v":0}
{"name":"TUG_logs","hostname":"ishika-Latitude-7480","pid":413346,"level":30,"msg":"Data seed successfull. ","time":"2023-06-12T05:15:00.513Z","src":{"file":"/home/ishika/Documents/thereugo-app/src/database/dbconnection.ts","line":53},"v":0}
{"name":"TUG_logs","hostname":"ishika-Latitude-7480","pid":413545,"level":30,"msg":"Database successfully connected.","time":"2023-06-12T05:15:16.196Z","src":{"file":"/home/ishika/Documents/thereugo-app/src/database/dbconnection.ts","line":46},"v":0}
{"name":"TUG_logs","hostname":"ishika-Latitude-7480","pid":413545,"level":30,"msg":"All migrations performed successfully.","time":"2023-06-12T05:15:16.226Z","src":{"file":"/home/ishika/Documents/thereugo-app/src/database/dbconnection.ts","line":50},"v":0}
{"name":"TUG_logs","hostname":"ishika-Latitude-7480","pid":413545,"level":30,"msg":"Data seed successfull. ","time":"2023-06-12T05:15:16.238Z","src":{"file":"/home/ishika/Documents/thereugo-app/src/database/dbconnection.ts","line":53},"v":0}
{"name":"TUG_logs","hostname":"ishika-Latitude-7480","pid":413635,"level":30,"msg":"Database successfully connected.","time":"2023-06-12T05:15:26.951Z","src":{"file":"/home/ishika/Documents/thereugo-app/src/database/dbconnection.ts","line":46},"v":0}
{"name":"TUG_logs","hostname":"ishika-Latitude-7480","pid":413635,"level":30,"msg":"All migrations performed successfully.","time":"2023-06-12T05:15:26.995Z","src":{"file":"/home/ishika/Documents/thereugo-app/src/database/dbconnection.ts","line":50},"v":0}
{"name":"TUG_logs","hostname":"ishika-Latitude-7480","pid":413635,"level":30,"msg":"Data seed successfull. ","time":"2023-06-12T05:15:27.006Z","src":{"file":"/home/ishika/Documents/thereugo-app/src/database/dbconnection.ts","line":53},"v":0}
{"name":"TUG_logs","hostname":"ishika-Latitude-7480","pid":413770,"level":30,"msg":"Database successfully connected.","time":"2023-06-12T05:15:50.340Z","src":{"file":"/home/ishika/Documents/thereugo-app/src/database/dbconnection.ts","line":46},"v":0}
{"name":"TUG_logs","hostname":"ishika-Latitude-7480","pid":413770,"level":30,"msg":"All migrations performed successfully.","time":"2023-06-12T05:15:50.373Z","src":{"file":"/home/ishika/Documents/thereugo-app/src/database/dbconnection.ts","line":50},"v":0}
{"name":"TUG_logs","hostname":"ishika-Latitude-7480","pid":413770,"level":30,"msg":"Data seed successfull. ","time":"2023-06-12T05:15:50.384Z","src":{"file":"/home/ishika/Documents/thereugo-app/src/database/dbconnection.ts","line":53},"v":0}
{"name":"TUG_logs","hostname":"ishika-Latitude-7480","pid":413931,"level":30,"msg":"Database successfully connected.","time":"2023-06-12T05:16:00.053Z","src":{"file":"/home/ishika/Documents/thereugo-app/src/database/dbconnection.ts","line":46},"v":0}
{"name":"TUG_logs","hostname":"ishika-Latitude-7480","pid":413931,"level":30,"msg":"All migrations performed successfully.","time":"2023-06-12T05:16:00.084Z","src":{"file":"/home/ishika/Documents/thereugo-app/src/database/dbconnection.ts","line":50},"v":0}
{"name":"TUG_logs","hostname":"ishika-Latitude-7480","pid":413931,"level":30,"msg":"Data seed successfull. ","time":"2023-06-12T05:16:00.096Z","src":{"file":"/home/ishika/Documents/thereugo-app/src/database/dbconnection.ts","line":53},"v":0}
{"name":"TUG_logs","hostname":"ishika-Latitude-7480","pid":414065,"level":30,"msg":"Database successfully connected.","time":"2023-06-12T05:16:20.258Z","src":{"file":"/home/ishika/Documents/thereugo-app/src/database/dbconnection.ts","line":46},"v":0}
{"name":"TUG_logs","hostname":"ishika-Latitude-7480","pid":414065,"level":30,"msg":"End user Migration run successfully","time":"2023-06-12T05:16:20.506Z","src":{"file":"/home/ishika/Documents/thereugo-app/src/migrations/20230606045113-endUsers.js","line":106},"v":0}
{"name":"TUG_logs","hostname":"ishika-Latitude-7480","pid":414065,"level":30,"msg":"Tenant Migration run successfully","time":"2023-06-12T05:16:20.663Z","src":{"file":"/home/ishika/Documents/thereugo-app/src/migrations/20230606054740-tenants.js","line":120},"v":0}
{"name":"TUG_logs","hostname":"ishika-Latitude-7480","pid":414065,"level":30,"msg":"Tenant users Migration run successfully","time":"2023-06-12T05:16:20.837Z","src":{"file":"/home/ishika/Documents/thereugo-app/src/migrations/20230606055902-tenantUsers.js","line":112},"v":0}
{"name":"TUG_logs","hostname":"ishika-Latitude-7480","pid":414065,"level":30,"msg":"Tenant-enduser Migration run successfully","time":"2023-06-12T05:16:21.026Z","src":{"file":"/home/ishika/Documents/thereugo-app/src/migrations/20230606061204-tenantEndUsers.js","line":71},"v":0}
{"name":"TUG_logs","hostname":"ishika-Latitude-7480","pid":414065,"level":30,"msg":"All migrations performed successfully.","time":"2023-06-12T05:16:21.041Z","src":{"file":"/home/ishika/Documents/thereugo-app/src/database/dbconnection.ts","line":50},"v":0}
{"name":"TUG_logs","hostname":"ishika-Latitude-7480","pid":414065,"level":30,"msg":"tugo tenant seeder run successfully","time":"2023-06-12T05:16:21.327Z","src":{"file":"/home/ishika/Documents/thereugo-app/src/seeders/20230606070252-tugo-tenant.js","line":25},"v":0}
{"name":"TUG_logs","hostname":"ishika-Latitude-7480","pid":414065,"level":30,"msg":"super admin seeder run successfully","time":"2023-06-12T05:16:22.163Z","src":{"file":"/home/ishika/Documents/thereugo-app/src/seeders/20230606074606-superAdmin.js","line":30},"v":0}
{"name":"TUG_logs","hostname":"ishika-Latitude-7480","pid":414065,"level":30,"msg":"demo user seeder run successfully","time":"2023-06-12T05:16:22.280Z","src":{"file":"/home/ishika/Documents/thereugo-app/src/seeders/20230606080127-demo-user.js","line":37},"v":0}
{"name":"TUG_logs","hostname":"ishika-Latitude-7480","pid":414065,"level":30,"msg":"Data seed successfull. ","time":"2023-06-12T05:16:22.291Z","src":{"file":"/home/ishika/Documents/thereugo-app/src/database/dbconnection.ts","line":53},"v":0}
{"name":"TUG_logs","hostname":"ishika-Latitude-7480","pid":414375,"level":30,"msg":"Database successfully connected.","time":"2023-06-12T05:18:12.659Z","src":{"file":"/home/ishika/Documents/thereugo-app/src/database/dbconnection.ts","line":46},"v":0}
{"name":"TUG_logs","hostname":"ishika-Latitude-7480","pid":414375,"level":30,"msg":"All migrations performed successfully.","time":"2023-06-12T05:18:12.694Z","src":{"file":"/home/ishika/Documents/thereugo-app/src/database/dbconnection.ts","line":50},"v":0}
{"name":"TUG_logs","hostname":"ishika-Latitude-7480","pid":414375,"level":30,"msg":"Data seed successfull. ","time":"2023-06-12T05:18:12.708Z","src":{"file":"/home/ishika/Documents/thereugo-app/src/database/dbconnection.ts","line":53},"v":0}
{"name":"TUG_logs","hostname":"ishika-Latitude-7480","pid":414693,"level":30,"msg":"Database successfully connected.","time":"2023-06-12T05:20:13.197Z","src":{"file":"/home/ishika/Documents/thereugo-app/src/database/dbconnection.ts","line":46},"v":0}
{"name":"TUG_logs","hostname":"ishika-Latitude-7480","pid":414693,"level":30,"msg":"End user Migration run successfully","time":"2023-06-12T05:20:13.406Z","src":{"file":"/home/ishika/Documents/thereugo-app/src/migrations/20230606045113-endUsers.js","line":106},"v":0}
{"name":"TUG_logs","hostname":"ishika-Latitude-7480","pid":414693,"level":30,"msg":"Tenant Migration run successfully","time":"2023-06-12T05:20:13.558Z","src":{"file":"/home/ishika/Documents/thereugo-app/src/migrations/20230606054740-tenants.js","line":120},"v":0}
{"name":"TUG_logs","hostname":"ishika-Latitude-7480","pid":414693,"level":30,"msg":"Tenant users Migration run successfully","time":"2023-06-12T05:20:13.739Z","src":{"file":"/home/ishika/Documents/thereugo-app/src/migrations/20230606055902-tenantUsers.js","line":112},"v":0}
{"name":"TUG_logs","hostname":"ishika-Latitude-7480","pid":414693,"level":30,"msg":"Tenant-enduser Migration run successfully","time":"2023-06-12T05:20:13.881Z","src":{"file":"/home/ishika/Documents/thereugo-app/src/migrations/20230606061204-tenantEndUsers.js","line":71},"v":0}
{"name":"TUG_logs","hostname":"ishika-Latitude-7480","pid":414693,"level":30,"msg":"All migrations performed successfully.","time":"2023-06-12T05:20:13.891Z","src":{"file":"/home/ishika/Documents/thereugo-app/src/database/dbconnection.ts","line":50},"v":0}
{"name":"TUG_logs","hostname":"ishika-Latitude-7480","pid":414693,"level":30,"msg":"tugo tenant seeder run successfully","time":"2023-06-12T05:20:14.020Z","src":{"file":"/home/ishika/Documents/thereugo-app/src/seeders/20230606070252-tugo-tenant.js","line":25},"v":0}
{"name":"TUG_logs","hostname":"ishika-Latitude-7480","pid":414693,"level":30,"msg":"super admin seeder run successfully","time":"2023-06-12T05:20:14.539Z","src":{"file":"/home/ishika/Documents/thereugo-app/src/seeders/20230606074606-superAdmin.js","line":30},"v":0}
{"name":"TUG_logs","hostname":"ishika-Latitude-7480","pid":414693,"level":30,"msg":"demo user seeder run successfully","time":"2023-06-12T05:20:14.665Z","src":{"file":"/home/ishika/Documents/thereugo-app/src/seeders/20230606080127-demo-user.js","line":37},"v":0}
{"name":"TUG_logs","hostname":"ishika-Latitude-7480","pid":414693,"level":30,"msg":"Data seed successfull. ","time":"2023-06-12T05:20:14.675Z","src":{"file":"/home/ishika/Documents/thereugo-app/src/database/dbconnection.ts","line":53},"v":0}
{"name":"TUG_logs","hostname":"ishika-Latitude-7480","pid":414854,"level":30,"msg":"Database successfully connected.","time":"2023-06-12T05:20:43.784Z","src":{"file":"/home/ishika/Documents/thereugo-app/src/database/dbconnection.ts","line":46},"v":0}
{"name":"TUG_logs","hostname":"ishika-Latitude-7480","pid":414854,"level":30,"msg":"All migrations performed successfully.","time":"2023-06-12T05:20:43.817Z","src":{"file":"/home/ishika/Documents/thereugo-app/src/database/dbconnection.ts","line":50},"v":0}
{"name":"TUG_logs","hostname":"ishika-Latitude-7480","pid":414854,"level":30,"msg":"Data seed successfull. ","time":"2023-06-12T05:20:43.829Z","src":{"file":"/home/ishika/Documents/thereugo-app/src/database/dbconnection.ts","line":53},"v":0}
{"name":"TUG_logs","hostname":"ishika-Latitude-7480","pid":414988,"level":30,"msg":"Database successfully connected.","time":"2023-06-12T05:21:21.285Z","src":{"file":"/home/ishika/Documents/thereugo-app/src/database/dbconnection.ts","line":46},"v":0}
{"name":"TUG_logs","hostname":"ishika-Latitude-7480","pid":414988,"level":30,"msg":"End user Migration run successfully","time":"2023-06-12T05:21:21.777Z","src":{"file":"/home/ishika/Documents/thereugo-app/src/migrations/20230606045113-endUsers.js","line":106},"v":0}
{"name":"TUG_logs","hostname":"ishika-Latitude-7480","pid":414988,"level":30,"msg":"Tenant Migration run successfully","time":"2023-06-12T05:21:22.122Z","src":{"file":"/home/ishika/Documents/thereugo-app/src/migrations/20230606054740-tenants.js","line":120},"v":0}
{"name":"TUG_logs","hostname":"ishika-Latitude-7480","pid":414988,"level":30,"msg":"Tenant users Migration run successfully","time":"2023-06-12T05:21:22.341Z","src":{"file":"/home/ishika/Documents/thereugo-app/src/migrations/20230606055902-tenantUsers.js","line":112},"v":0}
{"name":"TUG_logs","hostname":"ishika-Latitude-7480","pid":414988,"level":30,"msg":"Tenant-enduser Migration run successfully","time":"2023-06-12T05:21:22.524Z","src":{"file":"/home/ishika/Documents/thereugo-app/src/migrations/20230606061204-tenantEndUsers.js","line":71},"v":0}
{"name":"TUG_logs","hostname":"ishika-Latitude-7480","pid":414988,"level":30,"msg":"All migrations performed successfully.","time":"2023-06-12T05:21:22.533Z","src":{"file":"/home/ishika/Documents/thereugo-app/src/database/dbconnection.ts","line":50},"v":0}
{"name":"TUG_logs","hostname":"ishika-Latitude-7480","pid":414988,"level":30,"msg":"tugo tenant seeder run successfully","time":"2023-06-12T05:21:22.702Z","src":{"file":"/home/ishika/Documents/thereugo-app/src/seeders/20230606070252-tugo-tenant.js","line":25},"v":0}
{"name":"TUG_logs","hostname":"ishika-Latitude-7480","pid":414988,"level":30,"msg":"super admin seeder run successfully","time":"2023-06-12T05:21:23.648Z","src":{"file":"/home/ishika/Documents/thereugo-app/src/seeders/20230606074606-superAdmin.js","line":30},"v":0}
{"name":"TUG_logs","hostname":"ishika-Latitude-7480","pid":414988,"level":30,"msg":"demo user seeder run successfully","time":"2023-06-12T05:21:23.835Z","src":{"file":"/home/ishika/Documents/thereugo-app/src/seeders/20230606080127-demo-user.js","line":37},"v":0}
{"name":"TUG_logs","hostname":"ishika-Latitude-7480","pid":414988,"level":30,"msg":"Data seed successfull. ","time":"2023-06-12T05:21:23.853Z","src":{"file":"/home/ishika/Documents/thereugo-app/src/database/dbconnection.ts","line":53},"v":0}
{"name":"TUG_logs","hostname":"ishika-Latitude-7480","pid":415270,"level":30,"msg":"Database successfully connected.","time":"2023-06-12T05:22:47.877Z","src":{"file":"/home/ishika/Documents/thereugo-app/src/database/dbconnection.ts","line":46},"v":0}
{"name":"TUG_logs","hostname":"ishika-Latitude-7480","pid":415270,"level":30,"msg":"All migrations performed successfully.","time":"2023-06-12T05:22:47.912Z","src":{"file":"/home/ishika/Documents/thereugo-app/src/database/dbconnection.ts","line":50},"v":0}
{"name":"TUG_logs","hostname":"ishika-Latitude-7480","pid":415270,"level":30,"msg":"Data seed successfull. ","time":"2023-06-12T05:22:47.924Z","src":{"file":"/home/ishika/Documents/thereugo-app/src/database/dbconnection.ts","line":53},"v":0}
{"name":"TUG_logs","hostname":"ishika-Latitude-7480","pid":415387,"level":30,"msg":"Database successfully connected.","time":"2023-06-12T05:23:04.945Z","src":{"file":"/home/ishika/Documents/thereugo-app/src/database/dbconnection.ts","line":46},"v":0}
{"name":"TUG_logs","hostname":"ishika-Latitude-7480","pid":415387,"level":30,"msg":"All migrations performed successfully.","time":"2023-06-12T05:23:04.973Z","src":{"file":"/home/ishika/Documents/thereugo-app/src/database/dbconnection.ts","line":50},"v":0}
{"name":"TUG_logs","hostname":"ishika-Latitude-7480","pid":415387,"level":30,"msg":"Data seed successfull. ","time":"2023-06-12T05:23:04.984Z","src":{"file":"/home/ishika/Documents/thereugo-app/src/database/dbconnection.ts","line":53},"v":0}
{"name":"TUG_logs","hostname":"ishika-Latitude-7480","pid":415693,"level":30,"msg":"Database successfully connected.","time":"2023-06-12T05:24:19.461Z","src":{"file":"/home/ishika/Documents/thereugo-app/src/database/dbconnection.ts","line":46},"v":0}
{"name":"TUG_logs","hostname":"ishika-Latitude-7480","pid":415693,"level":30,"msg":"All migrations performed successfully.","time":"2023-06-12T05:24:19.491Z","src":{"file":"/home/ishika/Documents/thereugo-app/src/database/dbconnection.ts","line":50},"v":0}
{"name":"TUG_logs","hostname":"ishika-Latitude-7480","pid":415693,"level":30,"msg":"Data seed successfull. ","time":"2023-06-12T05:24:19.500Z","src":{"file":"/home/ishika/Documents/thereugo-app/src/database/dbconnection.ts","line":53},"v":0}
{"name":"TUG_logs","hostname":"ishika-Latitude-7480","pid":415932,"level":30,"msg":"Database successfully connected.","time":"2023-06-12T05:24:39.832Z","src":{"file":"/home/ishika/Documents/thereugo-app/src/database/dbconnection.ts","line":46},"v":0}
{"name":"TUG_logs","hostname":"ishika-Latitude-7480","pid":415932,"level":30,"msg":"All migrations performed successfully.","time":"2023-06-12T05:24:39.875Z","src":{"file":"/home/ishika/Documents/thereugo-app/src/database/dbconnection.ts","line":50},"v":0}
{"name":"TUG_logs","hostname":"ishika-Latitude-7480","pid":415932,"level":30,"msg":"Data seed successfull. ","time":"2023-06-12T05:24:39.891Z","src":{"file":"/home/ishika/Documents/thereugo-app/src/database/dbconnection.ts","line":53},"v":0}
{"name":"TUG_logs","hostname":"ishika-Latitude-7480","pid":416661,"level":30,"msg":"Database successfully connected.","time":"2023-06-12T05:29:03.380Z","src":{"file":"/home/ishika/Documents/thereugo-app/src/database/dbconnection.ts","line":46},"v":0}
{"name":"TUG_logs","hostname":"ishika-Latitude-7480","pid":416661,"level":30,"msg":"All migrations performed successfully.","time":"2023-06-12T05:29:03.409Z","src":{"file":"/home/ishika/Documents/thereugo-app/src/database/dbconnection.ts","line":50},"v":0}
{"name":"TUG_logs","hostname":"ishika-Latitude-7480","pid":416661,"level":30,"msg":"Data seed successfull. ","time":"2023-06-12T05:29:03.419Z","src":{"file":"/home/ishika/Documents/thereugo-app/src/database/dbconnection.ts","line":53},"v":0}
{"name":"TUG_logs","hostname":"ishika-Latitude-7480","pid":416782,"level":30,"msg":"Database successfully connected.","time":"2023-06-12T05:29:12.773Z","src":{"file":"/home/ishika/Documents/thereugo-app/src/database/dbconnection.ts","line":46},"v":0}
{"name":"TUG_logs","hostname":"ishika-Latitude-7480","pid":416782,"level":30,"msg":"All migrations performed successfully.","time":"2023-06-12T05:29:12.812Z","src":{"file":"/home/ishika/Documents/thereugo-app/src/database/dbconnection.ts","line":50},"v":0}
{"name":"TUG_logs","hostname":"ishika-Latitude-7480","pid":416782,"level":30,"msg":"Data seed successfull. ","time":"2023-06-12T05:29:12.831Z","src":{"file":"/home/ishika/Documents/thereugo-app/src/database/dbconnection.ts","line":53},"v":0}
{"name":"TUG_logs","hostname":"ishika-Latitude-7480","pid":416960,"level":30,"msg":"Database successfully connected.","time":"2023-06-12T05:30:16.037Z","src":{"file":"/home/ishika/Documents/thereugo-app/src/database/dbconnection.ts","line":46},"v":0}
{"name":"TUG_logs","hostname":"ishika-Latitude-7480","pid":416960,"level":30,"msg":"All migrations performed successfully.","time":"2023-06-12T05:30:16.072Z","src":{"file":"/home/ishika/Documents/thereugo-app/src/database/dbconnection.ts","line":50},"v":0}
{"name":"TUG_logs","hostname":"ishika-Latitude-7480","pid":416960,"level":30,"msg":"Data seed successfull. ","time":"2023-06-12T05:30:16.086Z","src":{"file":"/home/ishika/Documents/thereugo-app/src/database/dbconnection.ts","line":53},"v":0}
{"name":"TUG_logs","hostname":"ishika-Latitude-7480","pid":417108,"level":30,"msg":"Database successfully connected.","time":"2023-06-12T05:30:40.116Z","src":{"file":"/home/ishika/Documents/thereugo-app/src/database/dbconnection.ts","line":46},"v":0}
{"name":"TUG_logs","hostname":"ishika-Latitude-7480","pid":417108,"level":30,"msg":"End user Migration run successfully","time":"2023-06-12T05:30:40.484Z","src":{"file":"/home/ishika/Documents/thereugo-app/src/migrations/20230606045113-endUsers.js","line":106},"v":0}
{"name":"TUG_logs","hostname":"ishika-Latitude-7480","pid":417108,"level":30,"msg":"Tenant Migration run successfully","time":"2023-06-12T05:30:40.727Z","src":{"file":"/home/ishika/Documents/thereugo-app/src/migrations/20230606054740-tenants.js","line":120},"v":0}
{"name":"TUG_logs","hostname":"ishika-Latitude-7480","pid":417108,"level":30,"msg":"Tenant users Migration run successfully","time":"2023-06-12T05:30:40.952Z","src":{"file":"/home/ishika/Documents/thereugo-app/src/migrations/20230606055902-tenantUsers.js","line":112},"v":0}
{"name":"TUG_logs","hostname":"ishika-Latitude-7480","pid":417108,"level":30,"msg":"Tenant-enduser Migration run successfully","time":"2023-06-12T05:30:41.152Z","src":{"file":"/home/ishika/Documents/thereugo-app/src/migrations/20230606061204-tenantEndUsers.js","line":71},"v":0}
{"name":"TUG_logs","hostname":"ishika-Latitude-7480","pid":417108,"level":30,"msg":"All migrations performed successfully.","time":"2023-06-12T05:30:41.162Z","src":{"file":"/home/ishika/Documents/thereugo-app/src/database/dbconnection.ts","line":50},"v":0}
{"name":"TUG_logs","hostname":"ishika-Latitude-7480","pid":417108,"level":30,"msg":"tugo tenant seeder run successfully","time":"2023-06-12T05:30:41.336Z","src":{"file":"/home/ishika/Documents/thereugo-app/src/seeders/20230606070252-tugo-tenant.js","line":25},"v":0}
{"name":"TUG_logs","hostname":"ishika-Latitude-7480","pid":417108,"level":30,"msg":"super admin seeder run successfully","time":"2023-06-12T05:30:42.312Z","src":{"file":"/home/ishika/Documents/thereugo-app/src/seeders/20230606074606-superAdmin.js","line":30},"v":0}
{"name":"TUG_logs","hostname":"ishika-Latitude-7480","pid":417108,"level":30,"msg":"demo user seeder run successfully","time":"2023-06-12T05:30:42.477Z","src":{"file":"/home/ishika/Documents/thereugo-app/src/seeders/20230606080127-demo-user.js","line":37},"v":0}
{"name":"TUG_logs","hostname":"ishika-Latitude-7480","pid":417108,"level":30,"msg":"Data seed successfull. ","time":"2023-06-12T05:30:42.491Z","src":{"file":"/home/ishika/Documents/thereugo-app/src/database/dbconnection.ts","line":53},"v":0}
