{"name":"TUG_logs","hostname":"ishika-Latitude-7480","pid":623183,"level":30,"msg":"Database successfully connected.","time":"2023-07-12T11:23:09.479Z","src":{"file":"/home/ishika/Documents/thereugo-app/src/database/dbconnection.ts","line":46},"v":0}
{"name":"TUG_logs","hostname":"ishika-Latitude-7480","pid":623183,"level":30,"msg":"All migrations performed successfully.","time":"2023-07-12T11:23:09.524Z","src":{"file":"/home/ishika/Documents/thereugo-app/src/database/dbconnection.ts","line":50},"v":0}
{"name":"TUG_logs","hostname":"ishika-Latitude-7480","pid":623183,"level":30,"msg":"Data seed successfull. ","time":"2023-07-12T11:23:09.537Z","src":{"file":"/home/ishika/Documents/thereugo-app/src/database/dbconnection.ts","line":53},"v":0}
{"name":"TUG_logs","hostname":"ishika-Latitude-7480","pid":623316,"level":30,"msg":"Database successfully connected.","time":"2023-07-12T11:23:31.163Z","src":{"file":"/home/ishika/Documents/thereugo-app/src/database/dbconnection.ts","line":46},"v":0}
{"name":"TUG_logs","hostname":"ishika-Latitude-7480","pid":623316,"level":30,"msg":"All migrations performed successfully.","time":"2023-07-12T11:23:31.195Z","src":{"file":"/home/ishika/Documents/thereugo-app/src/database/dbconnection.ts","line":50},"v":0}
{"name":"TUG_logs","hostname":"ishika-Latitude-7480","pid":623316,"level":30,"msg":"Data seed successfull. ","time":"2023-07-12T11:23:31.204Z","src":{"file":"/home/ishika/Documents/thereugo-app/src/database/dbconnection.ts","line":53},"v":0}
{"name":"TUG_logs","hostname":"ishika-Latitude-7480","pid":623418,"level":30,"msg":"Database successfully connected.","time":"2023-07-12T11:23:38.485Z","src":{"file":"/home/ishika/Documents/thereugo-app/src/database/dbconnection.ts","line":46},"v":0}
{"name":"TUG_logs","hostname":"ishika-Latitude-7480","pid":623418,"level":30,"msg":"All migrations performed successfully.","time":"2023-07-12T11:23:38.520Z","src":{"file":"/home/ishika/Documents/thereugo-app/src/database/dbconnection.ts","line":50},"v":0}
{"name":"TUG_logs","hostname":"ishika-Latitude-7480","pid":623418,"level":30,"msg":"Data seed successfull. ","time":"2023-07-12T11:23:38.531Z","src":{"file":"/home/ishika/Documents/thereugo-app/src/database/dbconnection.ts","line":53},"v":0}
{"name":"TUG_logs","hostname":"ishika-Latitude-7480","pid":623663,"level":30,"msg":"Database successfully connected.","time":"2023-07-12T11:24:08.672Z","src":{"file":"/home/ishika/Documents/thereugo-app/src/database/dbconnection.ts","line":46},"v":0}
{"name":"TUG_logs","hostname":"ishika-Latitude-7480","pid":623663,"level":30,"msg":"All migrations performed successfully.","time":"2023-07-12T11:24:08.704Z","src":{"file":"/home/ishika/Documents/thereugo-app/src/database/dbconnection.ts","line":50},"v":0}
{"name":"TUG_logs","hostname":"ishika-Latitude-7480","pid":623663,"level":30,"msg":"Data seed successfull. ","time":"2023-07-12T11:24:08.714Z","src":{"file":"/home/ishika/Documents/thereugo-app/src/database/dbconnection.ts","line":53},"v":0}
{"name":"TUG_logs","hostname":"ishika-Latitude-7480","pid":625421,"level":30,"msg":"Database successfully connected.","time":"2023-07-12T11:27:10.497Z","src":{"file":"/home/ishika/Documents/thereugo-app/src/database/dbconnection.ts","line":46},"v":0}
{"name":"TUG_logs","hostname":"ishika-Latitude-7480","pid":625421,"level":30,"msg":"All migrations performed successfully.","time":"2023-07-12T11:27:10.529Z","src":{"file":"/home/ishika/Documents/thereugo-app/src/database/dbconnection.ts","line":50},"v":0}
{"name":"TUG_logs","hostname":"ishika-Latitude-7480","pid":625421,"level":30,"msg":"Data seed successfull. ","time":"2023-07-12T11:27:10.538Z","src":{"file":"/home/ishika/Documents/thereugo-app/src/database/dbconnection.ts","line":53},"v":0}
{"name":"TUG_logs","hostname":"ishika-Latitude-7480","pid":626281,"level":30,"msg":"Database successfully connected.","time":"2023-07-12T11:29:02.471Z","src":{"file":"/home/ishika/Documents/thereugo-app/src/database/dbconnection.ts","line":46},"v":0}
{"name":"TUG_logs","hostname":"ishika-Latitude-7480","pid":626281,"level":30,"msg":"All migrations performed successfully.","time":"2023-07-12T11:29:02.508Z","src":{"file":"/home/ishika/Documents/thereugo-app/src/database/dbconnection.ts","line":50},"v":0}
{"name":"TUG_logs","hostname":"ishika-Latitude-7480","pid":626281,"level":30,"msg":"Data seed successfull. ","time":"2023-07-12T11:29:02.517Z","src":{"file":"/home/ishika/Documents/thereugo-app/src/database/dbconnection.ts","line":53},"v":0}
{"name":"TUG_logs","hostname":"ishika-Latitude-7480","pid":626587,"level":30,"msg":"Database successfully connected.","time":"2023-07-12T11:29:31.907Z","src":{"file":"/home/ishika/Documents/thereugo-app/src/database/dbconnection.ts","line":46},"v":0}
{"name":"TUG_logs","hostname":"ishika-Latitude-7480","pid":626587,"level":30,"msg":"All migrations performed successfully.","time":"2023-07-12T11:29:31.947Z","src":{"file":"/home/ishika/Documents/thereugo-app/src/database/dbconnection.ts","line":50},"v":0}
{"name":"TUG_logs","hostname":"ishika-Latitude-7480","pid":626587,"level":30,"msg":"Data seed successfull. ","time":"2023-07-12T11:29:31.956Z","src":{"file":"/home/ishika/Documents/thereugo-app/src/database/dbconnection.ts","line":53},"v":0}
{"name":"TUG_logs","hostname":"ishika-Latitude-7480","pid":626587,"level":50,"msg":"Error in creating user Exception {\n  errType: 'AlreadyExistsError',\n  message: 'Username already exist'\n}","time":"2023-07-12T11:34:31.215Z","src":{"file":"/home/ishika/Documents/thereugo-app/src/modules/tenantUserManagement/services/tenantUserService.ts","line":56},"v":0}
{"name":"TUG_logs","hostname":"ishika-Latitude-7480","pid":626587,"level":50,"errType":"AlreadyExistsError","message":"Username already exist","msg":"Error in creating tenant admin (extrCom)","time":"2023-07-12T11:34:31.227Z","src":{"file":"/home/ishika/Documents/thereugo-app/src/modules/tenantManagement/service/externalComm.ts","line":20},"v":0}
{"name":"TUG_logs","hostname":"ishika-Latitude-7480","pid":626587,"level":50,"msg":"Error in registering tenant with admin Exception {\n  errType: 'AlreadyExistsError',\n  message: 'Username already exist'\n}","time":"2023-07-12T11:34:31.228Z","src":{"file":"/home/ishika/Documents/thereugo-app/src/modules/tenantManagement/service/tenantService.ts","line":101},"v":0}
{"name":"TUG_logs","hostname":"ishika-Latitude-7480","pid":626587,"level":50,"msg":"Error in creating user Exception {\n  errType: 'AlreadyExistsError',\n  message: 'Username already exist'\n}","time":"2023-07-12T11:34:36.186Z","src":{"file":"/home/ishika/Documents/thereugo-app/src/modules/tenantUserManagement/services/tenantUserService.ts","line":56},"v":0}
{"name":"TUG_logs","hostname":"ishika-Latitude-7480","pid":626587,"level":50,"errType":"AlreadyExistsError","message":"Username already exist","msg":"Error in creating tenant admin (extrCom)","time":"2023-07-12T11:34:36.198Z","src":{"file":"/home/ishika/Documents/thereugo-app/src/modules/tenantManagement/service/externalComm.ts","line":20},"v":0}
{"name":"TUG_logs","hostname":"ishika-Latitude-7480","pid":626587,"level":50,"msg":"Error in registering tenant with admin Exception {\n  errType: 'AlreadyExistsError',\n  message: 'Username already exist'\n}","time":"2023-07-12T11:34:36.200Z","src":{"file":"/home/ishika/Documents/thereugo-app/src/modules/tenantManagement/service/tenantService.ts","line":101},"v":0}
