{"name":"TUG_logs","hostname":"ishika-Latitude-7480","pid":593478,"level":30,"msg":"Database successfully connected.","time":"2023-09-21T05:38:23.886Z","src":{"file":"/home/ishika/Documents/thereugo-app/src/database/dbconnection.ts","line":46},"v":0}
{"name":"TUG_logs","hostname":"ishika-Latitude-7480","pid":593478,"level":30,"msg":"All migrations performed successfully.","time":"2023-09-21T05:38:23.919Z","src":{"file":"/home/ishika/Documents/thereugo-app/src/database/dbconnection.ts","line":50},"v":0}
{"name":"TUG_logs","hostname":"ishika-Latitude-7480","pid":593478,"level":30,"msg":"Data seed successfull. ","time":"2023-09-21T05:38:23.930Z","src":{"file":"/home/ishika/Documents/thereugo-app/src/database/dbconnection.ts","line":53},"v":0}
{"name":"TUG_logs","hostname":"ishika-Latitude-7480","pid":593881,"level":30,"msg":"Database successfully connected.","time":"2023-09-21T05:39:03.654Z","src":{"file":"/home/ishika/Documents/thereugo-app/src/database/dbconnection.ts","line":46},"v":0}
{"name":"TUG_logs","hostname":"ishika-Latitude-7480","pid":593881,"level":30,"msg":"All migrations performed successfully.","time":"2023-09-21T05:39:03.685Z","src":{"file":"/home/ishika/Documents/thereugo-app/src/database/dbconnection.ts","line":50},"v":0}
{"name":"TUG_logs","hostname":"ishika-Latitude-7480","pid":593881,"level":30,"msg":"Data seed successfull. ","time":"2023-09-21T05:39:03.696Z","src":{"file":"/home/ishika/Documents/thereugo-app/src/database/dbconnection.ts","line":53},"v":0}
{"name":"TUG_logs","hostname":"ishika-Latitude-7480","pid":595740,"level":30,"msg":"Database successfully connected.","time":"2023-09-21T05:42:17.588Z","src":{"file":"/home/ishika/Documents/thereugo-app/src/database/dbconnection.ts","line":46},"v":0}
{"name":"TUG_logs","hostname":"ishika-Latitude-7480","pid":595740,"level":30,"msg":"All migrations performed successfully.","time":"2023-09-21T05:42:17.616Z","src":{"file":"/home/ishika/Documents/thereugo-app/src/database/dbconnection.ts","line":50},"v":0}
{"name":"TUG_logs","hostname":"ishika-Latitude-7480","pid":595740,"level":30,"msg":"Data seed successfull. ","time":"2023-09-21T05:42:17.627Z","src":{"file":"/home/ishika/Documents/thereugo-app/src/database/dbconnection.ts","line":53},"v":0}
{"name":"TUG_logs","hostname":"ishika-Latitude-7480","pid":595872,"level":30,"msg":"Database successfully connected.","time":"2023-09-21T05:42:34.361Z","src":{"file":"/home/ishika/Documents/thereugo-app/src/database/dbconnection.ts","line":46},"v":0}
{"name":"TUG_logs","hostname":"ishika-Latitude-7480","pid":595872,"level":30,"msg":"All migrations performed successfully.","time":"2023-09-21T05:42:34.412Z","src":{"file":"/home/ishika/Documents/thereugo-app/src/database/dbconnection.ts","line":50},"v":0}
{"name":"TUG_logs","hostname":"ishika-Latitude-7480","pid":595872,"level":30,"msg":"Data seed successfull. ","time":"2023-09-21T05:42:34.426Z","src":{"file":"/home/ishika/Documents/thereugo-app/src/database/dbconnection.ts","line":53},"v":0}
{"name":"TUG_logs","hostname":"ishika-Latitude-7480","pid":612765,"level":30,"msg":"Database successfully connected.","time":"2023-09-21T07:08:13.860Z","src":{"file":"/home/ishika/Documents/thereugo-app/src/database/dbconnection.ts","line":46},"v":0}
{"name":"TUG_logs","hostname":"ishika-Latitude-7480","pid":612765,"level":30,"msg":"All migrations performed successfully.","time":"2023-09-21T07:08:13.995Z","src":{"file":"/home/ishika/Documents/thereugo-app/src/database/dbconnection.ts","line":50},"v":0}
{"name":"TUG_logs","hostname":"ishika-Latitude-7480","pid":612765,"level":30,"msg":"Data seed successfull. ","time":"2023-09-21T07:08:14.022Z","src":{"file":"/home/ishika/Documents/thereugo-app/src/database/dbconnection.ts","line":53},"v":0}
{"name":"TUG_logs","hostname":"ishika-Latitude-7480","pid":631902,"level":30,"msg":"Database successfully connected.","time":"2023-09-21T08:59:47.322Z","src":{"file":"/home/ishika/Documents/thereugo-app/src/database/dbconnection.ts","line":46},"v":0}
{"name":"TUG_logs","hostname":"ishika-Latitude-7480","pid":631902,"level":30,"msg":"End user Migration run successfully","time":"2023-09-21T08:59:47.541Z","src":{"file":"/home/ishika/Documents/thereugo-app/src/migrations/20230606045113-endUsers.js","line":98},"v":0}
{"name":"TUG_logs","hostname":"ishika-Latitude-7480","pid":631902,"level":30,"msg":"Tenant Migration run successfully","time":"2023-09-21T08:59:47.679Z","src":{"file":"/home/ishika/Documents/thereugo-app/src/migrations/20230606054740-tenants.js","line":108},"v":0}
{"name":"TUG_logs","hostname":"ishika-Latitude-7480","pid":631902,"level":30,"msg":"Tenant users Migration run successfully","time":"2023-09-21T08:59:47.837Z","src":{"file":"/home/ishika/Documents/thereugo-app/src/migrations/20230606055902-tenantUsers.js","line":94},"v":0}
{"name":"TUG_logs","hostname":"ishika-Latitude-7480","pid":631902,"level":30,"msg":"Tenant-enduser Migration run successfully","time":"2023-09-21T08:59:47.950Z","src":{"file":"/home/ishika/Documents/thereugo-app/src/migrations/20230606061204-tenantEndUsers.js","line":71},"v":0}
{"name":"TUG_logs","hostname":"ishika-Latitude-7480","pid":631902,"level":30,"msg":"Country City Migration run successfully","time":"2023-09-21T08:59:48.054Z","src":{"file":"/home/ishika/Documents/thereugo-app/src/migrations/20230717103319-countryCity.js","line":68},"v":0}
{"name":"TUG_logs","hostname":"ishika-Latitude-7480","pid":631902,"level":30,"msg":"cityPrice Migration run successfully","time":"2023-09-21T08:59:48.167Z","src":{"file":"/home/ishika/Documents/thereugo-app/src/migrations/20230720071248-cityPrice.js","line":100},"v":0}
{"name":"TUG_logs","hostname":"ishika-Latitude-7480","pid":631902,"level":30,"msg":"Coupon Migration run successfully","time":"2023-09-21T08:59:48.274Z","src":{"file":"/home/ishika/Documents/thereugo-app/src/migrations/20230721071246-coupon.js","line":115},"v":0}
{"name":"TUG_logs","hostname":"ishika-Latitude-7480","pid":631902,"level":30,"msg":"User City Migration run successfully","time":"2023-09-21T08:59:48.389Z","src":{"file":"/home/ishika/Documents/thereugo-app/src/migrations/20230721072153-userCity.js","line":96},"v":0}
{"name":"TUG_logs","hostname":"ishika-Latitude-7480","pid":631902,"level":30,"msg":"categories Migration run successfully","time":"2023-09-21T08:59:48.592Z","src":{"file":"/home/ishika/Documents/thereugo-app/src/migrations/20230721082525-category.js","line":57},"v":0}
{"name":"TUG_logs","hostname":"ishika-Latitude-7480","pid":631902,"level":30,"msg":"poi Migration run successfully","time":"2023-09-21T08:59:48.694Z","src":{"file":"/home/ishika/Documents/thereugo-app/src/migrations/20230721083347-poi.js","line":109},"v":0}
{"name":"TUG_logs","hostname":"ishika-Latitude-7480","pid":631902,"level":30,"msg":"attributes Migration run successfully","time":"2023-09-21T08:59:48.782Z","src":{"file":"/home/ishika/Documents/thereugo-app/src/migrations/20230725043335-attributes.js","line":48},"v":0}
{"name":"TUG_logs","hostname":"ishika-Latitude-7480","pid":631902,"level":30,"msg":"poiAttributes Migration run successfully","time":"2023-09-21T08:59:48.918Z","src":{"file":"/home/ishika/Documents/thereugo-app/src/migrations/20230725043340-poiAttribute.js","line":69},"v":0}
{"name":"TUG_logs","hostname":"ishika-Latitude-7480","pid":631902,"level":30,"msg":"Preference migration run successfully","time":"2023-09-21T08:59:49.025Z","src":{"file":"/home/ishika/Documents/thereugo-app/src/migrations/20230821060336-preference.js","line":65},"v":0}
{"name":"TUG_logs","hostname":"ishika-Latitude-7480","pid":631902,"level":30,"msg":"userPreference migration run successfully","time":"2023-09-21T08:59:49.119Z","src":{"file":"/home/ishika/Documents/thereugo-app/src/migrations/20230821061031-userPreference.js","line":75},"v":0}
{"name":"TUG_logs","hostname":"ishika-Latitude-7480","pid":631902,"level":30,"msg":"All migrations performed successfully.","time":"2023-09-21T08:59:49.125Z","src":{"file":"/home/ishika/Documents/thereugo-app/src/database/dbconnection.ts","line":50},"v":0}
{"name":"TUG_logs","hostname":"ishika-Latitude-7480","pid":631902,"level":30,"msg":"tugo tenant seeder run successfully","time":"2023-09-21T08:59:49.244Z","src":{"file":"/home/ishika/Documents/thereugo-app/src/seeders/20230606070252-tugo-tenant.js","line":25},"v":0}
{"name":"TUG_logs","hostname":"ishika-Latitude-7480","pid":631902,"level":30,"msg":"super admin seeder run successfully","time":"2023-09-21T08:59:49.829Z","src":{"file":"/home/ishika/Documents/thereugo-app/src/seeders/20230606074606-superAdmin.js","line":28},"v":0}
{"name":"TUG_logs","hostname":"ishika-Latitude-7480","pid":631902,"level":30,"msg":"demo user seeder run successfully","time":"2023-09-21T08:59:49.951Z","src":{"file":"/home/ishika/Documents/thereugo-app/src/seeders/20230606080127-demo-user.js","line":35},"v":0}
{"name":"TUG_logs","hostname":"ishika-Latitude-7480","pid":631902,"level":30,"msg":"country seeder run successfully","time":"2023-09-21T08:59:50.033Z","src":{"file":"/home/ishika/Documents/thereugo-app/src/seeders/20230725064727-country.js","line":30},"v":0}
{"name":"TUG_logs","hostname":"ishika-Latitude-7480","pid":631902,"level":30,"msg":"country seeder run successfully","time":"2023-09-21T08:59:50.390Z","src":{"file":"/home/ishika/Documents/thereugo-app/src/seeders/20230725074315-state.js","line":35},"v":0}
{"name":"TUG_logs","hostname":"ishika-Latitude-7480","pid":631902,"level":30,"msg":"country seeder run successfully","time":"2023-09-21T08:59:50.681Z","src":{"file":"/home/ishika/Documents/thereugo-app/src/seeders/20230725074325-city.js","line":40},"v":0}
{"name":"TUG_logs","hostname":"ishika-Latitude-7480","pid":631902,"level":30,"msg":"preference seeder run successfully","time":"2023-09-21T08:59:50.773Z","src":{"file":"/home/ishika/Documents/thereugo-app/src/seeders/20230828112123-pref.js","line":117},"v":0}
{"name":"TUG_logs","hostname":"ishika-Latitude-7480","pid":631902,"level":30,"msg":"Data seed successfull. ","time":"2023-09-21T08:59:50.779Z","src":{"file":"/home/ishika/Documents/thereugo-app/src/database/dbconnection.ts","line":53},"v":0}
{"name":"TUG_logs","hostname":"ishika-Latitude-7480","pid":644338,"level":30,"msg":"Database successfully connected.","time":"2023-09-21T10:25:18.587Z","src":{"file":"/home/ishika/Documents/thereugo-app/src/database/dbconnection.ts","line":46},"v":0}
{"name":"TUG_logs","hostname":"ishika-Latitude-7480","pid":644338,"level":30,"msg":"All migrations performed successfully.","time":"2023-09-21T10:25:18.633Z","src":{"file":"/home/ishika/Documents/thereugo-app/src/database/dbconnection.ts","line":50},"v":0}
{"name":"TUG_logs","hostname":"ishika-Latitude-7480","pid":644338,"level":30,"msg":"Data seed successfull. ","time":"2023-09-21T10:25:18.648Z","src":{"file":"/home/ishika/Documents/thereugo-app/src/database/dbconnection.ts","line":53},"v":0}
{"name":"TUG_logs","hostname":"ishika-Latitude-7480","pid":644688,"level":30,"msg":"Database successfully connected.","time":"2023-09-21T10:25:55.535Z","src":{"file":"/home/ishika/Documents/thereugo-app/src/database/dbconnection.ts","line":46},"v":0}
{"name":"TUG_logs","hostname":"ishika-Latitude-7480","pid":644688,"level":30,"msg":"All migrations performed successfully.","time":"2023-09-21T10:25:55.565Z","src":{"file":"/home/ishika/Documents/thereugo-app/src/database/dbconnection.ts","line":50},"v":0}
{"name":"TUG_logs","hostname":"ishika-Latitude-7480","pid":644688,"level":30,"msg":"Data seed successfull. ","time":"2023-09-21T10:25:55.576Z","src":{"file":"/home/ishika/Documents/thereugo-app/src/database/dbconnection.ts","line":53},"v":0}
{"name":"TUG_logs","hostname":"ishika-Latitude-7480","pid":645689,"level":30,"msg":"Database successfully connected.","time":"2023-09-21T10:27:25.661Z","src":{"file":"/home/ishika/Documents/thereugo-app/src/database/dbconnection.ts","line":46},"v":0}
{"name":"TUG_logs","hostname":"ishika-Latitude-7480","pid":645689,"level":30,"msg":"All migrations performed successfully.","time":"2023-09-21T10:27:25.696Z","src":{"file":"/home/ishika/Documents/thereugo-app/src/database/dbconnection.ts","line":50},"v":0}
{"name":"TUG_logs","hostname":"ishika-Latitude-7480","pid":645689,"level":30,"msg":"Data seed successfull. ","time":"2023-09-21T10:27:25.707Z","src":{"file":"/home/ishika/Documents/thereugo-app/src/database/dbconnection.ts","line":53},"v":0}
{"name":"TUG_logs","hostname":"ishika-Latitude-7480","pid":646385,"level":30,"msg":"Database successfully connected.","time":"2023-09-21T10:29:32.193Z","src":{"file":"/home/ishika/Documents/thereugo-app/src/database/dbconnection.ts","line":46},"v":0}
{"name":"TUG_logs","hostname":"ishika-Latitude-7480","pid":646385,"level":30,"msg":"All migrations performed successfully.","time":"2023-09-21T10:29:32.224Z","src":{"file":"/home/ishika/Documents/thereugo-app/src/database/dbconnection.ts","line":50},"v":0}
{"name":"TUG_logs","hostname":"ishika-Latitude-7480","pid":646385,"level":30,"msg":"Data seed successfull. ","time":"2023-09-21T10:29:32.236Z","src":{"file":"/home/ishika/Documents/thereugo-app/src/database/dbconnection.ts","line":53},"v":0}
{"name":"TUG_logs","hostname":"ishika-Latitude-7480","pid":646466,"level":30,"msg":"Database successfully connected.","time":"2023-09-21T10:29:39.552Z","src":{"file":"/home/ishika/Documents/thereugo-app/src/database/dbconnection.ts","line":46},"v":0}
{"name":"TUG_logs","hostname":"ishika-Latitude-7480","pid":646466,"level":30,"msg":"All migrations performed successfully.","time":"2023-09-21T10:29:39.585Z","src":{"file":"/home/ishika/Documents/thereugo-app/src/database/dbconnection.ts","line":50},"v":0}
{"name":"TUG_logs","hostname":"ishika-Latitude-7480","pid":646466,"level":30,"msg":"Data seed successfull. ","time":"2023-09-21T10:29:39.595Z","src":{"file":"/home/ishika/Documents/thereugo-app/src/database/dbconnection.ts","line":53},"v":0}
{"name":"TUG_logs","hostname":"ishika-Latitude-7480","pid":647340,"level":30,"msg":"Database successfully connected.","time":"2023-09-21T10:32:11.089Z","src":{"file":"/home/ishika/Documents/thereugo-app/src/database/dbconnection.ts","line":46},"v":0}
{"name":"TUG_logs","hostname":"ishika-Latitude-7480","pid":647340,"level":30,"msg":"All migrations performed successfully.","time":"2023-09-21T10:32:11.122Z","src":{"file":"/home/ishika/Documents/thereugo-app/src/database/dbconnection.ts","line":50},"v":0}
{"name":"TUG_logs","hostname":"ishika-Latitude-7480","pid":647340,"level":30,"msg":"Data seed successfull. ","time":"2023-09-21T10:32:11.131Z","src":{"file":"/home/ishika/Documents/thereugo-app/src/database/dbconnection.ts","line":53},"v":0}
