{"name":"TUG_logs","hostname":"ishika-Latitude-7480","pid":299576,"level":30,"msg":"Database successfully connected.","time":"2023-08-22T06:21:16.662Z","src":{"file":"/home/ishika/Documents/thereugo-app/src/database/dbconnection.ts","line":46},"v":0}
{"name":"TUG_logs","hostname":"ishika-Latitude-7480","pid":299576,"level":30,"msg":"End user Migration run successfully","time":"2023-08-22T06:21:17.022Z","src":{"file":"/home/ishika/Documents/thereugo-app/src/migrations/20230606045113-endUsers.js","line":98},"v":0}
{"name":"TUG_logs","hostname":"ishika-Latitude-7480","pid":299576,"level":30,"msg":"Tenant Migration run successfully","time":"2023-08-22T06:21:17.301Z","src":{"file":"/home/ishika/Documents/thereugo-app/src/migrations/20230606054740-tenants.js","line":108},"v":0}
{"name":"TUG_logs","hostname":"ishika-Latitude-7480","pid":299576,"level":30,"msg":"Tenant users Migration run successfully","time":"2023-08-22T06:21:17.437Z","src":{"file":"/home/ishika/Documents/thereugo-app/src/migrations/20230606055902-tenantUsers.js","line":94},"v":0}
{"name":"TUG_logs","hostname":"ishika-Latitude-7480","pid":299576,"level":30,"msg":"Tenant-enduser Migration run successfully","time":"2023-08-22T06:21:17.545Z","src":{"file":"/home/ishika/Documents/thereugo-app/src/migrations/20230606061204-tenantEndUsers.js","line":71},"v":0}
{"name":"TUG_logs","hostname":"ishika-Latitude-7480","pid":299576,"level":30,"msg":"Country City Migration run successfully","time":"2023-08-22T06:21:17.642Z","src":{"file":"/home/ishika/Documents/thereugo-app/src/migrations/20230717103319-countryCity.js","line":68},"v":0}
{"name":"TUG_logs","hostname":"ishika-Latitude-7480","pid":299576,"level":30,"msg":"cityPrice Migration run successfully","time":"2023-08-22T06:21:17.833Z","src":{"file":"/home/ishika/Documents/thereugo-app/src/migrations/20230720071248-cityPrice.js","line":100},"v":0}
{"name":"TUG_logs","hostname":"ishika-Latitude-7480","pid":299576,"level":30,"msg":"Coupon Migration run successfully","time":"2023-08-22T06:21:18.154Z","src":{"file":"/home/ishika/Documents/thereugo-app/src/migrations/20230721071246-coupon.js","line":115},"v":0}
{"name":"TUG_logs","hostname":"ishika-Latitude-7480","pid":299576,"level":30,"msg":"User City Migration run successfully","time":"2023-08-22T06:21:18.368Z","src":{"file":"/home/ishika/Documents/thereugo-app/src/migrations/20230721072153-userCity.js","line":96},"v":0}
{"name":"TUG_logs","hostname":"ishika-Latitude-7480","pid":299576,"level":30,"msg":"categories Migration run successfully","time":"2023-08-22T06:21:18.878Z","src":{"file":"/home/ishika/Documents/thereugo-app/src/migrations/20230721082525-category.js","line":57},"v":0}
{"name":"TUG_logs","hostname":"ishika-Latitude-7480","pid":299576,"level":30,"msg":"poi Migration run successfully","time":"2023-08-22T06:21:18.989Z","src":{"file":"/home/ishika/Documents/thereugo-app/src/migrations/20230721083347-poi.js","line":109},"v":0}
{"name":"TUG_logs","hostname":"ishika-Latitude-7480","pid":299576,"level":30,"msg":"attributes Migration run successfully","time":"2023-08-22T06:21:19.076Z","src":{"file":"/home/ishika/Documents/thereugo-app/src/migrations/20230725043335-attributes.js","line":48},"v":0}
{"name":"TUG_logs","hostname":"ishika-Latitude-7480","pid":299576,"level":30,"msg":"poiAttributes Migration run successfully","time":"2023-08-22T06:21:19.175Z","src":{"file":"/home/ishika/Documents/thereugo-app/src/migrations/20230725043340-poiAttribute.js","line":69},"v":0}
{"name":"TUG_logs","hostname":"ishika-Latitude-7480","pid":299576,"level":30,"msg":"Preference migration run successfully","time":"2023-08-22T06:21:19.278Z","src":{"file":"/home/ishika/Documents/thereugo-app/src/migrations/20230821060336-preference.js","line":65},"v":0}
{"name":"TUG_logs","hostname":"ishika-Latitude-7480","pid":299576,"level":30,"msg":"userPreference migration run successfully","time":"2023-08-22T06:21:19.373Z","src":{"file":"/home/ishika/Documents/thereugo-app/src/migrations/20230821061031-userPreference.js","line":72},"v":0}
{"name":"TUG_logs","hostname":"ishika-Latitude-7480","pid":299576,"level":30,"msg":"All migrations performed successfully.","time":"2023-08-22T06:21:19.379Z","src":{"file":"/home/ishika/Documents/thereugo-app/src/database/dbconnection.ts","line":50},"v":0}
{"name":"TUG_logs","hostname":"ishika-Latitude-7480","pid":299576,"level":30,"msg":"tugo tenant seeder run successfully","time":"2023-08-22T06:21:19.494Z","src":{"file":"/home/ishika/Documents/thereugo-app/src/seeders/20230606070252-tugo-tenant.js","line":25},"v":0}
{"name":"TUG_logs","hostname":"ishika-Latitude-7480","pid":299576,"level":30,"msg":"super admin seeder run successfully","time":"2023-08-22T06:21:20.044Z","src":{"file":"/home/ishika/Documents/thereugo-app/src/seeders/20230606074606-superAdmin.js","line":28},"v":0}
{"name":"TUG_logs","hostname":"ishika-Latitude-7480","pid":299576,"level":30,"msg":"demo user seeder run successfully","time":"2023-08-22T06:21:20.254Z","src":{"file":"/home/ishika/Documents/thereugo-app/src/seeders/20230606080127-demo-user.js","line":35},"v":0}
{"name":"TUG_logs","hostname":"ishika-Latitude-7480","pid":299576,"level":30,"msg":"country seeder run successfully","time":"2023-08-22T06:21:20.573Z","src":{"file":"/home/ishika/Documents/thereugo-app/src/seeders/20230725064727-country.js","line":30},"v":0}
{"name":"TUG_logs","hostname":"ishika-Latitude-7480","pid":299576,"level":30,"msg":"country seeder run successfully","time":"2023-08-22T06:21:21.036Z","src":{"file":"/home/ishika/Documents/thereugo-app/src/seeders/20230725074315-state.js","line":35},"v":0}
{"name":"TUG_logs","hostname":"ishika-Latitude-7480","pid":299576,"level":30,"msg":"country seeder run successfully","time":"2023-08-22T06:21:21.464Z","src":{"file":"/home/ishika/Documents/thereugo-app/src/seeders/20230725074325-city.js","line":40},"v":0}
{"name":"TUG_logs","hostname":"ishika-Latitude-7480","pid":299576,"level":30,"msg":"Data seed successfull. ","time":"2023-08-22T06:21:21.470Z","src":{"file":"/home/ishika/Documents/thereugo-app/src/database/dbconnection.ts","line":53},"v":0}
{"name":"TUG_logs","hostname":"ishika-Latitude-7480","pid":299576,"level":50,"errType":"AlreadyExistsError","message":"Chinese is already exist in prefernces of Food","msg":"","time":"2023-08-22T06:21:38.406Z","src":{"file":"/home/ishika/Documents/thereugo-app/src/modules/preferenceManagement/service/prefService.ts","line":23},"v":0}
{"name":"TUG_logs","hostname":"ishika-Latitude-7480","pid":299576,"level":50,"errType":"AlreadyExistsError","message":"Chinese is already exist in prefernces of Food","msg":"","time":"2023-08-22T06:21:38.407Z","src":{"file":"/home/ishika/Documents/thereugo-app/src/modules/preferenceManagement/controller/prefController.ts","line":19},"v":0}
{"name":"TUG_logs","hostname":"ishika-Latitude-7480","pid":299576,"level":50,"errType":"AlreadyExistsError","message":"hkjkljl is already exist in prefernces of Food","msg":"","time":"2023-08-22T06:23:30.759Z","src":{"file":"/home/ishika/Documents/thereugo-app/src/modules/preferenceManagement/service/prefService.ts","line":23},"v":0}
{"name":"TUG_logs","hostname":"ishika-Latitude-7480","pid":299576,"level":50,"errType":"AlreadyExistsError","message":"hkjkljl is already exist in prefernces of Food","msg":"","time":"2023-08-22T06:23:30.760Z","src":{"file":"/home/ishika/Documents/thereugo-app/src/modules/preferenceManagement/controller/prefController.ts","line":19},"v":0}
{"name":"TUG_logs","hostname":"ishika-Latitude-7480","pid":300071,"level":30,"msg":"Database successfully connected.","time":"2023-08-22T06:24:51.502Z","src":{"file":"/home/ishika/Documents/thereugo-app/src/database/dbconnection.ts","line":46},"v":0}
{"name":"TUG_logs","hostname":"ishika-Latitude-7480","pid":300071,"level":30,"msg":"All migrations performed successfully.","time":"2023-08-22T06:24:51.532Z","src":{"file":"/home/ishika/Documents/thereugo-app/src/database/dbconnection.ts","line":50},"v":0}
{"name":"TUG_logs","hostname":"ishika-Latitude-7480","pid":300071,"level":30,"msg":"Data seed successfull. ","time":"2023-08-22T06:24:51.549Z","src":{"file":"/home/ishika/Documents/thereugo-app/src/database/dbconnection.ts","line":53},"v":0}
{"name":"TUG_logs","hostname":"ishika-Latitude-7480","pid":300071,"level":50,"errType":"AlreadyExistsError","message":"hkjkljl is already exist in prefernces of Food","msg":"","time":"2023-08-22T06:24:55.629Z","src":{"file":"/home/ishika/Documents/thereugo-app/src/modules/preferenceManagement/service/prefService.ts","line":23},"v":0}
{"name":"TUG_logs","hostname":"ishika-Latitude-7480","pid":300071,"level":50,"errType":"AlreadyExistsError","message":"hkjkljl is already exist in prefernces of Food","msg":"","time":"2023-08-22T06:24:55.642Z","src":{"file":"/home/ishika/Documents/thereugo-app/src/modules/preferenceManagement/controller/prefController.ts","line":19},"v":0}
{"name":"TUG_logs","hostname":"ishika-Latitude-7480","pid":301600,"level":30,"msg":"Database successfully connected.","time":"2023-08-22T06:53:15.618Z","src":{"file":"/home/ishika/Documents/thereugo-app/src/database/dbconnection.ts","line":46},"v":0}
{"name":"TUG_logs","hostname":"ishika-Latitude-7480","pid":301600,"level":30,"msg":"All migrations performed successfully.","time":"2023-08-22T06:53:15.668Z","src":{"file":"/home/ishika/Documents/thereugo-app/src/database/dbconnection.ts","line":50},"v":0}
{"name":"TUG_logs","hostname":"ishika-Latitude-7480","pid":301600,"level":30,"msg":"Data seed successfull. ","time":"2023-08-22T06:53:15.682Z","src":{"file":"/home/ishika/Documents/thereugo-app/src/database/dbconnection.ts","line":53},"v":0}
{"name":"TUG_logs","hostname":"ishika-Latitude-7480","pid":302038,"level":30,"msg":"Database successfully connected.","time":"2023-08-22T06:55:53.490Z","src":{"file":"/home/ishika/Documents/thereugo-app/src/database/dbconnection.ts","line":46},"v":0}
{"name":"TUG_logs","hostname":"ishika-Latitude-7480","pid":302038,"level":30,"msg":"End user Migration run successfully","time":"2023-08-22T06:55:53.693Z","src":{"file":"/home/ishika/Documents/thereugo-app/src/migrations/20230606045113-endUsers.js","line":98},"v":0}
{"name":"TUG_logs","hostname":"ishika-Latitude-7480","pid":302038,"level":30,"msg":"Tenant Migration run successfully","time":"2023-08-22T06:55:53.825Z","src":{"file":"/home/ishika/Documents/thereugo-app/src/migrations/20230606054740-tenants.js","line":108},"v":0}
{"name":"TUG_logs","hostname":"ishika-Latitude-7480","pid":302038,"level":30,"msg":"Tenant users Migration run successfully","time":"2023-08-22T06:55:53.930Z","src":{"file":"/home/ishika/Documents/thereugo-app/src/migrations/20230606055902-tenantUsers.js","line":94},"v":0}
{"name":"TUG_logs","hostname":"ishika-Latitude-7480","pid":302038,"level":30,"msg":"Tenant-enduser Migration run successfully","time":"2023-08-22T06:55:54.044Z","src":{"file":"/home/ishika/Documents/thereugo-app/src/migrations/20230606061204-tenantEndUsers.js","line":71},"v":0}
{"name":"TUG_logs","hostname":"ishika-Latitude-7480","pid":302038,"level":30,"msg":"Country City Migration run successfully","time":"2023-08-22T06:55:54.142Z","src":{"file":"/home/ishika/Documents/thereugo-app/src/migrations/20230717103319-countryCity.js","line":68},"v":0}
{"name":"TUG_logs","hostname":"ishika-Latitude-7480","pid":302038,"level":30,"msg":"cityPrice Migration run successfully","time":"2023-08-22T06:55:54.256Z","src":{"file":"/home/ishika/Documents/thereugo-app/src/migrations/20230720071248-cityPrice.js","line":100},"v":0}
{"name":"TUG_logs","hostname":"ishika-Latitude-7480","pid":302038,"level":30,"msg":"Coupon Migration run successfully","time":"2023-08-22T06:55:54.362Z","src":{"file":"/home/ishika/Documents/thereugo-app/src/migrations/20230721071246-coupon.js","line":115},"v":0}
{"name":"TUG_logs","hostname":"ishika-Latitude-7480","pid":302038,"level":30,"msg":"User City Migration run successfully","time":"2023-08-22T06:55:54.472Z","src":{"file":"/home/ishika/Documents/thereugo-app/src/migrations/20230721072153-userCity.js","line":96},"v":0}
{"name":"TUG_logs","hostname":"ishika-Latitude-7480","pid":302038,"level":30,"msg":"categories Migration run successfully","time":"2023-08-22T06:55:54.664Z","src":{"file":"/home/ishika/Documents/thereugo-app/src/migrations/20230721082525-category.js","line":57},"v":0}
{"name":"TUG_logs","hostname":"ishika-Latitude-7480","pid":302038,"level":30,"msg":"poi Migration run successfully","time":"2023-08-22T06:55:54.763Z","src":{"file":"/home/ishika/Documents/thereugo-app/src/migrations/20230721083347-poi.js","line":109},"v":0}
{"name":"TUG_logs","hostname":"ishika-Latitude-7480","pid":302038,"level":30,"msg":"attributes Migration run successfully","time":"2023-08-22T06:55:54.854Z","src":{"file":"/home/ishika/Documents/thereugo-app/src/migrations/20230725043335-attributes.js","line":48},"v":0}
{"name":"TUG_logs","hostname":"ishika-Latitude-7480","pid":302038,"level":30,"msg":"poiAttributes Migration run successfully","time":"2023-08-22T06:55:54.953Z","src":{"file":"/home/ishika/Documents/thereugo-app/src/migrations/20230725043340-poiAttribute.js","line":69},"v":0}
{"name":"TUG_logs","hostname":"ishika-Latitude-7480","pid":302038,"level":30,"msg":"Preference migration run successfully","time":"2023-08-22T06:55:55.059Z","src":{"file":"/home/ishika/Documents/thereugo-app/src/migrations/20230821060336-preference.js","line":65},"v":0}
{"name":"TUG_logs","hostname":"ishika-Latitude-7480","pid":302038,"level":30,"msg":"userPreference migration run successfully","time":"2023-08-22T06:55:55.154Z","src":{"file":"/home/ishika/Documents/thereugo-app/src/migrations/20230821061031-userPreference.js","line":75},"v":0}
{"name":"TUG_logs","hostname":"ishika-Latitude-7480","pid":302038,"level":30,"msg":"All migrations performed successfully.","time":"2023-08-22T06:55:55.160Z","src":{"file":"/home/ishika/Documents/thereugo-app/src/database/dbconnection.ts","line":50},"v":0}
{"name":"TUG_logs","hostname":"ishika-Latitude-7480","pid":302038,"level":30,"msg":"tugo tenant seeder run successfully","time":"2023-08-22T06:55:55.288Z","src":{"file":"/home/ishika/Documents/thereugo-app/src/seeders/20230606070252-tugo-tenant.js","line":25},"v":0}
{"name":"TUG_logs","hostname":"ishika-Latitude-7480","pid":302038,"level":30,"msg":"super admin seeder run successfully","time":"2023-08-22T06:55:55.845Z","src":{"file":"/home/ishika/Documents/thereugo-app/src/seeders/20230606074606-superAdmin.js","line":28},"v":0}
{"name":"TUG_logs","hostname":"ishika-Latitude-7480","pid":302038,"level":30,"msg":"demo user seeder run successfully","time":"2023-08-22T06:55:55.957Z","src":{"file":"/home/ishika/Documents/thereugo-app/src/seeders/20230606080127-demo-user.js","line":35},"v":0}
{"name":"TUG_logs","hostname":"ishika-Latitude-7480","pid":302038,"level":30,"msg":"country seeder run successfully","time":"2023-08-22T06:55:56.066Z","src":{"file":"/home/ishika/Documents/thereugo-app/src/seeders/20230725064727-country.js","line":30},"v":0}
{"name":"TUG_logs","hostname":"ishika-Latitude-7480","pid":302038,"level":30,"msg":"country seeder run successfully","time":"2023-08-22T06:55:56.437Z","src":{"file":"/home/ishika/Documents/thereugo-app/src/seeders/20230725074315-state.js","line":35},"v":0}
{"name":"TUG_logs","hostname":"ishika-Latitude-7480","pid":302038,"level":30,"msg":"country seeder run successfully","time":"2023-08-22T06:55:56.797Z","src":{"file":"/home/ishika/Documents/thereugo-app/src/seeders/20230725074325-city.js","line":40},"v":0}
{"name":"TUG_logs","hostname":"ishika-Latitude-7480","pid":302038,"level":30,"msg":"Data seed successfull. ","time":"2023-08-22T06:55:56.803Z","src":{"file":"/home/ishika/Documents/thereugo-app/src/database/dbconnection.ts","line":53},"v":0}
