{"name":"TUG_logs","hostname":"ishika-Latitude-7480","pid":143003,"level":30,"msg":"Database successfully connected.","time":"2023-07-25T05:43:19.880Z","src":{"file":"/home/ishika/Documents/thereugo-app/src/database/dbconnection.ts","line":46},"v":0}
{"name":"TUG_logs","hostname":"ishika-Latitude-7480","pid":143003,"level":30,"msg":"End user Migration run successfully","time":"2023-07-25T05:43:20.088Z","src":{"file":"/home/ishika/Documents/thereugo-app/src/migrations/20230606045113-endUsers.js","line":93},"v":0}
{"name":"TUG_logs","hostname":"ishika-Latitude-7480","pid":143003,"level":30,"msg":"Tenant Migration run successfully","time":"2023-07-25T05:43:20.248Z","src":{"file":"/home/ishika/Documents/thereugo-app/src/migrations/20230606054740-tenants.js","line":108},"v":0}
{"name":"TUG_logs","hostname":"ishika-Latitude-7480","pid":143003,"level":30,"msg":"Tenant users Migration run successfully","time":"2023-07-25T05:43:20.392Z","src":{"file":"/home/ishika/Documents/thereugo-app/src/migrations/20230606055902-tenantUsers.js","line":94},"v":0}
{"name":"TUG_logs","hostname":"ishika-Latitude-7480","pid":143003,"level":30,"msg":"Tenant-enduser Migration run successfully","time":"2023-07-25T05:43:20.569Z","src":{"file":"/home/ishika/Documents/thereugo-app/src/migrations/20230606061204-tenantEndUsers.js","line":71},"v":0}
{"name":"TUG_logs","hostname":"ishika-Latitude-7480","pid":143003,"level":30,"msg":"Country City Migration run successfully","time":"2023-07-25T05:43:20.692Z","src":{"file":"/home/ishika/Documents/thereugo-app/src/migrations/20230717103319-countryCity.js","line":58},"v":0}
{"name":"TUG_logs","hostname":"ishika-Latitude-7480","pid":143003,"level":30,"msg":"cityPrice Migration run successfully","time":"2023-07-25T05:43:20.854Z","src":{"file":"/home/ishika/Documents/thereugo-app/src/migrations/20230720071248-cityPrice.js","line":100},"v":0}
{"name":"TUG_logs","hostname":"ishika-Latitude-7480","pid":143003,"level":30,"msg":"Coupon Migration run successfully","time":"2023-07-25T05:43:21.010Z","src":{"file":"/home/ishika/Documents/thereugo-app/src/migrations/20230721071246-coupon.js","line":115},"v":0}
{"name":"TUG_logs","hostname":"ishika-Latitude-7480","pid":143003,"level":30,"msg":"User City Migration run successfully","time":"2023-07-25T05:43:21.203Z","src":{"file":"/home/ishika/Documents/thereugo-app/src/migrations/20230721072153-userCity.js","line":96},"v":0}
{"name":"TUG_logs","hostname":"ishika-Latitude-7480","pid":143003,"level":30,"msg":"All migrations performed successfully.","time":"2023-07-25T05:43:21.969Z","src":{"file":"/home/ishika/Documents/thereugo-app/src/database/dbconnection.ts","line":50},"v":0}
{"name":"TUG_logs","hostname":"ishika-Latitude-7480","pid":143003,"level":30,"msg":"tugo tenant seeder run successfully","time":"2023-07-25T05:43:22.130Z","src":{"file":"/home/ishika/Documents/thereugo-app/src/seeders/20230606070252-tugo-tenant.js","line":25},"v":0}
{"name":"TUG_logs","hostname":"ishika-Latitude-7480","pid":143003,"level":30,"msg":"super admin seeder run successfully","time":"2023-07-25T05:43:22.822Z","src":{"file":"/home/ishika/Documents/thereugo-app/src/seeders/20230606074606-superAdmin.js","line":28},"v":0}
{"name":"TUG_logs","hostname":"ishika-Latitude-7480","pid":143003,"level":30,"msg":"demo user seeder run successfully","time":"2023-07-25T05:43:22.933Z","src":{"file":"/home/ishika/Documents/thereugo-app/src/seeders/20230606080127-demo-user.js","line":35},"v":0}
{"name":"TUG_logs","hostname":"ishika-Latitude-7480","pid":143003,"level":30,"msg":"Data seed successfull. ","time":"2023-07-25T05:43:22.939Z","src":{"file":"/home/ishika/Documents/thereugo-app/src/database/dbconnection.ts","line":53},"v":0}
{"name":"TUG_logs","hostname":"ishika-Latitude-7480","pid":143329,"level":30,"msg":"Database successfully connected.","time":"2023-07-25T05:44:47.418Z","src":{"file":"/home/ishika/Documents/thereugo-app/src/database/dbconnection.ts","line":46},"v":0}
{"name":"TUG_logs","hostname":"ishika-Latitude-7480","pid":143329,"level":30,"msg":"End user Migration run successfully","time":"2023-07-25T05:44:47.609Z","src":{"file":"/home/ishika/Documents/thereugo-app/src/migrations/20230606045113-endUsers.js","line":93},"v":0}
{"name":"TUG_logs","hostname":"ishika-Latitude-7480","pid":143329,"level":30,"msg":"Tenant Migration run successfully","time":"2023-07-25T05:44:47.738Z","src":{"file":"/home/ishika/Documents/thereugo-app/src/migrations/20230606054740-tenants.js","line":108},"v":0}
{"name":"TUG_logs","hostname":"ishika-Latitude-7480","pid":143329,"level":30,"msg":"Tenant users Migration run successfully","time":"2023-07-25T05:44:47.855Z","src":{"file":"/home/ishika/Documents/thereugo-app/src/migrations/20230606055902-tenantUsers.js","line":94},"v":0}
{"name":"TUG_logs","hostname":"ishika-Latitude-7480","pid":143329,"level":30,"msg":"Tenant-enduser Migration run successfully","time":"2023-07-25T05:44:47.967Z","src":{"file":"/home/ishika/Documents/thereugo-app/src/migrations/20230606061204-tenantEndUsers.js","line":71},"v":0}
{"name":"TUG_logs","hostname":"ishika-Latitude-7480","pid":143329,"level":30,"msg":"Country City Migration run successfully","time":"2023-07-25T05:44:48.077Z","src":{"file":"/home/ishika/Documents/thereugo-app/src/migrations/20230717103319-countryCity.js","line":58},"v":0}
{"name":"TUG_logs","hostname":"ishika-Latitude-7480","pid":143329,"level":30,"msg":"cityPrice Migration run successfully","time":"2023-07-25T05:44:48.203Z","src":{"file":"/home/ishika/Documents/thereugo-app/src/migrations/20230720071248-cityPrice.js","line":100},"v":0}
{"name":"TUG_logs","hostname":"ishika-Latitude-7480","pid":143329,"level":30,"msg":"Coupon Migration run successfully","time":"2023-07-25T05:44:48.314Z","src":{"file":"/home/ishika/Documents/thereugo-app/src/migrations/20230721071246-coupon.js","line":115},"v":0}
{"name":"TUG_logs","hostname":"ishika-Latitude-7480","pid":143329,"level":30,"msg":"User City Migration run successfully","time":"2023-07-25T05:44:48.432Z","src":{"file":"/home/ishika/Documents/thereugo-app/src/migrations/20230721072153-userCity.js","line":96},"v":0}
{"name":"TUG_logs","hostname":"ishika-Latitude-7480","pid":143329,"level":30,"msg":"categories Migration run successfully","time":"2023-07-25T05:44:48.633Z","src":{"file":"/home/ishika/Documents/thereugo-app/src/migrations/20230721082525-category.js","line":57},"v":0}
{"name":"TUG_logs","hostname":"ishika-Latitude-7480","pid":143329,"level":30,"msg":"poi Migration run successfully","time":"2023-07-25T05:44:48.738Z","src":{"file":"/home/ishika/Documents/thereugo-app/src/migrations/20230721083347-poi.js","line":109},"v":0}
{"name":"TUG_logs","hostname":"ishika-Latitude-7480","pid":143329,"level":30,"msg":"attributes Migration run successfully","time":"2023-07-25T05:44:48.847Z","src":{"file":"/home/ishika/Documents/thereugo-app/src/migrations/20230725043335-attributes.js","line":48},"v":0}
{"name":"TUG_logs","hostname":"ishika-Latitude-7480","pid":143329,"level":30,"msg":"poiAttributes Migration run successfully","time":"2023-07-25T05:44:48.970Z","src":{"file":"/home/ishika/Documents/thereugo-app/src/migrations/20230725043340-poiAttribute.js","line":69},"v":0}
{"name":"TUG_logs","hostname":"ishika-Latitude-7480","pid":143329,"level":30,"msg":"All migrations performed successfully.","time":"2023-07-25T05:44:48.984Z","src":{"file":"/home/ishika/Documents/thereugo-app/src/database/dbconnection.ts","line":50},"v":0}
{"name":"TUG_logs","hostname":"ishika-Latitude-7480","pid":143329,"level":30,"msg":"tugo tenant seeder run successfully","time":"2023-07-25T05:44:49.132Z","src":{"file":"/home/ishika/Documents/thereugo-app/src/seeders/20230606070252-tugo-tenant.js","line":25},"v":0}
{"name":"TUG_logs","hostname":"ishika-Latitude-7480","pid":143329,"level":30,"msg":"super admin seeder run successfully","time":"2023-07-25T05:44:49.633Z","src":{"file":"/home/ishika/Documents/thereugo-app/src/seeders/20230606074606-superAdmin.js","line":28},"v":0}
{"name":"TUG_logs","hostname":"ishika-Latitude-7480","pid":143329,"level":30,"msg":"demo user seeder run successfully","time":"2023-07-25T05:44:49.733Z","src":{"file":"/home/ishika/Documents/thereugo-app/src/seeders/20230606080127-demo-user.js","line":35},"v":0}
{"name":"TUG_logs","hostname":"ishika-Latitude-7480","pid":143329,"level":30,"msg":"Data seed successfull. ","time":"2023-07-25T05:44:49.738Z","src":{"file":"/home/ishika/Documents/thereugo-app/src/database/dbconnection.ts","line":53},"v":0}
