{"name":"TUG_logs","hostname":"ishika-Latitude-7480","pid":609278,"level":30,"msg":"Database successfully connected.","time":"2023-08-28T09:53:24.548Z","src":{"file":"/home/ishika/Documents/thereugo-app/src/database/dbconnection.ts","line":46},"v":0}
{"name":"TUG_logs","hostname":"ishika-Latitude-7480","pid":609278,"level":30,"msg":"All migrations performed successfully.","time":"2023-08-28T09:53:24.581Z","src":{"file":"/home/ishika/Documents/thereugo-app/src/database/dbconnection.ts","line":50},"v":0}
{"name":"TUG_logs","hostname":"ishika-Latitude-7480","pid":609278,"level":30,"msg":"Data seed successfull. ","time":"2023-08-28T09:53:24.599Z","src":{"file":"/home/ishika/Documents/thereugo-app/src/database/dbconnection.ts","line":53},"v":0}
{"name":"TUG_logs","hostname":"ishika-Latitude-7480","pid":609553,"level":30,"msg":"Database successfully connected.","time":"2023-08-28T09:53:47.298Z","src":{"file":"/home/ishika/Documents/thereugo-app/src/database/dbconnection.ts","line":46},"v":0}
{"name":"TUG_logs","hostname":"ishika-Latitude-7480","pid":609553,"level":30,"msg":"All migrations performed successfully.","time":"2023-08-28T09:53:47.335Z","src":{"file":"/home/ishika/Documents/thereugo-app/src/database/dbconnection.ts","line":50},"v":0}
{"name":"TUG_logs","hostname":"ishika-Latitude-7480","pid":609553,"level":30,"msg":"Data seed successfull. ","time":"2023-08-28T09:53:47.350Z","src":{"file":"/home/ishika/Documents/thereugo-app/src/database/dbconnection.ts","line":53},"v":0}
{"name":"TUG_logs","hostname":"ishika-Latitude-7480","pid":610023,"level":30,"msg":"Database successfully connected.","time":"2023-08-28T09:54:18.959Z","src":{"file":"/home/ishika/Documents/thereugo-app/src/database/dbconnection.ts","line":46},"v":0}
{"name":"TUG_logs","hostname":"ishika-Latitude-7480","pid":610023,"level":30,"msg":"All migrations performed successfully.","time":"2023-08-28T09:54:19.003Z","src":{"file":"/home/ishika/Documents/thereugo-app/src/database/dbconnection.ts","line":50},"v":0}
{"name":"TUG_logs","hostname":"ishika-Latitude-7480","pid":610023,"level":30,"msg":"Data seed successfull. ","time":"2023-08-28T09:54:19.016Z","src":{"file":"/home/ishika/Documents/thereugo-app/src/database/dbconnection.ts","line":53},"v":0}
{"name":"TUG_logs","hostname":"ishika-Latitude-7480","pid":610482,"level":30,"msg":"Database successfully connected.","time":"2023-08-28T09:55:07.995Z","src":{"file":"/home/ishika/Documents/thereugo-app/src/database/dbconnection.ts","line":46},"v":0}
{"name":"TUG_logs","hostname":"ishika-Latitude-7480","pid":610482,"level":30,"msg":"All migrations performed successfully.","time":"2023-08-28T09:55:08.029Z","src":{"file":"/home/ishika/Documents/thereugo-app/src/database/dbconnection.ts","line":50},"v":0}
{"name":"TUG_logs","hostname":"ishika-Latitude-7480","pid":610482,"level":30,"msg":"Data seed successfull. ","time":"2023-08-28T09:55:08.044Z","src":{"file":"/home/ishika/Documents/thereugo-app/src/database/dbconnection.ts","line":53},"v":0}
{"name":"TUG_logs","hostname":"ishika-Latitude-7480","pid":624671,"level":30,"msg":"Database successfully connected.","time":"2023-08-28T11:32:53.869Z","src":{"file":"/home/ishika/Documents/thereugo-app/src/database/dbconnection.ts","line":46},"v":0}
{"name":"TUG_logs","hostname":"ishika-Latitude-7480","pid":624671,"level":30,"msg":"End user Migration run successfully","time":"2023-08-28T11:32:54.089Z","src":{"file":"/home/ishika/Documents/thereugo-app/src/migrations/20230606045113-endUsers.js","line":98},"v":0}
{"name":"TUG_logs","hostname":"ishika-Latitude-7480","pid":624671,"level":30,"msg":"Tenant Migration run successfully","time":"2023-08-28T11:32:54.248Z","src":{"file":"/home/ishika/Documents/thereugo-app/src/migrations/20230606054740-tenants.js","line":108},"v":0}
{"name":"TUG_logs","hostname":"ishika-Latitude-7480","pid":624671,"level":30,"msg":"Tenant users Migration run successfully","time":"2023-08-28T11:32:54.403Z","src":{"file":"/home/ishika/Documents/thereugo-app/src/migrations/20230606055902-tenantUsers.js","line":94},"v":0}
{"name":"TUG_logs","hostname":"ishika-Latitude-7480","pid":624671,"level":30,"msg":"Tenant-enduser Migration run successfully","time":"2023-08-28T11:32:54.532Z","src":{"file":"/home/ishika/Documents/thereugo-app/src/migrations/20230606061204-tenantEndUsers.js","line":71},"v":0}
{"name":"TUG_logs","hostname":"ishika-Latitude-7480","pid":624671,"level":30,"msg":"Country City Migration run successfully","time":"2023-08-28T11:32:54.659Z","src":{"file":"/home/ishika/Documents/thereugo-app/src/migrations/20230717103319-countryCity.js","line":68},"v":0}
{"name":"TUG_logs","hostname":"ishika-Latitude-7480","pid":624671,"level":30,"msg":"cityPrice Migration run successfully","time":"2023-08-28T11:32:54.784Z","src":{"file":"/home/ishika/Documents/thereugo-app/src/migrations/20230720071248-cityPrice.js","line":100},"v":0}
{"name":"TUG_logs","hostname":"ishika-Latitude-7480","pid":624671,"level":30,"msg":"Coupon Migration run successfully","time":"2023-08-28T11:32:54.948Z","src":{"file":"/home/ishika/Documents/thereugo-app/src/migrations/20230721071246-coupon.js","line":115},"v":0}
{"name":"TUG_logs","hostname":"ishika-Latitude-7480","pid":624671,"level":30,"msg":"User City Migration run successfully","time":"2023-08-28T11:32:55.089Z","src":{"file":"/home/ishika/Documents/thereugo-app/src/migrations/20230721072153-userCity.js","line":96},"v":0}
{"name":"TUG_logs","hostname":"ishika-Latitude-7480","pid":624671,"level":30,"msg":"categories Migration run successfully","time":"2023-08-28T11:32:55.291Z","src":{"file":"/home/ishika/Documents/thereugo-app/src/migrations/20230721082525-category.js","line":57},"v":0}
{"name":"TUG_logs","hostname":"ishika-Latitude-7480","pid":624671,"level":30,"msg":"poi Migration run successfully","time":"2023-08-28T11:32:55.437Z","src":{"file":"/home/ishika/Documents/thereugo-app/src/migrations/20230721083347-poi.js","line":109},"v":0}
{"name":"TUG_logs","hostname":"ishika-Latitude-7480","pid":624671,"level":30,"msg":"attributes Migration run successfully","time":"2023-08-28T11:32:55.553Z","src":{"file":"/home/ishika/Documents/thereugo-app/src/migrations/20230725043335-attributes.js","line":48},"v":0}
{"name":"TUG_logs","hostname":"ishika-Latitude-7480","pid":624671,"level":30,"msg":"poiAttributes Migration run successfully","time":"2023-08-28T11:32:55.686Z","src":{"file":"/home/ishika/Documents/thereugo-app/src/migrations/20230725043340-poiAttribute.js","line":69},"v":0}
{"name":"TUG_logs","hostname":"ishika-Latitude-7480","pid":624671,"level":30,"msg":"Preference migration run successfully","time":"2023-08-28T11:32:55.818Z","src":{"file":"/home/ishika/Documents/thereugo-app/src/migrations/20230821060336-preference.js","line":65},"v":0}
{"name":"TUG_logs","hostname":"ishika-Latitude-7480","pid":624671,"level":30,"msg":"userPreference migration run successfully","time":"2023-08-28T11:32:55.938Z","src":{"file":"/home/ishika/Documents/thereugo-app/src/migrations/20230821061031-userPreference.js","line":75},"v":0}
{"name":"TUG_logs","hostname":"ishika-Latitude-7480","pid":624671,"level":30,"msg":"All migrations performed successfully.","time":"2023-08-28T11:32:55.946Z","src":{"file":"/home/ishika/Documents/thereugo-app/src/database/dbconnection.ts","line":50},"v":0}
{"name":"TUG_logs","hostname":"ishika-Latitude-7480","pid":624671,"level":30,"msg":"tugo tenant seeder run successfully","time":"2023-08-28T11:32:56.092Z","src":{"file":"/home/ishika/Documents/thereugo-app/src/seeders/20230606070252-tugo-tenant.js","line":25},"v":0}
{"name":"TUG_logs","hostname":"ishika-Latitude-7480","pid":624671,"level":30,"msg":"super admin seeder run successfully","time":"2023-08-28T11:32:56.733Z","src":{"file":"/home/ishika/Documents/thereugo-app/src/seeders/20230606074606-superAdmin.js","line":28},"v":0}
{"name":"TUG_logs","hostname":"ishika-Latitude-7480","pid":624671,"level":30,"msg":"demo user seeder run successfully","time":"2023-08-28T11:32:56.877Z","src":{"file":"/home/ishika/Documents/thereugo-app/src/seeders/20230606080127-demo-user.js","line":35},"v":0}
{"name":"TUG_logs","hostname":"ishika-Latitude-7480","pid":624671,"level":30,"msg":"country seeder run successfully","time":"2023-08-28T11:32:57.016Z","src":{"file":"/home/ishika/Documents/thereugo-app/src/seeders/20230725064727-country.js","line":30},"v":0}
{"name":"TUG_logs","hostname":"ishika-Latitude-7480","pid":624671,"level":30,"msg":"country seeder run successfully","time":"2023-08-28T11:32:57.411Z","src":{"file":"/home/ishika/Documents/thereugo-app/src/seeders/20230725074315-state.js","line":35},"v":0}
{"name":"TUG_logs","hostname":"ishika-Latitude-7480","pid":624671,"level":30,"msg":"country seeder run successfully","time":"2023-08-28T11:32:57.742Z","src":{"file":"/home/ishika/Documents/thereugo-app/src/seeders/20230725074325-city.js","line":40},"v":0}
{"name":"TUG_logs","hostname":"ishika-Latitude-7480","pid":624671,"level":30,"msg":"Data seed successfull. ","time":"2023-08-28T11:32:57.890Z","src":{"file":"/home/ishika/Documents/thereugo-app/src/database/dbconnection.ts","line":53},"v":0}
{"name":"TUG_logs","hostname":"ishika-Latitude-7480","pid":625015,"level":30,"msg":"Database successfully connected.","time":"2023-08-28T11:33:30.241Z","src":{"file":"/home/ishika/Documents/thereugo-app/src/database/dbconnection.ts","line":46},"v":0}
{"name":"TUG_logs","hostname":"ishika-Latitude-7480","pid":625015,"level":30,"msg":"All migrations performed successfully.","time":"2023-08-28T11:33:30.281Z","src":{"file":"/home/ishika/Documents/thereugo-app/src/database/dbconnection.ts","line":50},"v":0}
{"name":"TUG_logs","hostname":"ishika-Latitude-7480","pid":625015,"level":30,"msg":"Data seed successfull. ","time":"2023-08-28T11:33:30.294Z","src":{"file":"/home/ishika/Documents/thereugo-app/src/database/dbconnection.ts","line":53},"v":0}
{"name":"TUG_logs","hostname":"ishika-Latitude-7480","pid":625260,"level":30,"msg":"Database successfully connected.","time":"2023-08-28T11:33:48.056Z","src":{"file":"/home/ishika/Documents/thereugo-app/src/database/dbconnection.ts","line":46},"v":0}
{"name":"TUG_logs","hostname":"ishika-Latitude-7480","pid":625260,"level":30,"msg":"End user Migration run successfully","time":"2023-08-28T11:33:48.261Z","src":{"file":"/home/ishika/Documents/thereugo-app/src/migrations/20230606045113-endUsers.js","line":98},"v":0}
{"name":"TUG_logs","hostname":"ishika-Latitude-7480","pid":625260,"level":30,"msg":"Tenant Migration run successfully","time":"2023-08-28T11:33:48.435Z","src":{"file":"/home/ishika/Documents/thereugo-app/src/migrations/20230606054740-tenants.js","line":108},"v":0}
{"name":"TUG_logs","hostname":"ishika-Latitude-7480","pid":625260,"level":30,"msg":"Tenant users Migration run successfully","time":"2023-08-28T11:33:48.565Z","src":{"file":"/home/ishika/Documents/thereugo-app/src/migrations/20230606055902-tenantUsers.js","line":94},"v":0}
{"name":"TUG_logs","hostname":"ishika-Latitude-7480","pid":625260,"level":30,"msg":"Tenant-enduser Migration run successfully","time":"2023-08-28T11:33:48.748Z","src":{"file":"/home/ishika/Documents/thereugo-app/src/migrations/20230606061204-tenantEndUsers.js","line":71},"v":0}
{"name":"TUG_logs","hostname":"ishika-Latitude-7480","pid":625260,"level":30,"msg":"Country City Migration run successfully","time":"2023-08-28T11:33:48.901Z","src":{"file":"/home/ishika/Documents/thereugo-app/src/migrations/20230717103319-countryCity.js","line":68},"v":0}
{"name":"TUG_logs","hostname":"ishika-Latitude-7480","pid":625260,"level":30,"msg":"cityPrice Migration run successfully","time":"2023-08-28T11:33:49.024Z","src":{"file":"/home/ishika/Documents/thereugo-app/src/migrations/20230720071248-cityPrice.js","line":100},"v":0}
{"name":"TUG_logs","hostname":"ishika-Latitude-7480","pid":625260,"level":30,"msg":"Coupon Migration run successfully","time":"2023-08-28T11:33:49.162Z","src":{"file":"/home/ishika/Documents/thereugo-app/src/migrations/20230721071246-coupon.js","line":115},"v":0}
{"name":"TUG_logs","hostname":"ishika-Latitude-7480","pid":625260,"level":30,"msg":"User City Migration run successfully","time":"2023-08-28T11:33:49.293Z","src":{"file":"/home/ishika/Documents/thereugo-app/src/migrations/20230721072153-userCity.js","line":96},"v":0}
{"name":"TUG_logs","hostname":"ishika-Latitude-7480","pid":625260,"level":30,"msg":"categories Migration run successfully","time":"2023-08-28T11:33:49.503Z","src":{"file":"/home/ishika/Documents/thereugo-app/src/migrations/20230721082525-category.js","line":57},"v":0}
{"name":"TUG_logs","hostname":"ishika-Latitude-7480","pid":625260,"level":30,"msg":"poi Migration run successfully","time":"2023-08-28T11:33:49.617Z","src":{"file":"/home/ishika/Documents/thereugo-app/src/migrations/20230721083347-poi.js","line":109},"v":0}
{"name":"TUG_logs","hostname":"ishika-Latitude-7480","pid":625260,"level":30,"msg":"attributes Migration run successfully","time":"2023-08-28T11:33:49.728Z","src":{"file":"/home/ishika/Documents/thereugo-app/src/migrations/20230725043335-attributes.js","line":48},"v":0}
{"name":"TUG_logs","hostname":"ishika-Latitude-7480","pid":625260,"level":30,"msg":"poiAttributes Migration run successfully","time":"2023-08-28T11:33:49.844Z","src":{"file":"/home/ishika/Documents/thereugo-app/src/migrations/20230725043340-poiAttribute.js","line":69},"v":0}
{"name":"TUG_logs","hostname":"ishika-Latitude-7480","pid":625260,"level":30,"msg":"Preference migration run successfully","time":"2023-08-28T11:33:49.971Z","src":{"file":"/home/ishika/Documents/thereugo-app/src/migrations/20230821060336-preference.js","line":65},"v":0}
{"name":"TUG_logs","hostname":"ishika-Latitude-7480","pid":625260,"level":30,"msg":"userPreference migration run successfully","time":"2023-08-28T11:33:50.083Z","src":{"file":"/home/ishika/Documents/thereugo-app/src/migrations/20230821061031-userPreference.js","line":75},"v":0}
{"name":"TUG_logs","hostname":"ishika-Latitude-7480","pid":625260,"level":30,"msg":"All migrations performed successfully.","time":"2023-08-28T11:33:50.089Z","src":{"file":"/home/ishika/Documents/thereugo-app/src/database/dbconnection.ts","line":50},"v":0}
{"name":"TUG_logs","hostname":"ishika-Latitude-7480","pid":625260,"level":30,"msg":"tugo tenant seeder run successfully","time":"2023-08-28T11:33:50.246Z","src":{"file":"/home/ishika/Documents/thereugo-app/src/seeders/20230606070252-tugo-tenant.js","line":25},"v":0}
{"name":"TUG_logs","hostname":"ishika-Latitude-7480","pid":625260,"level":30,"msg":"super admin seeder run successfully","time":"2023-08-28T11:33:50.845Z","src":{"file":"/home/ishika/Documents/thereugo-app/src/seeders/20230606074606-superAdmin.js","line":28},"v":0}
{"name":"TUG_logs","hostname":"ishika-Latitude-7480","pid":625260,"level":30,"msg":"demo user seeder run successfully","time":"2023-08-28T11:33:50.991Z","src":{"file":"/home/ishika/Documents/thereugo-app/src/seeders/20230606080127-demo-user.js","line":35},"v":0}
{"name":"TUG_logs","hostname":"ishika-Latitude-7480","pid":625260,"level":30,"msg":"country seeder run successfully","time":"2023-08-28T11:33:51.108Z","src":{"file":"/home/ishika/Documents/thereugo-app/src/seeders/20230725064727-country.js","line":30},"v":0}
{"name":"TUG_logs","hostname":"ishika-Latitude-7480","pid":625260,"level":30,"msg":"country seeder run successfully","time":"2023-08-28T11:33:51.508Z","src":{"file":"/home/ishika/Documents/thereugo-app/src/seeders/20230725074315-state.js","line":35},"v":0}
{"name":"TUG_logs","hostname":"ishika-Latitude-7480","pid":625260,"level":30,"msg":"country seeder run successfully","time":"2023-08-28T11:33:51.843Z","src":{"file":"/home/ishika/Documents/thereugo-app/src/seeders/20230725074325-city.js","line":40},"v":0}
{"name":"TUG_logs","hostname":"ishika-Latitude-7480","pid":625260,"level":30,"msg":"Data seed successfull. ","time":"2023-08-28T11:33:51.979Z","src":{"file":"/home/ishika/Documents/thereugo-app/src/database/dbconnection.ts","line":53},"v":0}
{"name":"TUG_logs","hostname":"ishika-Latitude-7480","pid":625651,"level":30,"msg":"Database successfully connected.","time":"2023-08-28T11:34:57.793Z","src":{"file":"/home/ishika/Documents/thereugo-app/src/database/dbconnection.ts","line":46},"v":0}
{"name":"TUG_logs","hostname":"ishika-Latitude-7480","pid":625651,"level":30,"msg":"End user Migration run successfully","time":"2023-08-28T11:34:57.988Z","src":{"file":"/home/ishika/Documents/thereugo-app/src/migrations/20230606045113-endUsers.js","line":98},"v":0}
{"name":"TUG_logs","hostname":"ishika-Latitude-7480","pid":625651,"level":30,"msg":"Tenant Migration run successfully","time":"2023-08-28T11:34:58.106Z","src":{"file":"/home/ishika/Documents/thereugo-app/src/migrations/20230606054740-tenants.js","line":108},"v":0}
{"name":"TUG_logs","hostname":"ishika-Latitude-7480","pid":625651,"level":30,"msg":"Tenant users Migration run successfully","time":"2023-08-28T11:34:58.217Z","src":{"file":"/home/ishika/Documents/thereugo-app/src/migrations/20230606055902-tenantUsers.js","line":94},"v":0}
{"name":"TUG_logs","hostname":"ishika-Latitude-7480","pid":625651,"level":30,"msg":"Tenant-enduser Migration run successfully","time":"2023-08-28T11:34:58.327Z","src":{"file":"/home/ishika/Documents/thereugo-app/src/migrations/20230606061204-tenantEndUsers.js","line":71},"v":0}
{"name":"TUG_logs","hostname":"ishika-Latitude-7480","pid":625651,"level":30,"msg":"Country City Migration run successfully","time":"2023-08-28T11:34:58.430Z","src":{"file":"/home/ishika/Documents/thereugo-app/src/migrations/20230717103319-countryCity.js","line":68},"v":0}
{"name":"TUG_logs","hostname":"ishika-Latitude-7480","pid":625651,"level":30,"msg":"cityPrice Migration run successfully","time":"2023-08-28T11:34:58.535Z","src":{"file":"/home/ishika/Documents/thereugo-app/src/migrations/20230720071248-cityPrice.js","line":100},"v":0}
{"name":"TUG_logs","hostname":"ishika-Latitude-7480","pid":625651,"level":30,"msg":"Coupon Migration run successfully","time":"2023-08-28T11:34:58.646Z","src":{"file":"/home/ishika/Documents/thereugo-app/src/migrations/20230721071246-coupon.js","line":115},"v":0}
{"name":"TUG_logs","hostname":"ishika-Latitude-7480","pid":625651,"level":30,"msg":"User City Migration run successfully","time":"2023-08-28T11:34:58.754Z","src":{"file":"/home/ishika/Documents/thereugo-app/src/migrations/20230721072153-userCity.js","line":96},"v":0}
{"name":"TUG_logs","hostname":"ishika-Latitude-7480","pid":625651,"level":30,"msg":"categories Migration run successfully","time":"2023-08-28T11:34:58.926Z","src":{"file":"/home/ishika/Documents/thereugo-app/src/migrations/20230721082525-category.js","line":57},"v":0}
{"name":"TUG_logs","hostname":"ishika-Latitude-7480","pid":625651,"level":30,"msg":"poi Migration run successfully","time":"2023-08-28T11:34:59.024Z","src":{"file":"/home/ishika/Documents/thereugo-app/src/migrations/20230721083347-poi.js","line":109},"v":0}
{"name":"TUG_logs","hostname":"ishika-Latitude-7480","pid":625651,"level":30,"msg":"attributes Migration run successfully","time":"2023-08-28T11:34:59.115Z","src":{"file":"/home/ishika/Documents/thereugo-app/src/migrations/20230725043335-attributes.js","line":48},"v":0}
{"name":"TUG_logs","hostname":"ishika-Latitude-7480","pid":625651,"level":30,"msg":"poiAttributes Migration run successfully","time":"2023-08-28T11:34:59.208Z","src":{"file":"/home/ishika/Documents/thereugo-app/src/migrations/20230725043340-poiAttribute.js","line":69},"v":0}
{"name":"TUG_logs","hostname":"ishika-Latitude-7480","pid":625651,"level":30,"msg":"Preference migration run successfully","time":"2023-08-28T11:34:59.319Z","src":{"file":"/home/ishika/Documents/thereugo-app/src/migrations/20230821060336-preference.js","line":65},"v":0}
{"name":"TUG_logs","hostname":"ishika-Latitude-7480","pid":625651,"level":30,"msg":"userPreference migration run successfully","time":"2023-08-28T11:34:59.415Z","src":{"file":"/home/ishika/Documents/thereugo-app/src/migrations/20230821061031-userPreference.js","line":75},"v":0}
{"name":"TUG_logs","hostname":"ishika-Latitude-7480","pid":625651,"level":30,"msg":"All migrations performed successfully.","time":"2023-08-28T11:34:59.421Z","src":{"file":"/home/ishika/Documents/thereugo-app/src/database/dbconnection.ts","line":50},"v":0}
{"name":"TUG_logs","hostname":"ishika-Latitude-7480","pid":625651,"level":30,"msg":"tugo tenant seeder run successfully","time":"2023-08-28T11:34:59.541Z","src":{"file":"/home/ishika/Documents/thereugo-app/src/seeders/20230606070252-tugo-tenant.js","line":25},"v":0}
{"name":"TUG_logs","hostname":"ishika-Latitude-7480","pid":625651,"level":30,"msg":"super admin seeder run successfully","time":"2023-08-28T11:35:00.097Z","src":{"file":"/home/ishika/Documents/thereugo-app/src/seeders/20230606074606-superAdmin.js","line":28},"v":0}
{"name":"TUG_logs","hostname":"ishika-Latitude-7480","pid":625651,"level":30,"msg":"demo user seeder run successfully","time":"2023-08-28T11:35:00.203Z","src":{"file":"/home/ishika/Documents/thereugo-app/src/seeders/20230606080127-demo-user.js","line":35},"v":0}
{"name":"TUG_logs","hostname":"ishika-Latitude-7480","pid":625651,"level":30,"msg":"country seeder run successfully","time":"2023-08-28T11:35:00.327Z","src":{"file":"/home/ishika/Documents/thereugo-app/src/seeders/20230725064727-country.js","line":30},"v":0}
{"name":"TUG_logs","hostname":"ishika-Latitude-7480","pid":625651,"level":30,"msg":"country seeder run successfully","time":"2023-08-28T11:35:00.694Z","src":{"file":"/home/ishika/Documents/thereugo-app/src/seeders/20230725074315-state.js","line":35},"v":0}
{"name":"TUG_logs","hostname":"ishika-Latitude-7480","pid":625651,"level":30,"msg":"country seeder run successfully","time":"2023-08-28T11:35:00.990Z","src":{"file":"/home/ishika/Documents/thereugo-app/src/seeders/20230725074325-city.js","line":40},"v":0}
{"name":"TUG_logs","hostname":"ishika-Latitude-7480","pid":625651,"level":30,"msg":"preference seeder run successfully","time":"2023-08-28T11:35:01.097Z","src":{"file":"/home/ishika/Documents/thereugo-app/src/seeders/20230828112123-pref.js","line":131},"v":0}
{"name":"TUG_logs","hostname":"ishika-Latitude-7480","pid":625651,"level":30,"msg":"Data seed successfull. ","time":"2023-08-28T11:35:01.106Z","src":{"file":"/home/ishika/Documents/thereugo-app/src/database/dbconnection.ts","line":53},"v":0}
{"name":"TUG_logs","hostname":"ishika-Latitude-7480","pid":626058,"level":30,"msg":"Database successfully connected.","time":"2023-08-28T11:35:50.508Z","src":{"file":"/home/ishika/Documents/thereugo-app/src/database/dbconnection.ts","line":46},"v":0}
{"name":"TUG_logs","hostname":"ishika-Latitude-7480","pid":626058,"level":30,"msg":"End user Migration run successfully","time":"2023-08-28T11:35:50.711Z","src":{"file":"/home/ishika/Documents/thereugo-app/src/migrations/20230606045113-endUsers.js","line":98},"v":0}
{"name":"TUG_logs","hostname":"ishika-Latitude-7480","pid":626058,"level":30,"msg":"Tenant Migration run successfully","time":"2023-08-28T11:35:50.827Z","src":{"file":"/home/ishika/Documents/thereugo-app/src/migrations/20230606054740-tenants.js","line":108},"v":0}
{"name":"TUG_logs","hostname":"ishika-Latitude-7480","pid":626058,"level":30,"msg":"Tenant users Migration run successfully","time":"2023-08-28T11:35:50.938Z","src":{"file":"/home/ishika/Documents/thereugo-app/src/migrations/20230606055902-tenantUsers.js","line":94},"v":0}
{"name":"TUG_logs","hostname":"ishika-Latitude-7480","pid":626058,"level":30,"msg":"Tenant-enduser Migration run successfully","time":"2023-08-28T11:35:51.045Z","src":{"file":"/home/ishika/Documents/thereugo-app/src/migrations/20230606061204-tenantEndUsers.js","line":71},"v":0}
{"name":"TUG_logs","hostname":"ishika-Latitude-7480","pid":626058,"level":30,"msg":"Country City Migration run successfully","time":"2023-08-28T11:35:51.146Z","src":{"file":"/home/ishika/Documents/thereugo-app/src/migrations/20230717103319-countryCity.js","line":68},"v":0}
{"name":"TUG_logs","hostname":"ishika-Latitude-7480","pid":626058,"level":30,"msg":"cityPrice Migration run successfully","time":"2023-08-28T11:35:51.248Z","src":{"file":"/home/ishika/Documents/thereugo-app/src/migrations/20230720071248-cityPrice.js","line":100},"v":0}
{"name":"TUG_logs","hostname":"ishika-Latitude-7480","pid":626058,"level":30,"msg":"Coupon Migration run successfully","time":"2023-08-28T11:35:51.360Z","src":{"file":"/home/ishika/Documents/thereugo-app/src/migrations/20230721071246-coupon.js","line":115},"v":0}
{"name":"TUG_logs","hostname":"ishika-Latitude-7480","pid":626058,"level":30,"msg":"User City Migration run successfully","time":"2023-08-28T11:35:51.476Z","src":{"file":"/home/ishika/Documents/thereugo-app/src/migrations/20230721072153-userCity.js","line":96},"v":0}
{"name":"TUG_logs","hostname":"ishika-Latitude-7480","pid":626058,"level":30,"msg":"categories Migration run successfully","time":"2023-08-28T11:35:51.656Z","src":{"file":"/home/ishika/Documents/thereugo-app/src/migrations/20230721082525-category.js","line":57},"v":0}
{"name":"TUG_logs","hostname":"ishika-Latitude-7480","pid":626058,"level":30,"msg":"poi Migration run successfully","time":"2023-08-28T11:35:51.752Z","src":{"file":"/home/ishika/Documents/thereugo-app/src/migrations/20230721083347-poi.js","line":109},"v":0}
{"name":"TUG_logs","hostname":"ishika-Latitude-7480","pid":626058,"level":30,"msg":"attributes Migration run successfully","time":"2023-08-28T11:35:51.847Z","src":{"file":"/home/ishika/Documents/thereugo-app/src/migrations/20230725043335-attributes.js","line":48},"v":0}
{"name":"TUG_logs","hostname":"ishika-Latitude-7480","pid":626058,"level":30,"msg":"poiAttributes Migration run successfully","time":"2023-08-28T11:35:51.945Z","src":{"file":"/home/ishika/Documents/thereugo-app/src/migrations/20230725043340-poiAttribute.js","line":69},"v":0}
{"name":"TUG_logs","hostname":"ishika-Latitude-7480","pid":626058,"level":30,"msg":"Preference migration run successfully","time":"2023-08-28T11:35:52.056Z","src":{"file":"/home/ishika/Documents/thereugo-app/src/migrations/20230821060336-preference.js","line":65},"v":0}
{"name":"TUG_logs","hostname":"ishika-Latitude-7480","pid":626058,"level":30,"msg":"userPreference migration run successfully","time":"2023-08-28T11:35:52.150Z","src":{"file":"/home/ishika/Documents/thereugo-app/src/migrations/20230821061031-userPreference.js","line":75},"v":0}
{"name":"TUG_logs","hostname":"ishika-Latitude-7480","pid":626058,"level":30,"msg":"All migrations performed successfully.","time":"2023-08-28T11:35:52.156Z","src":{"file":"/home/ishika/Documents/thereugo-app/src/database/dbconnection.ts","line":50},"v":0}
{"name":"TUG_logs","hostname":"ishika-Latitude-7480","pid":626058,"level":30,"msg":"tugo tenant seeder run successfully","time":"2023-08-28T11:35:52.269Z","src":{"file":"/home/ishika/Documents/thereugo-app/src/seeders/20230606070252-tugo-tenant.js","line":25},"v":0}
{"name":"TUG_logs","hostname":"ishika-Latitude-7480","pid":626058,"level":30,"msg":"super admin seeder run successfully","time":"2023-08-28T11:35:52.816Z","src":{"file":"/home/ishika/Documents/thereugo-app/src/seeders/20230606074606-superAdmin.js","line":28},"v":0}
{"name":"TUG_logs","hostname":"ishika-Latitude-7480","pid":626058,"level":30,"msg":"demo user seeder run successfully","time":"2023-08-28T11:35:52.931Z","src":{"file":"/home/ishika/Documents/thereugo-app/src/seeders/20230606080127-demo-user.js","line":35},"v":0}
{"name":"TUG_logs","hostname":"ishika-Latitude-7480","pid":626058,"level":30,"msg":"country seeder run successfully","time":"2023-08-28T11:35:53.044Z","src":{"file":"/home/ishika/Documents/thereugo-app/src/seeders/20230725064727-country.js","line":30},"v":0}
{"name":"TUG_logs","hostname":"ishika-Latitude-7480","pid":626058,"level":30,"msg":"country seeder run successfully","time":"2023-08-28T11:35:53.430Z","src":{"file":"/home/ishika/Documents/thereugo-app/src/seeders/20230725074315-state.js","line":35},"v":0}
{"name":"TUG_logs","hostname":"ishika-Latitude-7480","pid":626058,"level":30,"msg":"country seeder run successfully","time":"2023-08-28T11:35:53.732Z","src":{"file":"/home/ishika/Documents/thereugo-app/src/seeders/20230725074325-city.js","line":40},"v":0}
{"name":"TUG_logs","hostname":"ishika-Latitude-7480","pid":626058,"level":30,"msg":"preference seeder run successfully","time":"2023-08-28T11:35:53.840Z","src":{"file":"/home/ishika/Documents/thereugo-app/src/seeders/20230828112123-pref.js","line":131},"v":0}
{"name":"TUG_logs","hostname":"ishika-Latitude-7480","pid":626058,"level":30,"msg":"Data seed successfull. ","time":"2023-08-28T11:35:53.849Z","src":{"file":"/home/ishika/Documents/thereugo-app/src/database/dbconnection.ts","line":53},"v":0}
{"name":"TUG_logs","hostname":"ishika-Latitude-7480","pid":629442,"level":30,"msg":"Database successfully connected.","time":"2023-08-28T12:12:08.535Z","src":{"file":"/home/ishika/Documents/thereugo-app/src/database/dbconnection.ts","line":46},"v":0}
{"name":"TUG_logs","hostname":"ishika-Latitude-7480","pid":629442,"level":30,"msg":"All migrations performed successfully.","time":"2023-08-28T12:12:08.568Z","src":{"file":"/home/ishika/Documents/thereugo-app/src/database/dbconnection.ts","line":50},"v":0}
{"name":"TUG_logs","hostname":"ishika-Latitude-7480","pid":629442,"level":30,"msg":"Data seed successfull. ","time":"2023-08-28T12:12:08.581Z","src":{"file":"/home/ishika/Documents/thereugo-app/src/database/dbconnection.ts","line":53},"v":0}
{"name":"TUG_logs","hostname":"ishika-Latitude-7480","pid":629669,"level":30,"msg":"Database successfully connected.","time":"2023-08-28T12:12:20.595Z","src":{"file":"/home/ishika/Documents/thereugo-app/src/database/dbconnection.ts","line":46},"v":0}
{"name":"TUG_logs","hostname":"ishika-Latitude-7480","pid":629669,"level":30,"msg":"All migrations performed successfully.","time":"2023-08-28T12:12:20.635Z","src":{"file":"/home/ishika/Documents/thereugo-app/src/database/dbconnection.ts","line":50},"v":0}
{"name":"TUG_logs","hostname":"ishika-Latitude-7480","pid":629669,"level":30,"msg":"Data seed successfull. ","time":"2023-08-28T12:12:20.644Z","src":{"file":"/home/ishika/Documents/thereugo-app/src/database/dbconnection.ts","line":53},"v":0}
{"name":"TUG_logs","hostname":"ishika-Latitude-7480","pid":630124,"level":30,"msg":"Database successfully connected.","time":"2023-08-28T12:12:49.236Z","src":{"file":"/home/ishika/Documents/thereugo-app/src/database/dbconnection.ts","line":46},"v":0}
{"name":"TUG_logs","hostname":"ishika-Latitude-7480","pid":630124,"level":30,"msg":"All migrations performed successfully.","time":"2023-08-28T12:12:49.269Z","src":{"file":"/home/ishika/Documents/thereugo-app/src/database/dbconnection.ts","line":50},"v":0}
{"name":"TUG_logs","hostname":"ishika-Latitude-7480","pid":630124,"level":30,"msg":"Data seed successfull. ","time":"2023-08-28T12:12:49.281Z","src":{"file":"/home/ishika/Documents/thereugo-app/src/database/dbconnection.ts","line":53},"v":0}
{"name":"TUG_logs","hostname":"ishika-Latitude-7480","pid":630523,"level":30,"msg":"Database successfully connected.","time":"2023-08-28T12:13:25.664Z","src":{"file":"/home/ishika/Documents/thereugo-app/src/database/dbconnection.ts","line":46},"v":0}
{"name":"TUG_logs","hostname":"ishika-Latitude-7480","pid":630523,"level":30,"msg":"End user Migration run successfully","time":"2023-08-28T12:13:25.851Z","src":{"file":"/home/ishika/Documents/thereugo-app/src/migrations/20230606045113-endUsers.js","line":98},"v":0}
{"name":"TUG_logs","hostname":"ishika-Latitude-7480","pid":630523,"level":30,"msg":"Tenant Migration run successfully","time":"2023-08-28T12:13:25.973Z","src":{"file":"/home/ishika/Documents/thereugo-app/src/migrations/20230606054740-tenants.js","line":108},"v":0}
{"name":"TUG_logs","hostname":"ishika-Latitude-7480","pid":630523,"level":30,"msg":"Tenant users Migration run successfully","time":"2023-08-28T12:13:26.088Z","src":{"file":"/home/ishika/Documents/thereugo-app/src/migrations/20230606055902-tenantUsers.js","line":94},"v":0}
{"name":"TUG_logs","hostname":"ishika-Latitude-7480","pid":630523,"level":30,"msg":"Tenant-enduser Migration run successfully","time":"2023-08-28T12:13:26.186Z","src":{"file":"/home/ishika/Documents/thereugo-app/src/migrations/20230606061204-tenantEndUsers.js","line":71},"v":0}
{"name":"TUG_logs","hostname":"ishika-Latitude-7480","pid":630523,"level":30,"msg":"Country City Migration run successfully","time":"2023-08-28T12:13:26.285Z","src":{"file":"/home/ishika/Documents/thereugo-app/src/migrations/20230717103319-countryCity.js","line":68},"v":0}
{"name":"TUG_logs","hostname":"ishika-Latitude-7480","pid":630523,"level":30,"msg":"cityPrice Migration run successfully","time":"2023-08-28T12:13:26.387Z","src":{"file":"/home/ishika/Documents/thereugo-app/src/migrations/20230720071248-cityPrice.js","line":100},"v":0}
{"name":"TUG_logs","hostname":"ishika-Latitude-7480","pid":630523,"level":30,"msg":"Coupon Migration run successfully","time":"2023-08-28T12:13:26.512Z","src":{"file":"/home/ishika/Documents/thereugo-app/src/migrations/20230721071246-coupon.js","line":115},"v":0}
{"name":"TUG_logs","hostname":"ishika-Latitude-7480","pid":630523,"level":30,"msg":"User City Migration run successfully","time":"2023-08-28T12:13:26.628Z","src":{"file":"/home/ishika/Documents/thereugo-app/src/migrations/20230721072153-userCity.js","line":96},"v":0}
{"name":"TUG_logs","hostname":"ishika-Latitude-7480","pid":630523,"level":30,"msg":"categories Migration run successfully","time":"2023-08-28T12:13:26.803Z","src":{"file":"/home/ishika/Documents/thereugo-app/src/migrations/20230721082525-category.js","line":57},"v":0}
{"name":"TUG_logs","hostname":"ishika-Latitude-7480","pid":630523,"level":30,"msg":"poi Migration run successfully","time":"2023-08-28T12:13:26.909Z","src":{"file":"/home/ishika/Documents/thereugo-app/src/migrations/20230721083347-poi.js","line":109},"v":0}
{"name":"TUG_logs","hostname":"ishika-Latitude-7480","pid":630523,"level":30,"msg":"attributes Migration run successfully","time":"2023-08-28T12:13:26.997Z","src":{"file":"/home/ishika/Documents/thereugo-app/src/migrations/20230725043335-attributes.js","line":48},"v":0}
{"name":"TUG_logs","hostname":"ishika-Latitude-7480","pid":630523,"level":30,"msg":"poiAttributes Migration run successfully","time":"2023-08-28T12:13:27.092Z","src":{"file":"/home/ishika/Documents/thereugo-app/src/migrations/20230725043340-poiAttribute.js","line":69},"v":0}
{"name":"TUG_logs","hostname":"ishika-Latitude-7480","pid":630523,"level":30,"msg":"Preference migration run successfully","time":"2023-08-28T12:13:27.203Z","src":{"file":"/home/ishika/Documents/thereugo-app/src/migrations/20230821060336-preference.js","line":65},"v":0}
{"name":"TUG_logs","hostname":"ishika-Latitude-7480","pid":630523,"level":30,"msg":"userPreference migration run successfully","time":"2023-08-28T12:13:27.292Z","src":{"file":"/home/ishika/Documents/thereugo-app/src/migrations/20230821061031-userPreference.js","line":75},"v":0}
{"name":"TUG_logs","hostname":"ishika-Latitude-7480","pid":630523,"level":30,"msg":"All migrations performed successfully.","time":"2023-08-28T12:13:27.298Z","src":{"file":"/home/ishika/Documents/thereugo-app/src/database/dbconnection.ts","line":50},"v":0}
{"name":"TUG_logs","hostname":"ishika-Latitude-7480","pid":630523,"level":30,"msg":"tugo tenant seeder run successfully","time":"2023-08-28T12:13:27.416Z","src":{"file":"/home/ishika/Documents/thereugo-app/src/seeders/20230606070252-tugo-tenant.js","line":25},"v":0}
{"name":"TUG_logs","hostname":"ishika-Latitude-7480","pid":630523,"level":30,"msg":"super admin seeder run successfully","time":"2023-08-28T12:13:27.981Z","src":{"file":"/home/ishika/Documents/thereugo-app/src/seeders/20230606074606-superAdmin.js","line":28},"v":0}
{"name":"TUG_logs","hostname":"ishika-Latitude-7480","pid":630523,"level":30,"msg":"demo user seeder run successfully","time":"2023-08-28T12:13:28.095Z","src":{"file":"/home/ishika/Documents/thereugo-app/src/seeders/20230606080127-demo-user.js","line":35},"v":0}
{"name":"TUG_logs","hostname":"ishika-Latitude-7480","pid":630523,"level":30,"msg":"country seeder run successfully","time":"2023-08-28T12:13:28.196Z","src":{"file":"/home/ishika/Documents/thereugo-app/src/seeders/20230725064727-country.js","line":30},"v":0}
{"name":"TUG_logs","hostname":"ishika-Latitude-7480","pid":630523,"level":30,"msg":"country seeder run successfully","time":"2023-08-28T12:13:28.553Z","src":{"file":"/home/ishika/Documents/thereugo-app/src/seeders/20230725074315-state.js","line":35},"v":0}
{"name":"TUG_logs","hostname":"ishika-Latitude-7480","pid":630523,"level":30,"msg":"country seeder run successfully","time":"2023-08-28T12:13:28.868Z","src":{"file":"/home/ishika/Documents/thereugo-app/src/seeders/20230725074325-city.js","line":40},"v":0}
{"name":"TUG_logs","hostname":"ishika-Latitude-7480","pid":630523,"level":30,"msg":"preference seeder run successfully","time":"2023-08-28T12:13:28.972Z","src":{"file":"/home/ishika/Documents/thereugo-app/src/seeders/20230828112123-pref.js","line":131},"v":0}
{"name":"TUG_logs","hostname":"ishika-Latitude-7480","pid":630523,"level":30,"msg":"Data seed successfull. ","time":"2023-08-28T12:13:28.982Z","src":{"file":"/home/ishika/Documents/thereugo-app/src/database/dbconnection.ts","line":53},"v":0}
{"name":"TUG_logs","hostname":"ishika-Latitude-7480","pid":630753,"level":30,"msg":"Database successfully connected.","time":"2023-08-28T12:13:51.167Z","src":{"file":"/home/ishika/Documents/thereugo-app/src/database/dbconnection.ts","line":46},"v":0}
{"name":"TUG_logs","hostname":"ishika-Latitude-7480","pid":630753,"level":30,"msg":"All migrations performed successfully.","time":"2023-08-28T12:13:51.205Z","src":{"file":"/home/ishika/Documents/thereugo-app/src/database/dbconnection.ts","line":50},"v":0}
{"name":"TUG_logs","hostname":"ishika-Latitude-7480","pid":630753,"level":30,"msg":"Data seed successfull. ","time":"2023-08-28T12:13:51.219Z","src":{"file":"/home/ishika/Documents/thereugo-app/src/database/dbconnection.ts","line":53},"v":0}
{"name":"TUG_logs","hostname":"ishika-Latitude-7480","pid":630898,"level":30,"msg":"Database successfully connected.","time":"2023-08-28T12:13:58.463Z","src":{"file":"/home/ishika/Documents/thereugo-app/src/database/dbconnection.ts","line":46},"v":0}
{"name":"TUG_logs","hostname":"ishika-Latitude-7480","pid":630898,"level":30,"msg":"All migrations performed successfully.","time":"2023-08-28T12:13:58.503Z","src":{"file":"/home/ishika/Documents/thereugo-app/src/database/dbconnection.ts","line":50},"v":0}
{"name":"TUG_logs","hostname":"ishika-Latitude-7480","pid":630898,"level":30,"msg":"Data seed successfull. ","time":"2023-08-28T12:13:58.517Z","src":{"file":"/home/ishika/Documents/thereugo-app/src/database/dbconnection.ts","line":53},"v":0}
{"name":"TUG_logs","hostname":"ishika-Latitude-7480","pid":631039,"level":30,"msg":"Database successfully connected.","time":"2023-08-28T12:14:08.271Z","src":{"file":"/home/ishika/Documents/thereugo-app/src/database/dbconnection.ts","line":46},"v":0}
{"name":"TUG_logs","hostname":"ishika-Latitude-7480","pid":631039,"level":30,"msg":"All migrations performed successfully.","time":"2023-08-28T12:14:08.307Z","src":{"file":"/home/ishika/Documents/thereugo-app/src/database/dbconnection.ts","line":50},"v":0}
{"name":"TUG_logs","hostname":"ishika-Latitude-7480","pid":631039,"level":30,"msg":"Data seed successfull. ","time":"2023-08-28T12:14:08.317Z","src":{"file":"/home/ishika/Documents/thereugo-app/src/database/dbconnection.ts","line":53},"v":0}
{"name":"TUG_logs","hostname":"ishika-Latitude-7480","pid":631314,"level":30,"msg":"Database successfully connected.","time":"2023-08-28T12:15:04.905Z","src":{"file":"/home/ishika/Documents/thereugo-app/src/database/dbconnection.ts","line":46},"v":0}
{"name":"TUG_logs","hostname":"ishika-Latitude-7480","pid":631314,"level":30,"msg":"All migrations performed successfully.","time":"2023-08-28T12:15:04.938Z","src":{"file":"/home/ishika/Documents/thereugo-app/src/database/dbconnection.ts","line":50},"v":0}
{"name":"TUG_logs","hostname":"ishika-Latitude-7480","pid":631314,"level":30,"msg":"Data seed successfull. ","time":"2023-08-28T12:15:04.947Z","src":{"file":"/home/ishika/Documents/thereugo-app/src/database/dbconnection.ts","line":53},"v":0}
{"name":"TUG_logs","hostname":"ishika-Latitude-7480","pid":631722,"level":30,"msg":"Database successfully connected.","time":"2023-08-28T12:16:14.461Z","src":{"file":"/home/ishika/Documents/thereugo-app/src/database/dbconnection.ts","line":46},"v":0}
{"name":"TUG_logs","hostname":"ishika-Latitude-7480","pid":631722,"level":30,"msg":"All migrations performed successfully.","time":"2023-08-28T12:16:14.492Z","src":{"file":"/home/ishika/Documents/thereugo-app/src/database/dbconnection.ts","line":50},"v":0}
{"name":"TUG_logs","hostname":"ishika-Latitude-7480","pid":631722,"level":30,"msg":"Data seed successfull. ","time":"2023-08-28T12:16:14.503Z","src":{"file":"/home/ishika/Documents/thereugo-app/src/database/dbconnection.ts","line":53},"v":0}
{"name":"TUG_logs","hostname":"ishika-Latitude-7480","pid":641254,"level":30,"msg":"Database successfully connected.","time":"2023-08-28T18:39:37.010Z","src":{"file":"/home/ishika/Documents/thereugo-app/src/database/dbconnection.ts","line":46},"v":0}
{"name":"TUG_logs","hostname":"ishika-Latitude-7480","pid":641254,"level":30,"msg":"All migrations performed successfully.","time":"2023-08-28T18:39:37.037Z","src":{"file":"/home/ishika/Documents/thereugo-app/src/database/dbconnection.ts","line":50},"v":0}
{"name":"TUG_logs","hostname":"ishika-Latitude-7480","pid":641254,"level":30,"msg":"Data seed successfull. ","time":"2023-08-28T18:39:37.046Z","src":{"file":"/home/ishika/Documents/thereugo-app/src/database/dbconnection.ts","line":53},"v":0}
