{"name":"TUG_logs","hostname":"ishika-Latitude-7480","pid":121206,"level":30,"msg":"Database successfully connected.","time":"2023-09-29T10:15:33.616Z","src":{"file":"/home/ishika/Documents/thereugo-app/src/database/dbconnection.ts","line":46},"v":0}
{"name":"TUG_logs","hostname":"ishika-Latitude-7480","pid":121206,"level":30,"msg":"All migrations performed successfully.","time":"2023-09-29T10:15:33.669Z","src":{"file":"/home/ishika/Documents/thereugo-app/src/database/dbconnection.ts","line":50},"v":0}
{"name":"TUG_logs","hostname":"ishika-Latitude-7480","pid":121206,"level":30,"msg":"Data seed successfull. ","time":"2023-09-29T10:15:33.681Z","src":{"file":"/home/ishika/Documents/thereugo-app/src/database/dbconnection.ts","line":53},"v":0}
{"name":"TUG_logs","hostname":"ishika-Latitude-7480","pid":124632,"level":30,"msg":"Database successfully connected.","time":"2023-09-29T11:00:12.255Z","src":{"file":"/home/ishika/Documents/thereugo-app/src/database/dbconnection.ts","line":46},"v":0}
{"name":"TUG_logs","hostname":"ishika-Latitude-7480","pid":124632,"level":30,"msg":"All migrations performed successfully.","time":"2023-09-29T11:00:12.287Z","src":{"file":"/home/ishika/Documents/thereugo-app/src/database/dbconnection.ts","line":50},"v":0}
{"name":"TUG_logs","hostname":"ishika-Latitude-7480","pid":124632,"level":30,"msg":"Data seed successfull. ","time":"2023-09-29T11:00:12.297Z","src":{"file":"/home/ishika/Documents/thereugo-app/src/database/dbconnection.ts","line":53},"v":0}
{"name":"TUG_logs","hostname":"ishika-Latitude-7480","pid":124632,"level":50,"msg":"Error in getting details of itenarary [WrapperService] {\n  detail: [\n    {\n      type: 'missing',\n      loc: [Array],\n      msg: 'Field required',\n      input: null,\n      url: 'https://errors.pydantic.dev/2.3/v/missing'\n    }\n  ]\n}","time":"2023-09-29T15:46:09.673Z","src":{"file":"/home/ishika/Documents/thereugo-app/src/modules/itenariesManagement/utils/externalComm.ts","line":104},"v":0}
{"name":"TUG_logs","hostname":"ishika-Latitude-7480","pid":124632,"level":50,"msg":"Error in getting details of itenarary [WrapperService] {\n  detail: [\n    {\n      type: 'missing',\n      loc: [Array],\n      msg: 'Field required',\n      input: null,\n      url: 'https://errors.pydantic.dev/2.3/v/missing'\n    }\n  ]\n}","time":"2023-09-29T15:48:12.552Z","src":{"file":"/home/ishika/Documents/thereugo-app/src/modules/itenariesManagement/utils/externalComm.ts","line":104},"v":0}
{"name":"TUG_logs","hostname":"ishika-Latitude-7480","pid":151068,"level":30,"msg":"Database successfully connected.","time":"2023-09-29T15:59:22.931Z","src":{"file":"/home/ishika/Documents/thereugo-app/src/database/dbconnection.ts","line":46},"v":0}
{"name":"TUG_logs","hostname":"ishika-Latitude-7480","pid":151068,"level":30,"msg":"All migrations performed successfully.","time":"2023-09-29T15:59:22.975Z","src":{"file":"/home/ishika/Documents/thereugo-app/src/database/dbconnection.ts","line":50},"v":0}
{"name":"TUG_logs","hostname":"ishika-Latitude-7480","pid":151068,"level":30,"msg":"Data seed successfull. ","time":"2023-09-29T15:59:22.986Z","src":{"file":"/home/ishika/Documents/thereugo-app/src/database/dbconnection.ts","line":53},"v":0}
{"name":"TUG_logs","hostname":"ishika-Latitude-7480","pid":153228,"level":30,"msg":"Database successfully connected.","time":"2023-09-29T16:03:32.616Z","src":{"file":"/home/ishika/Documents/thereugo-app/src/database/dbconnection.ts","line":46},"v":0}
{"name":"TUG_logs","hostname":"ishika-Latitude-7480","pid":153228,"level":30,"msg":"All migrations performed successfully.","time":"2023-09-29T16:03:32.653Z","src":{"file":"/home/ishika/Documents/thereugo-app/src/database/dbconnection.ts","line":50},"v":0}
{"name":"TUG_logs","hostname":"ishika-Latitude-7480","pid":153228,"level":30,"msg":"Data seed successfull. ","time":"2023-09-29T16:03:32.664Z","src":{"file":"/home/ishika/Documents/thereugo-app/src/database/dbconnection.ts","line":53},"v":0}
{"name":"TUG_logs","hostname":"ishika-Latitude-7480","pid":153228,"level":50,"msg":"Error in getting details of itenarary [WrapperService] TypeError: response.map is not a function\n    at ItineraryWrapperService.<anonymous> (/home/ishika/Documents/thereugo-app/src/modules/itenariesManagement/utils/externalComm.ts:98:38)\n    at Generator.next (<anonymous>)\n    at fulfilled (/home/ishika/Documents/thereugo-app/src/modules/itenariesManagement/utils/externalComm.ts:5:58)\n    at processTicksAndRejections (node:internal/process/task_queues:96:5)","time":"2023-09-29T16:03:38.358Z","src":{"file":"/home/ishika/Documents/thereugo-app/src/modules/itenariesManagement/utils/externalComm.ts","line":112},"v":0}
{"name":"TUG_logs","hostname":"ishika-Latitude-7480","pid":153538,"level":30,"msg":"Database successfully connected.","time":"2023-09-29T16:04:37.959Z","src":{"file":"/home/ishika/Documents/thereugo-app/src/database/dbconnection.ts","line":46},"v":0}
{"name":"TUG_logs","hostname":"ishika-Latitude-7480","pid":153538,"level":30,"msg":"All migrations performed successfully.","time":"2023-09-29T16:04:38.001Z","src":{"file":"/home/ishika/Documents/thereugo-app/src/database/dbconnection.ts","line":50},"v":0}
{"name":"TUG_logs","hostname":"ishika-Latitude-7480","pid":153538,"level":30,"msg":"Data seed successfull. ","time":"2023-09-29T16:04:38.021Z","src":{"file":"/home/ishika/Documents/thereugo-app/src/database/dbconnection.ts","line":53},"v":0}
{"name":"TUG_logs","hostname":"ishika-Latitude-7480","pid":164694,"level":30,"msg":"Database successfully connected.","time":"2023-09-30T05:53:26.110Z","src":{"file":"/home/ishika/Documents/thereugo-app/src/database/dbconnection.ts","line":46},"v":0}
{"name":"TUG_logs","hostname":"ishika-Latitude-7480","pid":164694,"level":30,"msg":"All migrations performed successfully.","time":"2023-09-30T05:53:26.138Z","src":{"file":"/home/ishika/Documents/thereugo-app/src/database/dbconnection.ts","line":50},"v":0}
{"name":"TUG_logs","hostname":"ishika-Latitude-7480","pid":164694,"level":30,"msg":"Data seed successfull. ","time":"2023-09-30T05:53:26.148Z","src":{"file":"/home/ishika/Documents/thereugo-app/src/database/dbconnection.ts","line":53},"v":0}
{"name":"TUG_logs","hostname":"ishika-Latitude-7480","pid":165045,"level":30,"msg":"Database successfully connected.","time":"2023-09-30T05:54:13.340Z","src":{"file":"/home/ishika/Documents/thereugo-app/src/database/dbconnection.ts","line":46},"v":0}
{"name":"TUG_logs","hostname":"ishika-Latitude-7480","pid":165045,"level":30,"msg":"All migrations performed successfully.","time":"2023-09-30T05:54:13.371Z","src":{"file":"/home/ishika/Documents/thereugo-app/src/database/dbconnection.ts","line":50},"v":0}
{"name":"TUG_logs","hostname":"ishika-Latitude-7480","pid":165045,"level":30,"msg":"Data seed successfull. ","time":"2023-09-30T05:54:13.380Z","src":{"file":"/home/ishika/Documents/thereugo-app/src/database/dbconnection.ts","line":53},"v":0}
{"name":"TUG_logs","hostname":"ishika-Latitude-7480","pid":165241,"level":30,"msg":"Database successfully connected.","time":"2023-09-30T05:54:29.478Z","src":{"file":"/home/ishika/Documents/thereugo-app/src/database/dbconnection.ts","line":46},"v":0}
{"name":"TUG_logs","hostname":"ishika-Latitude-7480","pid":165241,"level":30,"msg":"All migrations performed successfully.","time":"2023-09-30T05:54:29.509Z","src":{"file":"/home/ishika/Documents/thereugo-app/src/database/dbconnection.ts","line":50},"v":0}
{"name":"TUG_logs","hostname":"ishika-Latitude-7480","pid":165241,"level":30,"msg":"Data seed successfull. ","time":"2023-09-30T05:54:29.521Z","src":{"file":"/home/ishika/Documents/thereugo-app/src/database/dbconnection.ts","line":53},"v":0}
{"name":"TUG_logs","hostname":"ishika-Latitude-7480","pid":166124,"level":30,"msg":"Database successfully connected.","time":"2023-09-30T06:00:21.665Z","src":{"file":"/home/ishika/Documents/thereugo-app/src/database/dbconnection.ts","line":46},"v":0}
{"name":"TUG_logs","hostname":"ishika-Latitude-7480","pid":166124,"level":30,"msg":"All migrations performed successfully.","time":"2023-09-30T06:00:21.693Z","src":{"file":"/home/ishika/Documents/thereugo-app/src/database/dbconnection.ts","line":50},"v":0}
{"name":"TUG_logs","hostname":"ishika-Latitude-7480","pid":166124,"level":30,"msg":"Data seed successfull. ","time":"2023-09-30T06:00:21.704Z","src":{"file":"/home/ishika/Documents/thereugo-app/src/database/dbconnection.ts","line":53},"v":0}
{"name":"TUG_logs","hostname":"ishika-Latitude-7480","pid":167398,"level":30,"msg":"Database successfully connected.","time":"2023-09-30T06:06:20.749Z","src":{"file":"/home/ishika/Documents/thereugo-app/src/database/dbconnection.ts","line":46},"v":0}
{"name":"TUG_logs","hostname":"ishika-Latitude-7480","pid":167398,"level":30,"msg":"All migrations performed successfully.","time":"2023-09-30T06:06:20.784Z","src":{"file":"/home/ishika/Documents/thereugo-app/src/database/dbconnection.ts","line":50},"v":0}
{"name":"TUG_logs","hostname":"ishika-Latitude-7480","pid":167398,"level":30,"msg":"Data seed successfull. ","time":"2023-09-30T06:06:20.795Z","src":{"file":"/home/ishika/Documents/thereugo-app/src/database/dbconnection.ts","line":53},"v":0}
{"name":"TUG_logs","hostname":"ishika-Latitude-7480","pid":167674,"level":30,"msg":"Database successfully connected.","time":"2023-09-30T06:06:44.907Z","src":{"file":"/home/ishika/Documents/thereugo-app/src/database/dbconnection.ts","line":46},"v":0}
{"name":"TUG_logs","hostname":"ishika-Latitude-7480","pid":167674,"level":30,"msg":"All migrations performed successfully.","time":"2023-09-30T06:06:44.950Z","src":{"file":"/home/ishika/Documents/thereugo-app/src/database/dbconnection.ts","line":50},"v":0}
{"name":"TUG_logs","hostname":"ishika-Latitude-7480","pid":167674,"level":30,"msg":"Data seed successfull. ","time":"2023-09-30T06:06:44.964Z","src":{"file":"/home/ishika/Documents/thereugo-app/src/database/dbconnection.ts","line":53},"v":0}
{"name":"TUG_logs","hostname":"ishika-Latitude-7480","pid":168080,"level":30,"msg":"Database successfully connected.","time":"2023-09-30T06:07:13.022Z","src":{"file":"/home/ishika/Documents/thereugo-app/src/database/dbconnection.ts","line":46},"v":0}
{"name":"TUG_logs","hostname":"ishika-Latitude-7480","pid":168080,"level":30,"msg":"All migrations performed successfully.","time":"2023-09-30T06:07:13.046Z","src":{"file":"/home/ishika/Documents/thereugo-app/src/database/dbconnection.ts","line":50},"v":0}
{"name":"TUG_logs","hostname":"ishika-Latitude-7480","pid":168080,"level":30,"msg":"Data seed successfull. ","time":"2023-09-30T06:07:13.056Z","src":{"file":"/home/ishika/Documents/thereugo-app/src/database/dbconnection.ts","line":53},"v":0}
{"name":"TUG_logs","hostname":"ishika-Latitude-7480","pid":168742,"level":30,"msg":"Database successfully connected.","time":"2023-09-30T06:10:43.243Z","src":{"file":"/home/ishika/Documents/thereugo-app/src/database/dbconnection.ts","line":46},"v":0}
{"name":"TUG_logs","hostname":"ishika-Latitude-7480","pid":168742,"level":30,"msg":"All migrations performed successfully.","time":"2023-09-30T06:10:43.272Z","src":{"file":"/home/ishika/Documents/thereugo-app/src/database/dbconnection.ts","line":50},"v":0}
{"name":"TUG_logs","hostname":"ishika-Latitude-7480","pid":168742,"level":30,"msg":"Data seed successfull. ","time":"2023-09-30T06:10:43.281Z","src":{"file":"/home/ishika/Documents/thereugo-app/src/database/dbconnection.ts","line":53},"v":0}
{"name":"TUG_logs","hostname":"ishika-Latitude-7480","pid":168865,"level":30,"msg":"Database successfully connected.","time":"2023-09-30T06:10:57.630Z","src":{"file":"/home/ishika/Documents/thereugo-app/src/database/dbconnection.ts","line":46},"v":0}
{"name":"TUG_logs","hostname":"ishika-Latitude-7480","pid":168865,"level":30,"msg":"All migrations performed successfully.","time":"2023-09-30T06:10:57.660Z","src":{"file":"/home/ishika/Documents/thereugo-app/src/database/dbconnection.ts","line":50},"v":0}
{"name":"TUG_logs","hostname":"ishika-Latitude-7480","pid":168865,"level":30,"msg":"Data seed successfull. ","time":"2023-09-30T06:10:57.669Z","src":{"file":"/home/ishika/Documents/thereugo-app/src/database/dbconnection.ts","line":53},"v":0}
{"name":"TUG_logs","hostname":"ishika-Latitude-7480","pid":169732,"level":30,"msg":"Database successfully connected.","time":"2023-09-30T06:17:11.455Z","src":{"file":"/home/ishika/Documents/thereugo-app/src/database/dbconnection.ts","line":46},"v":0}
{"name":"TUG_logs","hostname":"ishika-Latitude-7480","pid":169732,"level":30,"msg":"All migrations performed successfully.","time":"2023-09-30T06:17:11.490Z","src":{"file":"/home/ishika/Documents/thereugo-app/src/database/dbconnection.ts","line":50},"v":0}
{"name":"TUG_logs","hostname":"ishika-Latitude-7480","pid":169732,"level":30,"msg":"Data seed successfull. ","time":"2023-09-30T06:17:11.500Z","src":{"file":"/home/ishika/Documents/thereugo-app/src/database/dbconnection.ts","line":53},"v":0}
{"name":"TUG_logs","hostname":"ishika-Latitude-7480","pid":169936,"level":30,"msg":"Database successfully connected.","time":"2023-09-30T06:17:28.599Z","src":{"file":"/home/ishika/Documents/thereugo-app/src/database/dbconnection.ts","line":46},"v":0}
{"name":"TUG_logs","hostname":"ishika-Latitude-7480","pid":169936,"level":30,"msg":"All migrations performed successfully.","time":"2023-09-30T06:17:28.645Z","src":{"file":"/home/ishika/Documents/thereugo-app/src/database/dbconnection.ts","line":50},"v":0}
{"name":"TUG_logs","hostname":"ishika-Latitude-7480","pid":169936,"level":30,"msg":"Data seed successfull. ","time":"2023-09-30T06:17:28.657Z","src":{"file":"/home/ishika/Documents/thereugo-app/src/database/dbconnection.ts","line":53},"v":0}
{"name":"TUG_logs","hostname":"ishika-Latitude-7480","pid":174601,"level":30,"msg":"Database successfully connected.","time":"2023-09-30T06:41:04.908Z","src":{"file":"/home/ishika/Documents/thereugo-app/src/database/dbconnection.ts","line":46},"v":0}
{"name":"TUG_logs","hostname":"ishika-Latitude-7480","pid":174601,"level":30,"msg":"All migrations performed successfully.","time":"2023-09-30T06:41:04.936Z","src":{"file":"/home/ishika/Documents/thereugo-app/src/database/dbconnection.ts","line":50},"v":0}
{"name":"TUG_logs","hostname":"ishika-Latitude-7480","pid":174601,"level":30,"msg":"Data seed successfull. ","time":"2023-09-30T06:41:04.946Z","src":{"file":"/home/ishika/Documents/thereugo-app/src/database/dbconnection.ts","line":53},"v":0}
{"name":"TUG_logs","hostname":"ishika-Latitude-7480","pid":175062,"level":30,"msg":"Database successfully connected.","time":"2023-09-30T06:41:44.048Z","src":{"file":"/home/ishika/Documents/thereugo-app/src/database/dbconnection.ts","line":46},"v":0}
{"name":"TUG_logs","hostname":"ishika-Latitude-7480","pid":175062,"level":30,"msg":"All migrations performed successfully.","time":"2023-09-30T06:41:44.083Z","src":{"file":"/home/ishika/Documents/thereugo-app/src/database/dbconnection.ts","line":50},"v":0}
{"name":"TUG_logs","hostname":"ishika-Latitude-7480","pid":175062,"level":30,"msg":"Data seed successfull. ","time":"2023-09-30T06:41:44.092Z","src":{"file":"/home/ishika/Documents/thereugo-app/src/database/dbconnection.ts","line":53},"v":0}
{"name":"TUG_logs","hostname":"ishika-Latitude-7480","pid":175249,"level":30,"msg":"Database successfully connected.","time":"2023-09-30T06:41:56.043Z","src":{"file":"/home/ishika/Documents/thereugo-app/src/database/dbconnection.ts","line":46},"v":0}
{"name":"TUG_logs","hostname":"ishika-Latitude-7480","pid":175249,"level":30,"msg":"All migrations performed successfully.","time":"2023-09-30T06:41:56.072Z","src":{"file":"/home/ishika/Documents/thereugo-app/src/database/dbconnection.ts","line":50},"v":0}
{"name":"TUG_logs","hostname":"ishika-Latitude-7480","pid":175249,"level":30,"msg":"Data seed successfull. ","time":"2023-09-30T06:41:56.082Z","src":{"file":"/home/ishika/Documents/thereugo-app/src/database/dbconnection.ts","line":53},"v":0}
{"name":"TUG_logs","hostname":"ishika-Latitude-7480","pid":175506,"level":30,"msg":"Database successfully connected.","time":"2023-09-30T06:42:15.182Z","src":{"file":"/home/ishika/Documents/thereugo-app/src/database/dbconnection.ts","line":46},"v":0}
{"name":"TUG_logs","hostname":"ishika-Latitude-7480","pid":175506,"level":30,"msg":"All migrations performed successfully.","time":"2023-09-30T06:42:15.214Z","src":{"file":"/home/ishika/Documents/thereugo-app/src/database/dbconnection.ts","line":50},"v":0}
{"name":"TUG_logs","hostname":"ishika-Latitude-7480","pid":175506,"level":30,"msg":"Data seed successfull. ","time":"2023-09-30T06:42:15.223Z","src":{"file":"/home/ishika/Documents/thereugo-app/src/database/dbconnection.ts","line":53},"v":0}
{"name":"TUG_logs","hostname":"ishika-Latitude-7480","pid":175696,"level":30,"msg":"Database successfully connected.","time":"2023-09-30T06:42:57.708Z","src":{"file":"/home/ishika/Documents/thereugo-app/src/database/dbconnection.ts","line":46},"v":0}
{"name":"TUG_logs","hostname":"ishika-Latitude-7480","pid":175696,"level":30,"msg":"All migrations performed successfully.","time":"2023-09-30T06:42:57.740Z","src":{"file":"/home/ishika/Documents/thereugo-app/src/database/dbconnection.ts","line":50},"v":0}
{"name":"TUG_logs","hostname":"ishika-Latitude-7480","pid":175696,"level":30,"msg":"Data seed successfull. ","time":"2023-09-30T06:42:57.752Z","src":{"file":"/home/ishika/Documents/thereugo-app/src/database/dbconnection.ts","line":53},"v":0}
{"name":"TUG_logs","hostname":"ishika-Latitude-7480","pid":176039,"level":30,"msg":"Database successfully connected.","time":"2023-09-30T06:43:24.883Z","src":{"file":"/home/ishika/Documents/thereugo-app/src/database/dbconnection.ts","line":46},"v":0}
{"name":"TUG_logs","hostname":"ishika-Latitude-7480","pid":176039,"level":30,"msg":"All migrations performed successfully.","time":"2023-09-30T06:43:24.913Z","src":{"file":"/home/ishika/Documents/thereugo-app/src/database/dbconnection.ts","line":50},"v":0}
{"name":"TUG_logs","hostname":"ishika-Latitude-7480","pid":176039,"level":30,"msg":"Data seed successfull. ","time":"2023-09-30T06:43:24.922Z","src":{"file":"/home/ishika/Documents/thereugo-app/src/database/dbconnection.ts","line":53},"v":0}
{"name":"TUG_logs","hostname":"ishika-Latitude-7480","pid":176761,"level":30,"msg":"Database successfully connected.","time":"2023-09-30T06:44:47.239Z","src":{"file":"/home/ishika/Documents/thereugo-app/src/database/dbconnection.ts","line":46},"v":0}
{"name":"TUG_logs","hostname":"ishika-Latitude-7480","pid":176761,"level":30,"msg":"All migrations performed successfully.","time":"2023-09-30T06:44:47.268Z","src":{"file":"/home/ishika/Documents/thereugo-app/src/database/dbconnection.ts","line":50},"v":0}
{"name":"TUG_logs","hostname":"ishika-Latitude-7480","pid":176761,"level":30,"msg":"Data seed successfull. ","time":"2023-09-30T06:44:47.278Z","src":{"file":"/home/ishika/Documents/thereugo-app/src/database/dbconnection.ts","line":53},"v":0}
{"name":"TUG_logs","hostname":"ishika-Latitude-7480","pid":177012,"level":30,"msg":"Database successfully connected.","time":"2023-09-30T06:45:47.822Z","src":{"file":"/home/ishika/Documents/thereugo-app/src/database/dbconnection.ts","line":46},"v":0}
{"name":"TUG_logs","hostname":"ishika-Latitude-7480","pid":177012,"level":30,"msg":"All migrations performed successfully.","time":"2023-09-30T06:45:47.851Z","src":{"file":"/home/ishika/Documents/thereugo-app/src/database/dbconnection.ts","line":50},"v":0}
{"name":"TUG_logs","hostname":"ishika-Latitude-7480","pid":177012,"level":30,"msg":"Data seed successfull. ","time":"2023-09-30T06:45:47.860Z","src":{"file":"/home/ishika/Documents/thereugo-app/src/database/dbconnection.ts","line":53},"v":0}
